ERROR - 2025-06-10 03:33:57 --> Error connecting to the database: Error: Class "SQLite3" not found in D:\TubesWebPro-main\system\Database\SQLite3\Connection.php:89
Stack trace:
#0 D:\TubesWebPro-main\system\Database\BaseConnection.php(391): CodeIgniter\Database\SQLite3\Connection->connect(false)
#1 D:\TubesWebPro-main\system\Database\SQLite3\Connection.php(59): CodeIgniter\Database\BaseConnection->initialize()
#2 D:\TubesWebPro-main\system\Test\DatabaseTestTrait.php(74): CodeIgniter\Database\SQLite3\Connection->initialize()
#3 D:\TubesWebPro-main\system\Test\DatabaseTestTrait.php(54): ExampleDatabaseTest->loadDependencies()
#4 D:\TubesWebPro-main\system\Test\CIUnitTestCase.php(248): ExampleDatabaseTest->setUpDatabase()
#5 D:\TubesWebPro-main\vendor\phpunit\phpunit\src\Framework\TestCase.php(1216): CodeIgniter\Test\CIUnitTestCase->setUp()
#6 D:\TubesWebPro-main\vendor\phpunit\phpunit\src\Framework\TestResult.php(729): PHPUnit\Framework\TestCase->runBare()
#7 D:\TubesWebPro-main\vendor\phpunit\phpunit\src\Framework\TestCase.php(973): PHPUnit\Framework\TestResult->run(Object(ExampleDatabaseTest))
#8 D:\TubesWebPro-main\vendor\phpunit\phpunit\src\Framework\TestSuite.php(685): PHPUnit\Framework\TestCase->run(Object(PHPUnit\Framework\TestResult))
#9 D:\TubesWebPro-main\vendor\phpunit\phpunit\src\TextUI\TestRunner.php(651): PHPUnit\Framework\TestSuite->run(Object(PHPUnit\Framework\TestResult))
#10 D:\TubesWebPro-main\vendor\phpunit\phpunit\src\TextUI\Command.php(146): PHPUnit\TextUI\TestRunner->run(Object(PHPUnit\Framework\TestSuite), Array, Array, true)
#11 D:\TubesWebPro-main\vendor\phpunit\phpunit\src\TextUI\Command.php(99): PHPUnit\TextUI\Command->run(Array, true)
#12 D:\TubesWebPro-main\vendor\phpunit\phpunit\phpunit(107): PHPUnit\TextUI\Command::main()
#13 D:\TubesWebPro-main\vendor\bin\phpunit(122): include('D:\\TubesWebPro-...')
#14 {main}
ERROR - 2025-06-10 03:34:02 --> Error connecting to the database: Error: Class "SQLite3" not found in D:\TubesWebPro-main\system\Database\SQLite3\Connection.php:89
Stack trace:
#0 D:\TubesWebPro-main\system\Database\BaseConnection.php(391): CodeIgniter\Database\SQLite3\Connection->connect(false)
#1 D:\TubesWebPro-main\system\Database\SQLite3\Connection.php(59): CodeIgniter\Database\BaseConnection->initialize()
#2 D:\TubesWebPro-main\system\Test\DatabaseTestTrait.php(74): CodeIgniter\Database\SQLite3\Connection->initialize()
#3 D:\TubesWebPro-main\system\Test\DatabaseTestTrait.php(54): ExampleDatabaseTest->loadDependencies()
#4 D:\TubesWebPro-main\system\Test\CIUnitTestCase.php(248): ExampleDatabaseTest->setUpDatabase()
#5 D:\TubesWebPro-main\vendor\phpunit\phpunit\src\Framework\TestCase.php(1216): CodeIgniter\Test\CIUnitTestCase->setUp()
#6 D:\TubesWebPro-main\vendor\phpunit\phpunit\src\Framework\TestResult.php(729): PHPUnit\Framework\TestCase->runBare()
#7 D:\TubesWebPro-main\vendor\phpunit\phpunit\src\Framework\TestCase.php(973): PHPUnit\Framework\TestResult->run(Object(ExampleDatabaseTest))
#8 D:\TubesWebPro-main\vendor\phpunit\phpunit\src\Framework\TestSuite.php(685): PHPUnit\Framework\TestCase->run(Object(PHPUnit\Framework\TestResult))
#9 D:\TubesWebPro-main\vendor\phpunit\phpunit\src\TextUI\TestRunner.php(651): PHPUnit\Framework\TestSuite->run(Object(PHPUnit\Framework\TestResult))
#10 D:\TubesWebPro-main\vendor\phpunit\phpunit\src\TextUI\Command.php(146): PHPUnit\TextUI\TestRunner->run(Object(PHPUnit\Framework\TestSuite), Array, Array, true)
#11 D:\TubesWebPro-main\vendor\phpunit\phpunit\src\TextUI\Command.php(99): PHPUnit\TextUI\Command->run(Array, true)
#12 D:\TubesWebPro-main\vendor\phpunit\phpunit\phpunit(107): PHPUnit\TextUI\Command::main()
#13 D:\TubesWebPro-main\vendor\bin\phpunit(122): include('D:\\TubesWebPro-...')
#14 {main}
ERROR - 2025-06-10 07:46:22 --> Error connecting to the database: Error: Class "SQLite3" not found in D:\TubesWebPro-main\system\Database\SQLite3\Connection.php:89
Stack trace:
#0 D:\TubesWebPro-main\system\Database\BaseConnection.php(391): CodeIgniter\Database\SQLite3\Connection->connect(false)
#1 D:\TubesWebPro-main\system\Database\SQLite3\Connection.php(59): CodeIgniter\Database\BaseConnection->initialize()
#2 D:\TubesWebPro-main\system\Test\DatabaseTestTrait.php(74): CodeIgniter\Database\SQLite3\Connection->initialize()
#3 D:\TubesWebPro-main\system\Test\DatabaseTestTrait.php(54): CodeIgniter\Test\CIDatabaseTestCase->loadDependencies()
#4 D:\TubesWebPro-main\system\Test\CIUnitTestCase.php(248): CodeIgniter\Test\CIDatabaseTestCase->setUpDatabase()
#5 D:\TubesWebPro-main\tests\Test_WBT\UserProfileTest.php(11): CodeIgniter\Test\CIUnitTestCase->setUp()
#6 D:\TubesWebPro-main\vendor\phpunit\phpunit\src\Framework\TestCase.php(1216): UserProfileTest->setUp()
#7 D:\TubesWebPro-main\vendor\phpunit\phpunit\src\Framework\TestResult.php(729): PHPUnit\Framework\TestCase->runBare()
#8 D:\TubesWebPro-main\vendor\phpunit\phpunit\src\Framework\TestCase.php(973): PHPUnit\Framework\TestResult->run(Object(UserProfileTest))
#9 D:\TubesWebPro-main\vendor\phpunit\phpunit\src\Framework\TestSuite.php(685): PHPUnit\Framework\TestCase->run(Object(PHPUnit\Framework\TestResult))
#10 D:\TubesWebPro-main\vendor\phpunit\phpunit\src\TextUI\TestRunner.php(651): PHPUnit\Framework\TestSuite->run(Object(PHPUnit\Framework\TestResult))
#11 D:\TubesWebPro-main\vendor\phpunit\phpunit\src\TextUI\Command.php(146): PHPUnit\TextUI\TestRunner->run(Object(PHPUnit\Framework\TestSuite), Array, Array, true)
#12 D:\TubesWebPro-main\vendor\phpunit\phpunit\src\TextUI\Command.php(99): PHPUnit\TextUI\Command->run(Array, true)
#13 D:\TubesWebPro-main\vendor\phpunit\phpunit\phpunit(107): PHPUnit\TextUI\Command::main()
#14 D:\TubesWebPro-main\vendor\bin\phpunit(122): include('D:\\TubesWebPro-...')
#15 {main}
INFO - 2025-06-10 15:11:52 --> Session: Class initialized using 'CodeIgniter\Session\Handlers\FileHandler' driver.
INFO - 2025-06-10 08:11:55 --> Session: Class initialized using 'CodeIgniter\Session\Handlers\FileHandler' driver.
