ERROR - 2025-05-19 19:07:07 --> Error connecting to the database: mysqli_sql_exception: Unknown database 'tubes_webpro' in D:\TubesWebPro-main\system\Database\MySQLi\Connection.php:173
Stack trace:
#0 D:\TubesWebPro-main\system\Database\MySQLi\Connection.php(173): mysqli->real_connect('localhost', 'root', Object(SensitiveParameterValue), 'tubes_webpro', 3306, '', 0)
#1 D:\TubesWebPro-main\system\Database\BaseConnection.php(391): CodeIgniter\Database\MySQLi\Connection->connect(false)
#2 D:\TubesWebPro-main\system\Database\BaseConnection.php(574): CodeIgniter\Database\BaseConnection->initialize()
#3 D:\TubesWebPro-main\system\Database\BaseBuilder.php(1616): CodeIgniter\Database\BaseConnection->query('SELECT *\nFROM `...', Array, false)
#4 D:\TubesWebPro-main\system\Model.php(241): CodeIgniter\Database\BaseBuilder->get()
#5 D:\TubesWebPro-main\system\BaseModel.php(618): CodeIgniter\Model->doFindAll(0, 0)
#6 D:\TubesWebPro-main\app\Controllers\Index.php(24): CodeIgniter\BaseModel->findAll()
#7 D:\TubesWebPro-main\system\CodeIgniter.php(932): App\Controllers\Index->index()
#8 D:\TubesWebPro-main\system\CodeIgniter.php(497): CodeIgniter\CodeIgniter->runController(Object(App\Controllers\Index))
#9 D:\TubesWebPro-main\system\CodeIgniter.php(366): CodeIgniter\CodeIgniter->handleRequest(NULL, Object(Config\Cache), false)
#10 D:\TubesWebPro-main\public\index.php(67): CodeIgniter\CodeIgniter->run()
#11 D:\TubesWebPro-main\system\Commands\Server\rewrite.php(47): require_once('D:\\TubesWebPro-...')
#12 {main}

Next CodeIgniter\Database\Exceptions\DatabaseException: Unknown database 'tubes_webpro' in D:\TubesWebPro-main\system\Database\MySQLi\Connection.php:218
Stack trace:
#0 D:\TubesWebPro-main\system\Database\BaseConnection.php(391): CodeIgniter\Database\MySQLi\Connection->connect(false)
#1 D:\TubesWebPro-main\system\Database\BaseConnection.php(574): CodeIgniter\Database\BaseConnection->initialize()
#2 D:\TubesWebPro-main\system\Database\BaseBuilder.php(1616): CodeIgniter\Database\BaseConnection->query('SELECT *\nFROM `...', Array, false)
#3 D:\TubesWebPro-main\system\Model.php(241): CodeIgniter\Database\BaseBuilder->get()
#4 D:\TubesWebPro-main\system\BaseModel.php(618): CodeIgniter\Model->doFindAll(0, 0)
#5 D:\TubesWebPro-main\app\Controllers\Index.php(24): CodeIgniter\BaseModel->findAll()
#6 D:\TubesWebPro-main\system\CodeIgniter.php(932): App\Controllers\Index->index()
#7 D:\TubesWebPro-main\system\CodeIgniter.php(497): CodeIgniter\CodeIgniter->runController(Object(App\Controllers\Index))
#8 D:\TubesWebPro-main\system\CodeIgniter.php(366): CodeIgniter\CodeIgniter->handleRequest(NULL, Object(Config\Cache), false)
#9 D:\TubesWebPro-main\public\index.php(67): CodeIgniter\CodeIgniter->run()
#10 D:\TubesWebPro-main\system\Commands\Server\rewrite.php(47): require_once('D:\\TubesWebPro-...')
#11 {main}
CRITICAL - 2025-05-19 19:07:07 --> Unable to connect to the database.
Main connection [MySQLi]: Unknown database 'tubes_webpro'
in SYSTEMPATH\Database\BaseConnection.php on line 427.
 1 SYSTEMPATH\Database\BaseConnection.php(574): CodeIgniter\Database\BaseConnection->initialize()
 2 SYSTEMPATH\Database\BaseBuilder.php(1616): CodeIgniter\Database\BaseConnection->query('SELECT *
FROM `ruangan`', [], false)
 3 SYSTEMPATH\Model.php(241): CodeIgniter\Database\BaseBuilder->get()
 4 SYSTEMPATH\BaseModel.php(618): CodeIgniter\Model->doFindAll(0, 0)
 5 APPPATH\Controllers\Index.php(24): CodeIgniter\BaseModel->findAll()
 6 SYSTEMPATH\CodeIgniter.php(932): App\Controllers\Index->index()
 7 SYSTEMPATH\CodeIgniter.php(497): CodeIgniter\CodeIgniter->runController(Object(App\Controllers\Index))
 8 SYSTEMPATH\CodeIgniter.php(366): CodeIgniter\CodeIgniter->handleRequest(null, Object(Config\Cache), false)
 9 FCPATH\index.php(67): CodeIgniter\CodeIgniter->run()
10 SYSTEMPATH\Commands\Server\rewrite.php(47): require_once('D:\\TubesWebPro-main\\public\\index.php')
ERROR - 2025-05-19 19:14:14 --> mysqli_sql_exception: Table 'tubes_webpro.ruangan' doesn't exist in D:\TubesWebPro-main\system\Database\MySQLi\Connection.php:295
Stack trace:
#0 D:\TubesWebPro-main\system\Database\MySQLi\Connection.php(295): mysqli->query('SELECT *\nFROM `...', 0)
#1 D:\TubesWebPro-main\system\Database\BaseConnection.php(692): CodeIgniter\Database\MySQLi\Connection->execute('SELECT *\nFROM `...')
#2 D:\TubesWebPro-main\system\Database\BaseConnection.php(606): CodeIgniter\Database\BaseConnection->simpleQuery('SELECT *\nFROM `...')
#3 D:\TubesWebPro-main\system\Database\BaseBuilder.php(1616): CodeIgniter\Database\BaseConnection->query('SELECT *\nFROM `...', Array, false)
#4 D:\TubesWebPro-main\system\Model.php(241): CodeIgniter\Database\BaseBuilder->get()
#5 D:\TubesWebPro-main\system\BaseModel.php(618): CodeIgniter\Model->doFindAll(0, 0)
#6 D:\TubesWebPro-main\app\Controllers\Index.php(24): CodeIgniter\BaseModel->findAll()
#7 D:\TubesWebPro-main\system\CodeIgniter.php(932): App\Controllers\Index->index()
#8 D:\TubesWebPro-main\system\CodeIgniter.php(497): CodeIgniter\CodeIgniter->runController(Object(App\Controllers\Index))
#9 D:\TubesWebPro-main\system\CodeIgniter.php(366): CodeIgniter\CodeIgniter->handleRequest(NULL, Object(Config\Cache), false)
#10 D:\TubesWebPro-main\public\index.php(67): CodeIgniter\CodeIgniter->run()
#11 D:\TubesWebPro-main\system\Commands\Server\rewrite.php(47): require_once('D:\\TubesWebPro-...')
#12 {main}
CRITICAL - 2025-05-19 19:14:14 --> Table 'tubes_webpro.ruangan' doesn't exist
in SYSTEMPATH\Database\MySQLi\Connection.php on line 295.
 1 SYSTEMPATH\Database\MySQLi\Connection.php(295): mysqli->query('SELECT *
FROM `ruangan`', 0)
 2 SYSTEMPATH\Database\BaseConnection.php(692): CodeIgniter\Database\MySQLi\Connection->execute('SELECT *
FROM `ruangan`')
 3 SYSTEMPATH\Database\BaseConnection.php(606): CodeIgniter\Database\BaseConnection->simpleQuery('SELECT *
FROM `ruangan`')
 4 SYSTEMPATH\Database\BaseBuilder.php(1616): CodeIgniter\Database\BaseConnection->query('SELECT *
FROM `ruangan`', [], false)
 5 SYSTEMPATH\Model.php(241): CodeIgniter\Database\BaseBuilder->get()
 6 SYSTEMPATH\BaseModel.php(618): CodeIgniter\Model->doFindAll(0, 0)
 7 APPPATH\Controllers\Index.php(24): CodeIgniter\BaseModel->findAll()
 8 SYSTEMPATH\CodeIgniter.php(932): App\Controllers\Index->index()
 9 SYSTEMPATH\CodeIgniter.php(497): CodeIgniter\CodeIgniter->runController(Object(App\Controllers\Index))
10 SYSTEMPATH\CodeIgniter.php(366): CodeIgniter\CodeIgniter->handleRequest(null, Object(Config\Cache), false)
11 FCPATH\index.php(67): CodeIgniter\CodeIgniter->run()
12 SYSTEMPATH\Commands\Server\rewrite.php(47): require_once('D:\\TubesWebPro-main\\public\\index.php')
ERROR - 2025-05-19 19:14:16 --> mysqli_sql_exception: Table 'tubes_webpro.ruangan' doesn't exist in D:\TubesWebPro-main\system\Database\MySQLi\Connection.php:295
Stack trace:
#0 D:\TubesWebPro-main\system\Database\MySQLi\Connection.php(295): mysqli->query('SELECT *\nFROM `...', 0)
#1 D:\TubesWebPro-main\system\Database\BaseConnection.php(692): CodeIgniter\Database\MySQLi\Connection->execute('SELECT *\nFROM `...')
#2 D:\TubesWebPro-main\system\Database\BaseConnection.php(606): CodeIgniter\Database\BaseConnection->simpleQuery('SELECT *\nFROM `...')
#3 D:\TubesWebPro-main\system\Database\BaseBuilder.php(1616): CodeIgniter\Database\BaseConnection->query('SELECT *\nFROM `...', Array, false)
#4 D:\TubesWebPro-main\system\Model.php(241): CodeIgniter\Database\BaseBuilder->get()
#5 D:\TubesWebPro-main\system\BaseModel.php(618): CodeIgniter\Model->doFindAll(0, 0)
#6 D:\TubesWebPro-main\app\Controllers\Index.php(24): CodeIgniter\BaseModel->findAll()
#7 D:\TubesWebPro-main\system\CodeIgniter.php(932): App\Controllers\Index->index()
#8 D:\TubesWebPro-main\system\CodeIgniter.php(497): CodeIgniter\CodeIgniter->runController(Object(App\Controllers\Index))
#9 D:\TubesWebPro-main\system\CodeIgniter.php(366): CodeIgniter\CodeIgniter->handleRequest(NULL, Object(Config\Cache), false)
#10 D:\TubesWebPro-main\public\index.php(67): CodeIgniter\CodeIgniter->run()
#11 D:\TubesWebPro-main\system\Commands\Server\rewrite.php(47): require_once('D:\\TubesWebPro-...')
#12 {main}
CRITICAL - 2025-05-19 19:14:16 --> Table 'tubes_webpro.ruangan' doesn't exist
in SYSTEMPATH\Database\MySQLi\Connection.php on line 295.
 1 SYSTEMPATH\Database\MySQLi\Connection.php(295): mysqli->query('SELECT *
FROM `ruangan`', 0)
 2 SYSTEMPATH\Database\BaseConnection.php(692): CodeIgniter\Database\MySQLi\Connection->execute('SELECT *
FROM `ruangan`')
 3 SYSTEMPATH\Database\BaseConnection.php(606): CodeIgniter\Database\BaseConnection->simpleQuery('SELECT *
FROM `ruangan`')
 4 SYSTEMPATH\Database\BaseBuilder.php(1616): CodeIgniter\Database\BaseConnection->query('SELECT *
FROM `ruangan`', [], false)
 5 SYSTEMPATH\Model.php(241): CodeIgniter\Database\BaseBuilder->get()
 6 SYSTEMPATH\BaseModel.php(618): CodeIgniter\Model->doFindAll(0, 0)
 7 APPPATH\Controllers\Index.php(24): CodeIgniter\BaseModel->findAll()
 8 SYSTEMPATH\CodeIgniter.php(932): App\Controllers\Index->index()
 9 SYSTEMPATH\CodeIgniter.php(497): CodeIgniter\CodeIgniter->runController(Object(App\Controllers\Index))
10 SYSTEMPATH\CodeIgniter.php(366): CodeIgniter\CodeIgniter->handleRequest(null, Object(Config\Cache), false)
11 FCPATH\index.php(67): CodeIgniter\CodeIgniter->run()
12 SYSTEMPATH\Commands\Server\rewrite.php(47): require_once('D:\\TubesWebPro-main\\public\\index.php')
ERROR - 2025-05-19 19:14:17 --> mysqli_sql_exception: Table 'tubes_webpro.ruangan' doesn't exist in D:\TubesWebPro-main\system\Database\MySQLi\Connection.php:295
Stack trace:
#0 D:\TubesWebPro-main\system\Database\MySQLi\Connection.php(295): mysqli->query('SELECT *\nFROM `...', 0)
#1 D:\TubesWebPro-main\system\Database\BaseConnection.php(692): CodeIgniter\Database\MySQLi\Connection->execute('SELECT *\nFROM `...')
#2 D:\TubesWebPro-main\system\Database\BaseConnection.php(606): CodeIgniter\Database\BaseConnection->simpleQuery('SELECT *\nFROM `...')
#3 D:\TubesWebPro-main\system\Database\BaseBuilder.php(1616): CodeIgniter\Database\BaseConnection->query('SELECT *\nFROM `...', Array, false)
#4 D:\TubesWebPro-main\system\Model.php(241): CodeIgniter\Database\BaseBuilder->get()
#5 D:\TubesWebPro-main\system\BaseModel.php(618): CodeIgniter\Model->doFindAll(0, 0)
#6 D:\TubesWebPro-main\app\Controllers\Index.php(24): CodeIgniter\BaseModel->findAll()
#7 D:\TubesWebPro-main\system\CodeIgniter.php(932): App\Controllers\Index->index()
#8 D:\TubesWebPro-main\system\CodeIgniter.php(497): CodeIgniter\CodeIgniter->runController(Object(App\Controllers\Index))
#9 D:\TubesWebPro-main\system\CodeIgniter.php(366): CodeIgniter\CodeIgniter->handleRequest(NULL, Object(Config\Cache), false)
#10 D:\TubesWebPro-main\public\index.php(67): CodeIgniter\CodeIgniter->run()
#11 D:\TubesWebPro-main\system\Commands\Server\rewrite.php(47): require_once('D:\\TubesWebPro-...')
#12 {main}
CRITICAL - 2025-05-19 19:14:17 --> Table 'tubes_webpro.ruangan' doesn't exist
in SYSTEMPATH\Database\MySQLi\Connection.php on line 295.
 1 SYSTEMPATH\Database\MySQLi\Connection.php(295): mysqli->query('SELECT *
FROM `ruangan`', 0)
 2 SYSTEMPATH\Database\BaseConnection.php(692): CodeIgniter\Database\MySQLi\Connection->execute('SELECT *
FROM `ruangan`')
 3 SYSTEMPATH\Database\BaseConnection.php(606): CodeIgniter\Database\BaseConnection->simpleQuery('SELECT *
FROM `ruangan`')
 4 SYSTEMPATH\Database\BaseBuilder.php(1616): CodeIgniter\Database\BaseConnection->query('SELECT *
FROM `ruangan`', [], false)
 5 SYSTEMPATH\Model.php(241): CodeIgniter\Database\BaseBuilder->get()
 6 SYSTEMPATH\BaseModel.php(618): CodeIgniter\Model->doFindAll(0, 0)
 7 APPPATH\Controllers\Index.php(24): CodeIgniter\BaseModel->findAll()
 8 SYSTEMPATH\CodeIgniter.php(932): App\Controllers\Index->index()
 9 SYSTEMPATH\CodeIgniter.php(497): CodeIgniter\CodeIgniter->runController(Object(App\Controllers\Index))
10 SYSTEMPATH\CodeIgniter.php(366): CodeIgniter\CodeIgniter->handleRequest(null, Object(Config\Cache), false)
11 FCPATH\index.php(67): CodeIgniter\CodeIgniter->run()
12 SYSTEMPATH\Commands\Server\rewrite.php(47): require_once('D:\\TubesWebPro-main\\public\\index.php')
ERROR - 2025-05-19 19:14:17 --> mysqli_sql_exception: Table 'tubes_webpro.ruangan' doesn't exist in D:\TubesWebPro-main\system\Database\MySQLi\Connection.php:295
Stack trace:
#0 D:\TubesWebPro-main\system\Database\MySQLi\Connection.php(295): mysqli->query('SELECT *\nFROM `...', 0)
#1 D:\TubesWebPro-main\system\Database\BaseConnection.php(692): CodeIgniter\Database\MySQLi\Connection->execute('SELECT *\nFROM `...')
#2 D:\TubesWebPro-main\system\Database\BaseConnection.php(606): CodeIgniter\Database\BaseConnection->simpleQuery('SELECT *\nFROM `...')
#3 D:\TubesWebPro-main\system\Database\BaseBuilder.php(1616): CodeIgniter\Database\BaseConnection->query('SELECT *\nFROM `...', Array, false)
#4 D:\TubesWebPro-main\system\Model.php(241): CodeIgniter\Database\BaseBuilder->get()
#5 D:\TubesWebPro-main\system\BaseModel.php(618): CodeIgniter\Model->doFindAll(0, 0)
#6 D:\TubesWebPro-main\app\Controllers\Index.php(24): CodeIgniter\BaseModel->findAll()
#7 D:\TubesWebPro-main\system\CodeIgniter.php(932): App\Controllers\Index->index()
#8 D:\TubesWebPro-main\system\CodeIgniter.php(497): CodeIgniter\CodeIgniter->runController(Object(App\Controllers\Index))
#9 D:\TubesWebPro-main\system\CodeIgniter.php(366): CodeIgniter\CodeIgniter->handleRequest(NULL, Object(Config\Cache), false)
#10 D:\TubesWebPro-main\public\index.php(67): CodeIgniter\CodeIgniter->run()
#11 D:\TubesWebPro-main\system\Commands\Server\rewrite.php(47): require_once('D:\\TubesWebPro-...')
#12 {main}
CRITICAL - 2025-05-19 19:14:17 --> Table 'tubes_webpro.ruangan' doesn't exist
in SYSTEMPATH\Database\MySQLi\Connection.php on line 295.
 1 SYSTEMPATH\Database\MySQLi\Connection.php(295): mysqli->query('SELECT *
FROM `ruangan`', 0)
 2 SYSTEMPATH\Database\BaseConnection.php(692): CodeIgniter\Database\MySQLi\Connection->execute('SELECT *
FROM `ruangan`')
 3 SYSTEMPATH\Database\BaseConnection.php(606): CodeIgniter\Database\BaseConnection->simpleQuery('SELECT *
FROM `ruangan`')
 4 SYSTEMPATH\Database\BaseBuilder.php(1616): CodeIgniter\Database\BaseConnection->query('SELECT *
FROM `ruangan`', [], false)
 5 SYSTEMPATH\Model.php(241): CodeIgniter\Database\BaseBuilder->get()
 6 SYSTEMPATH\BaseModel.php(618): CodeIgniter\Model->doFindAll(0, 0)
 7 APPPATH\Controllers\Index.php(24): CodeIgniter\BaseModel->findAll()
 8 SYSTEMPATH\CodeIgniter.php(932): App\Controllers\Index->index()
 9 SYSTEMPATH\CodeIgniter.php(497): CodeIgniter\CodeIgniter->runController(Object(App\Controllers\Index))
10 SYSTEMPATH\CodeIgniter.php(366): CodeIgniter\CodeIgniter->handleRequest(null, Object(Config\Cache), false)
11 FCPATH\index.php(67): CodeIgniter\CodeIgniter->run()
12 SYSTEMPATH\Commands\Server\rewrite.php(47): require_once('D:\\TubesWebPro-main\\public\\index.php')
ERROR - 2025-05-19 19:14:17 --> mysqli_sql_exception: Table 'tubes_webpro.ruangan' doesn't exist in D:\TubesWebPro-main\system\Database\MySQLi\Connection.php:295
Stack trace:
#0 D:\TubesWebPro-main\system\Database\MySQLi\Connection.php(295): mysqli->query('SELECT *\nFROM `...', 0)
#1 D:\TubesWebPro-main\system\Database\BaseConnection.php(692): CodeIgniter\Database\MySQLi\Connection->execute('SELECT *\nFROM `...')
#2 D:\TubesWebPro-main\system\Database\BaseConnection.php(606): CodeIgniter\Database\BaseConnection->simpleQuery('SELECT *\nFROM `...')
#3 D:\TubesWebPro-main\system\Database\BaseBuilder.php(1616): CodeIgniter\Database\BaseConnection->query('SELECT *\nFROM `...', Array, false)
#4 D:\TubesWebPro-main\system\Model.php(241): CodeIgniter\Database\BaseBuilder->get()
#5 D:\TubesWebPro-main\system\BaseModel.php(618): CodeIgniter\Model->doFindAll(0, 0)
#6 D:\TubesWebPro-main\app\Controllers\Index.php(24): CodeIgniter\BaseModel->findAll()
#7 D:\TubesWebPro-main\system\CodeIgniter.php(932): App\Controllers\Index->index()
#8 D:\TubesWebPro-main\system\CodeIgniter.php(497): CodeIgniter\CodeIgniter->runController(Object(App\Controllers\Index))
#9 D:\TubesWebPro-main\system\CodeIgniter.php(366): CodeIgniter\CodeIgniter->handleRequest(NULL, Object(Config\Cache), false)
#10 D:\TubesWebPro-main\public\index.php(67): CodeIgniter\CodeIgniter->run()
#11 D:\TubesWebPro-main\system\Commands\Server\rewrite.php(47): require_once('D:\\TubesWebPro-...')
#12 {main}
CRITICAL - 2025-05-19 19:14:17 --> Table 'tubes_webpro.ruangan' doesn't exist
in SYSTEMPATH\Database\MySQLi\Connection.php on line 295.
 1 SYSTEMPATH\Database\MySQLi\Connection.php(295): mysqli->query('SELECT *
FROM `ruangan`', 0)
 2 SYSTEMPATH\Database\BaseConnection.php(692): CodeIgniter\Database\MySQLi\Connection->execute('SELECT *
FROM `ruangan`')
 3 SYSTEMPATH\Database\BaseConnection.php(606): CodeIgniter\Database\BaseConnection->simpleQuery('SELECT *
FROM `ruangan`')
 4 SYSTEMPATH\Database\BaseBuilder.php(1616): CodeIgniter\Database\BaseConnection->query('SELECT *
FROM `ruangan`', [], false)
 5 SYSTEMPATH\Model.php(241): CodeIgniter\Database\BaseBuilder->get()
 6 SYSTEMPATH\BaseModel.php(618): CodeIgniter\Model->doFindAll(0, 0)
 7 APPPATH\Controllers\Index.php(24): CodeIgniter\BaseModel->findAll()
 8 SYSTEMPATH\CodeIgniter.php(932): App\Controllers\Index->index()
 9 SYSTEMPATH\CodeIgniter.php(497): CodeIgniter\CodeIgniter->runController(Object(App\Controllers\Index))
10 SYSTEMPATH\CodeIgniter.php(366): CodeIgniter\CodeIgniter->handleRequest(null, Object(Config\Cache), false)
11 FCPATH\index.php(67): CodeIgniter\CodeIgniter->run()
12 SYSTEMPATH\Commands\Server\rewrite.php(47): require_once('D:\\TubesWebPro-main\\public\\index.php')
ERROR - 2025-05-19 19:14:18 --> mysqli_sql_exception: Table 'tubes_webpro.ruangan' doesn't exist in D:\TubesWebPro-main\system\Database\MySQLi\Connection.php:295
Stack trace:
#0 D:\TubesWebPro-main\system\Database\MySQLi\Connection.php(295): mysqli->query('SELECT *\nFROM `...', 0)
#1 D:\TubesWebPro-main\system\Database\BaseConnection.php(692): CodeIgniter\Database\MySQLi\Connection->execute('SELECT *\nFROM `...')
#2 D:\TubesWebPro-main\system\Database\BaseConnection.php(606): CodeIgniter\Database\BaseConnection->simpleQuery('SELECT *\nFROM `...')
#3 D:\TubesWebPro-main\system\Database\BaseBuilder.php(1616): CodeIgniter\Database\BaseConnection->query('SELECT *\nFROM `...', Array, false)
#4 D:\TubesWebPro-main\system\Model.php(241): CodeIgniter\Database\BaseBuilder->get()
#5 D:\TubesWebPro-main\system\BaseModel.php(618): CodeIgniter\Model->doFindAll(0, 0)
#6 D:\TubesWebPro-main\app\Controllers\Index.php(24): CodeIgniter\BaseModel->findAll()
#7 D:\TubesWebPro-main\system\CodeIgniter.php(932): App\Controllers\Index->index()
#8 D:\TubesWebPro-main\system\CodeIgniter.php(497): CodeIgniter\CodeIgniter->runController(Object(App\Controllers\Index))
#9 D:\TubesWebPro-main\system\CodeIgniter.php(366): CodeIgniter\CodeIgniter->handleRequest(NULL, Object(Config\Cache), false)
#10 D:\TubesWebPro-main\public\index.php(67): CodeIgniter\CodeIgniter->run()
#11 D:\TubesWebPro-main\system\Commands\Server\rewrite.php(47): require_once('D:\\TubesWebPro-...')
#12 {main}
CRITICAL - 2025-05-19 19:14:18 --> Table 'tubes_webpro.ruangan' doesn't exist
in SYSTEMPATH\Database\MySQLi\Connection.php on line 295.
 1 SYSTEMPATH\Database\MySQLi\Connection.php(295): mysqli->query('SELECT *
FROM `ruangan`', 0)
 2 SYSTEMPATH\Database\BaseConnection.php(692): CodeIgniter\Database\MySQLi\Connection->execute('SELECT *
FROM `ruangan`')
 3 SYSTEMPATH\Database\BaseConnection.php(606): CodeIgniter\Database\BaseConnection->simpleQuery('SELECT *
FROM `ruangan`')
 4 SYSTEMPATH\Database\BaseBuilder.php(1616): CodeIgniter\Database\BaseConnection->query('SELECT *
FROM `ruangan`', [], false)
 5 SYSTEMPATH\Model.php(241): CodeIgniter\Database\BaseBuilder->get()
 6 SYSTEMPATH\BaseModel.php(618): CodeIgniter\Model->doFindAll(0, 0)
 7 APPPATH\Controllers\Index.php(24): CodeIgniter\BaseModel->findAll()
 8 SYSTEMPATH\CodeIgniter.php(932): App\Controllers\Index->index()
 9 SYSTEMPATH\CodeIgniter.php(497): CodeIgniter\CodeIgniter->runController(Object(App\Controllers\Index))
10 SYSTEMPATH\CodeIgniter.php(366): CodeIgniter\CodeIgniter->handleRequest(null, Object(Config\Cache), false)
11 FCPATH\index.php(67): CodeIgniter\CodeIgniter->run()
12 SYSTEMPATH\Commands\Server\rewrite.php(47): require_once('D:\\TubesWebPro-main\\public\\index.php')
ERROR - 2025-05-19 19:17:40 --> mysqli_sql_exception: Table 'tubes_webpro.ruangan' doesn't exist in D:\TubesWebPro-main\system\Database\MySQLi\Connection.php:295
Stack trace:
#0 D:\TubesWebPro-main\system\Database\MySQLi\Connection.php(295): mysqli->query('SELECT *\nFROM `...', 0)
#1 D:\TubesWebPro-main\system\Database\BaseConnection.php(692): CodeIgniter\Database\MySQLi\Connection->execute('SELECT *\nFROM `...')
#2 D:\TubesWebPro-main\system\Database\BaseConnection.php(606): CodeIgniter\Database\BaseConnection->simpleQuery('SELECT *\nFROM `...')
#3 D:\TubesWebPro-main\system\Database\BaseBuilder.php(1616): CodeIgniter\Database\BaseConnection->query('SELECT *\nFROM `...', Array, false)
#4 D:\TubesWebPro-main\system\Model.php(241): CodeIgniter\Database\BaseBuilder->get()
#5 D:\TubesWebPro-main\system\BaseModel.php(618): CodeIgniter\Model->doFindAll(0, 0)
#6 D:\TubesWebPro-main\app\Controllers\Index.php(24): CodeIgniter\BaseModel->findAll()
#7 D:\TubesWebPro-main\system\CodeIgniter.php(932): App\Controllers\Index->index()
#8 D:\TubesWebPro-main\system\CodeIgniter.php(497): CodeIgniter\CodeIgniter->runController(Object(App\Controllers\Index))
#9 D:\TubesWebPro-main\system\CodeIgniter.php(366): CodeIgniter\CodeIgniter->handleRequest(NULL, Object(Config\Cache), false)
#10 D:\TubesWebPro-main\public\index.php(67): CodeIgniter\CodeIgniter->run()
#11 D:\TubesWebPro-main\system\Commands\Server\rewrite.php(47): require_once('D:\\TubesWebPro-...')
#12 {main}
CRITICAL - 2025-05-19 19:17:40 --> Table 'tubes_webpro.ruangan' doesn't exist
in SYSTEMPATH\Database\MySQLi\Connection.php on line 295.
 1 SYSTEMPATH\Database\MySQLi\Connection.php(295): mysqli->query('SELECT *
FROM `ruangan`', 0)
 2 SYSTEMPATH\Database\BaseConnection.php(692): CodeIgniter\Database\MySQLi\Connection->execute('SELECT *
FROM `ruangan`')
 3 SYSTEMPATH\Database\BaseConnection.php(606): CodeIgniter\Database\BaseConnection->simpleQuery('SELECT *
FROM `ruangan`')
 4 SYSTEMPATH\Database\BaseBuilder.php(1616): CodeIgniter\Database\BaseConnection->query('SELECT *
FROM `ruangan`', [], false)
 5 SYSTEMPATH\Model.php(241): CodeIgniter\Database\BaseBuilder->get()
 6 SYSTEMPATH\BaseModel.php(618): CodeIgniter\Model->doFindAll(0, 0)
 7 APPPATH\Controllers\Index.php(24): CodeIgniter\BaseModel->findAll()
 8 SYSTEMPATH\CodeIgniter.php(932): App\Controllers\Index->index()
 9 SYSTEMPATH\CodeIgniter.php(497): CodeIgniter\CodeIgniter->runController(Object(App\Controllers\Index))
10 SYSTEMPATH\CodeIgniter.php(366): CodeIgniter\CodeIgniter->handleRequest(null, Object(Config\Cache), false)
11 FCPATH\index.php(67): CodeIgniter\CodeIgniter->run()
12 SYSTEMPATH\Commands\Server\rewrite.php(47): require_once('D:\\TubesWebPro-main\\public\\index.php')
ERROR - 2025-05-19 19:17:57 --> mysqli_sql_exception: Table 'tubes_webpro.ruangan' doesn't exist in D:\TubesWebPro-main\system\Database\MySQLi\Connection.php:295
Stack trace:
#0 D:\TubesWebPro-main\system\Database\MySQLi\Connection.php(295): mysqli->query('SELECT *\nFROM `...', 0)
#1 D:\TubesWebPro-main\system\Database\BaseConnection.php(692): CodeIgniter\Database\MySQLi\Connection->execute('SELECT *\nFROM `...')
#2 D:\TubesWebPro-main\system\Database\BaseConnection.php(606): CodeIgniter\Database\BaseConnection->simpleQuery('SELECT *\nFROM `...')
#3 D:\TubesWebPro-main\system\Database\BaseBuilder.php(1616): CodeIgniter\Database\BaseConnection->query('SELECT *\nFROM `...', Array, false)
#4 D:\TubesWebPro-main\system\Model.php(241): CodeIgniter\Database\BaseBuilder->get()
#5 D:\TubesWebPro-main\system\BaseModel.php(618): CodeIgniter\Model->doFindAll(0, 0)
#6 D:\TubesWebPro-main\app\Controllers\Index.php(24): CodeIgniter\BaseModel->findAll()
#7 D:\TubesWebPro-main\system\CodeIgniter.php(932): App\Controllers\Index->index()
#8 D:\TubesWebPro-main\system\CodeIgniter.php(497): CodeIgniter\CodeIgniter->runController(Object(App\Controllers\Index))
#9 D:\TubesWebPro-main\system\CodeIgniter.php(366): CodeIgniter\CodeIgniter->handleRequest(NULL, Object(Config\Cache), false)
#10 D:\TubesWebPro-main\public\index.php(67): CodeIgniter\CodeIgniter->run()
#11 D:\TubesWebPro-main\system\Commands\Server\rewrite.php(47): require_once('D:\\TubesWebPro-...')
#12 {main}
CRITICAL - 2025-05-19 19:17:57 --> Table 'tubes_webpro.ruangan' doesn't exist
in SYSTEMPATH\Database\MySQLi\Connection.php on line 295.
 1 SYSTEMPATH\Database\MySQLi\Connection.php(295): mysqli->query('SELECT *
FROM `ruangan`', 0)
 2 SYSTEMPATH\Database\BaseConnection.php(692): CodeIgniter\Database\MySQLi\Connection->execute('SELECT *
FROM `ruangan`')
 3 SYSTEMPATH\Database\BaseConnection.php(606): CodeIgniter\Database\BaseConnection->simpleQuery('SELECT *
FROM `ruangan`')
 4 SYSTEMPATH\Database\BaseBuilder.php(1616): CodeIgniter\Database\BaseConnection->query('SELECT *
FROM `ruangan`', [], false)
 5 SYSTEMPATH\Model.php(241): CodeIgniter\Database\BaseBuilder->get()
 6 SYSTEMPATH\BaseModel.php(618): CodeIgniter\Model->doFindAll(0, 0)
 7 APPPATH\Controllers\Index.php(24): CodeIgniter\BaseModel->findAll()
 8 SYSTEMPATH\CodeIgniter.php(932): App\Controllers\Index->index()
 9 SYSTEMPATH\CodeIgniter.php(497): CodeIgniter\CodeIgniter->runController(Object(App\Controllers\Index))
10 SYSTEMPATH\CodeIgniter.php(366): CodeIgniter\CodeIgniter->handleRequest(null, Object(Config\Cache), false)
11 FCPATH\index.php(67): CodeIgniter\CodeIgniter->run()
12 SYSTEMPATH\Commands\Server\rewrite.php(47): require_once('D:\\TubesWebPro-main\\public\\index.php')
ERROR - 2025-05-19 19:21:32 --> mysqli_sql_exception: Table 'tubes_webpro.ruangan' doesn't exist in D:\TubesWebPro-main\system\Database\MySQLi\Connection.php:295
Stack trace:
#0 D:\TubesWebPro-main\system\Database\MySQLi\Connection.php(295): mysqli->query('SELECT *\nFROM `...', 0)
#1 D:\TubesWebPro-main\system\Database\BaseConnection.php(692): CodeIgniter\Database\MySQLi\Connection->execute('SELECT *\nFROM `...')
#2 D:\TubesWebPro-main\system\Database\BaseConnection.php(606): CodeIgniter\Database\BaseConnection->simpleQuery('SELECT *\nFROM `...')
#3 D:\TubesWebPro-main\system\Database\BaseBuilder.php(1616): CodeIgniter\Database\BaseConnection->query('SELECT *\nFROM `...', Array, false)
#4 D:\TubesWebPro-main\system\Model.php(241): CodeIgniter\Database\BaseBuilder->get()
#5 D:\TubesWebPro-main\system\BaseModel.php(618): CodeIgniter\Model->doFindAll(0, 0)
#6 D:\TubesWebPro-main\app\Controllers\Index.php(24): CodeIgniter\BaseModel->findAll()
#7 D:\TubesWebPro-main\system\CodeIgniter.php(932): App\Controllers\Index->index()
#8 D:\TubesWebPro-main\system\CodeIgniter.php(497): CodeIgniter\CodeIgniter->runController(Object(App\Controllers\Index))
#9 D:\TubesWebPro-main\system\CodeIgniter.php(366): CodeIgniter\CodeIgniter->handleRequest(NULL, Object(Config\Cache), false)
#10 D:\TubesWebPro-main\public\index.php(67): CodeIgniter\CodeIgniter->run()
#11 D:\TubesWebPro-main\system\Commands\Server\rewrite.php(47): require_once('D:\\TubesWebPro-...')
#12 {main}
CRITICAL - 2025-05-19 19:21:32 --> Table 'tubes_webpro.ruangan' doesn't exist
in SYSTEMPATH\Database\MySQLi\Connection.php on line 295.
 1 SYSTEMPATH\Database\MySQLi\Connection.php(295): mysqli->query('SELECT *
FROM `ruangan`', 0)
 2 SYSTEMPATH\Database\BaseConnection.php(692): CodeIgniter\Database\MySQLi\Connection->execute('SELECT *
FROM `ruangan`')
 3 SYSTEMPATH\Database\BaseConnection.php(606): CodeIgniter\Database\BaseConnection->simpleQuery('SELECT *
FROM `ruangan`')
 4 SYSTEMPATH\Database\BaseBuilder.php(1616): CodeIgniter\Database\BaseConnection->query('SELECT *
FROM `ruangan`', [], false)
 5 SYSTEMPATH\Model.php(241): CodeIgniter\Database\BaseBuilder->get()
 6 SYSTEMPATH\BaseModel.php(618): CodeIgniter\Model->doFindAll(0, 0)
 7 APPPATH\Controllers\Index.php(24): CodeIgniter\BaseModel->findAll()
 8 SYSTEMPATH\CodeIgniter.php(932): App\Controllers\Index->index()
 9 SYSTEMPATH\CodeIgniter.php(497): CodeIgniter\CodeIgniter->runController(Object(App\Controllers\Index))
10 SYSTEMPATH\CodeIgniter.php(366): CodeIgniter\CodeIgniter->handleRequest(null, Object(Config\Cache), false)
11 FCPATH\index.php(67): CodeIgniter\CodeIgniter->run()
12 SYSTEMPATH\Commands\Server\rewrite.php(47): require_once('D:\\TubesWebPro-main\\public\\index.php')
ERROR - 2025-05-19 19:21:37 --> mysqli_sql_exception: Table 'tubes_webpro.ruangan' doesn't exist in D:\TubesWebPro-main\system\Database\MySQLi\Connection.php:295
Stack trace:
#0 D:\TubesWebPro-main\system\Database\MySQLi\Connection.php(295): mysqli->query('SELECT *\nFROM `...', 0)
#1 D:\TubesWebPro-main\system\Database\BaseConnection.php(692): CodeIgniter\Database\MySQLi\Connection->execute('SELECT *\nFROM `...')
#2 D:\TubesWebPro-main\system\Database\BaseConnection.php(606): CodeIgniter\Database\BaseConnection->simpleQuery('SELECT *\nFROM `...')
#3 D:\TubesWebPro-main\system\Database\BaseBuilder.php(1616): CodeIgniter\Database\BaseConnection->query('SELECT *\nFROM `...', Array, false)
#4 D:\TubesWebPro-main\system\Model.php(241): CodeIgniter\Database\BaseBuilder->get()
#5 D:\TubesWebPro-main\system\BaseModel.php(618): CodeIgniter\Model->doFindAll(0, 0)
#6 D:\TubesWebPro-main\app\Controllers\Index.php(24): CodeIgniter\BaseModel->findAll()
#7 D:\TubesWebPro-main\system\CodeIgniter.php(932): App\Controllers\Index->index()
#8 D:\TubesWebPro-main\system\CodeIgniter.php(497): CodeIgniter\CodeIgniter->runController(Object(App\Controllers\Index))
#9 D:\TubesWebPro-main\system\CodeIgniter.php(366): CodeIgniter\CodeIgniter->handleRequest(NULL, Object(Config\Cache), false)
#10 D:\TubesWebPro-main\public\index.php(67): CodeIgniter\CodeIgniter->run()
#11 D:\TubesWebPro-main\system\Commands\Server\rewrite.php(47): require_once('D:\\TubesWebPro-...')
#12 {main}
CRITICAL - 2025-05-19 19:21:37 --> Table 'tubes_webpro.ruangan' doesn't exist
in SYSTEMPATH\Database\MySQLi\Connection.php on line 295.
 1 SYSTEMPATH\Database\MySQLi\Connection.php(295): mysqli->query('SELECT *
FROM `ruangan`', 0)
 2 SYSTEMPATH\Database\BaseConnection.php(692): CodeIgniter\Database\MySQLi\Connection->execute('SELECT *
FROM `ruangan`')
 3 SYSTEMPATH\Database\BaseConnection.php(606): CodeIgniter\Database\BaseConnection->simpleQuery('SELECT *
FROM `ruangan`')
 4 SYSTEMPATH\Database\BaseBuilder.php(1616): CodeIgniter\Database\BaseConnection->query('SELECT *
FROM `ruangan`', [], false)
 5 SYSTEMPATH\Model.php(241): CodeIgniter\Database\BaseBuilder->get()
 6 SYSTEMPATH\BaseModel.php(618): CodeIgniter\Model->doFindAll(0, 0)
 7 APPPATH\Controllers\Index.php(24): CodeIgniter\BaseModel->findAll()
 8 SYSTEMPATH\CodeIgniter.php(932): App\Controllers\Index->index()
 9 SYSTEMPATH\CodeIgniter.php(497): CodeIgniter\CodeIgniter->runController(Object(App\Controllers\Index))
10 SYSTEMPATH\CodeIgniter.php(366): CodeIgniter\CodeIgniter->handleRequest(null, Object(Config\Cache), false)
11 FCPATH\index.php(67): CodeIgniter\CodeIgniter->run()
12 SYSTEMPATH\Commands\Server\rewrite.php(47): require_once('D:\\TubesWebPro-main\\public\\index.php')
ERROR - 2025-05-19 19:36:43 --> mysqli_sql_exception: Table 'tubes_webpro.ruangan' doesn't exist in D:\TubesWebPro-main\system\Database\MySQLi\Connection.php:295
Stack trace:
#0 D:\TubesWebPro-main\system\Database\MySQLi\Connection.php(295): mysqli->query('SELECT *\nFROM `...', 0)
#1 D:\TubesWebPro-main\system\Database\BaseConnection.php(692): CodeIgniter\Database\MySQLi\Connection->execute('SELECT *\nFROM `...')
#2 D:\TubesWebPro-main\system\Database\BaseConnection.php(606): CodeIgniter\Database\BaseConnection->simpleQuery('SELECT *\nFROM `...')
#3 D:\TubesWebPro-main\system\Database\BaseBuilder.php(1616): CodeIgniter\Database\BaseConnection->query('SELECT *\nFROM `...', Array, false)
#4 D:\TubesWebPro-main\system\Model.php(241): CodeIgniter\Database\BaseBuilder->get()
#5 D:\TubesWebPro-main\system\BaseModel.php(618): CodeIgniter\Model->doFindAll(0, 0)
#6 D:\TubesWebPro-main\app\Controllers\Index.php(24): CodeIgniter\BaseModel->findAll()
#7 D:\TubesWebPro-main\system\CodeIgniter.php(932): App\Controllers\Index->index()
#8 D:\TubesWebPro-main\system\CodeIgniter.php(497): CodeIgniter\CodeIgniter->runController(Object(App\Controllers\Index))
#9 D:\TubesWebPro-main\system\CodeIgniter.php(366): CodeIgniter\CodeIgniter->handleRequest(NULL, Object(Config\Cache), false)
#10 D:\TubesWebPro-main\public\index.php(67): CodeIgniter\CodeIgniter->run()
#11 D:\TubesWebPro-main\system\Commands\Server\rewrite.php(47): require_once('D:\\TubesWebPro-...')
#12 {main}
CRITICAL - 2025-05-19 19:36:43 --> Table 'tubes_webpro.ruangan' doesn't exist
in SYSTEMPATH\Database\MySQLi\Connection.php on line 295.
 1 SYSTEMPATH\Database\MySQLi\Connection.php(295): mysqli->query('SELECT *
FROM `ruangan`', 0)
 2 SYSTEMPATH\Database\BaseConnection.php(692): CodeIgniter\Database\MySQLi\Connection->execute('SELECT *
FROM `ruangan`')
 3 SYSTEMPATH\Database\BaseConnection.php(606): CodeIgniter\Database\BaseConnection->simpleQuery('SELECT *
FROM `ruangan`')
 4 SYSTEMPATH\Database\BaseBuilder.php(1616): CodeIgniter\Database\BaseConnection->query('SELECT *
FROM `ruangan`', [], false)
 5 SYSTEMPATH\Model.php(241): CodeIgniter\Database\BaseBuilder->get()
 6 SYSTEMPATH\BaseModel.php(618): CodeIgniter\Model->doFindAll(0, 0)
 7 APPPATH\Controllers\Index.php(24): CodeIgniter\BaseModel->findAll()
 8 SYSTEMPATH\CodeIgniter.php(932): App\Controllers\Index->index()
 9 SYSTEMPATH\CodeIgniter.php(497): CodeIgniter\CodeIgniter->runController(Object(App\Controllers\Index))
10 SYSTEMPATH\CodeIgniter.php(366): CodeIgniter\CodeIgniter->handleRequest(null, Object(Config\Cache), false)
11 FCPATH\index.php(67): CodeIgniter\CodeIgniter->run()
12 SYSTEMPATH\Commands\Server\rewrite.php(47): require_once('D:\\TubesWebPro-main\\public\\index.php')
ERROR - 2025-05-19 19:36:46 --> mysqli_sql_exception: Table 'tubes_webpro.ruangan' doesn't exist in D:\TubesWebPro-main\system\Database\MySQLi\Connection.php:295
Stack trace:
#0 D:\TubesWebPro-main\system\Database\MySQLi\Connection.php(295): mysqli->query('SELECT *\nFROM `...', 0)
#1 D:\TubesWebPro-main\system\Database\BaseConnection.php(692): CodeIgniter\Database\MySQLi\Connection->execute('SELECT *\nFROM `...')
#2 D:\TubesWebPro-main\system\Database\BaseConnection.php(606): CodeIgniter\Database\BaseConnection->simpleQuery('SELECT *\nFROM `...')
#3 D:\TubesWebPro-main\system\Database\BaseBuilder.php(1616): CodeIgniter\Database\BaseConnection->query('SELECT *\nFROM `...', Array, false)
#4 D:\TubesWebPro-main\system\Model.php(241): CodeIgniter\Database\BaseBuilder->get()
#5 D:\TubesWebPro-main\system\BaseModel.php(618): CodeIgniter\Model->doFindAll(0, 0)
#6 D:\TubesWebPro-main\app\Controllers\Index.php(24): CodeIgniter\BaseModel->findAll()
#7 D:\TubesWebPro-main\system\CodeIgniter.php(932): App\Controllers\Index->index()
#8 D:\TubesWebPro-main\system\CodeIgniter.php(497): CodeIgniter\CodeIgniter->runController(Object(App\Controllers\Index))
#9 D:\TubesWebPro-main\system\CodeIgniter.php(366): CodeIgniter\CodeIgniter->handleRequest(NULL, Object(Config\Cache), false)
#10 D:\TubesWebPro-main\public\index.php(67): CodeIgniter\CodeIgniter->run()
#11 D:\TubesWebPro-main\system\Commands\Server\rewrite.php(47): require_once('D:\\TubesWebPro-...')
#12 {main}
CRITICAL - 2025-05-19 19:36:46 --> Table 'tubes_webpro.ruangan' doesn't exist
in SYSTEMPATH\Database\MySQLi\Connection.php on line 295.
 1 SYSTEMPATH\Database\MySQLi\Connection.php(295): mysqli->query('SELECT *
FROM `ruangan`', 0)
 2 SYSTEMPATH\Database\BaseConnection.php(692): CodeIgniter\Database\MySQLi\Connection->execute('SELECT *
FROM `ruangan`')
 3 SYSTEMPATH\Database\BaseConnection.php(606): CodeIgniter\Database\BaseConnection->simpleQuery('SELECT *
FROM `ruangan`')
 4 SYSTEMPATH\Database\BaseBuilder.php(1616): CodeIgniter\Database\BaseConnection->query('SELECT *
FROM `ruangan`', [], false)
 5 SYSTEMPATH\Model.php(241): CodeIgniter\Database\BaseBuilder->get()
 6 SYSTEMPATH\BaseModel.php(618): CodeIgniter\Model->doFindAll(0, 0)
 7 APPPATH\Controllers\Index.php(24): CodeIgniter\BaseModel->findAll()
 8 SYSTEMPATH\CodeIgniter.php(932): App\Controllers\Index->index()
 9 SYSTEMPATH\CodeIgniter.php(497): CodeIgniter\CodeIgniter->runController(Object(App\Controllers\Index))
10 SYSTEMPATH\CodeIgniter.php(366): CodeIgniter\CodeIgniter->handleRequest(null, Object(Config\Cache), false)
11 FCPATH\index.php(67): CodeIgniter\CodeIgniter->run()
12 SYSTEMPATH\Commands\Server\rewrite.php(47): require_once('D:\\TubesWebPro-main\\public\\index.php')
ERROR - 2025-05-19 20:24:24 --> mysqli_sql_exception: Table 'tubes_webpro.ruangan' doesn't exist in D:\TubesWebPro-main\system\Database\MySQLi\Connection.php:295
Stack trace:
#0 D:\TubesWebPro-main\system\Database\MySQLi\Connection.php(295): mysqli->query('SELECT *\nFROM `...', 0)
#1 D:\TubesWebPro-main\system\Database\BaseConnection.php(692): CodeIgniter\Database\MySQLi\Connection->execute('SELECT *\nFROM `...')
#2 D:\TubesWebPro-main\system\Database\BaseConnection.php(606): CodeIgniter\Database\BaseConnection->simpleQuery('SELECT *\nFROM `...')
#3 D:\TubesWebPro-main\system\Database\BaseBuilder.php(1616): CodeIgniter\Database\BaseConnection->query('SELECT *\nFROM `...', Array, false)
#4 D:\TubesWebPro-main\system\Model.php(241): CodeIgniter\Database\BaseBuilder->get()
#5 D:\TubesWebPro-main\system\BaseModel.php(618): CodeIgniter\Model->doFindAll(0, 0)
#6 D:\TubesWebPro-main\app\Controllers\Index.php(24): CodeIgniter\BaseModel->findAll()
#7 D:\TubesWebPro-main\system\CodeIgniter.php(932): App\Controllers\Index->index()
#8 D:\TubesWebPro-main\system\CodeIgniter.php(497): CodeIgniter\CodeIgniter->runController(Object(App\Controllers\Index))
#9 D:\TubesWebPro-main\system\CodeIgniter.php(366): CodeIgniter\CodeIgniter->handleRequest(NULL, Object(Config\Cache), false)
#10 D:\TubesWebPro-main\public\index.php(67): CodeIgniter\CodeIgniter->run()
#11 D:\TubesWebPro-main\system\Commands\Server\rewrite.php(47): require_once('D:\\TubesWebPro-...')
#12 {main}
CRITICAL - 2025-05-19 20:24:24 --> Table 'tubes_webpro.ruangan' doesn't exist
in SYSTEMPATH\Database\MySQLi\Connection.php on line 295.
 1 SYSTEMPATH\Database\MySQLi\Connection.php(295): mysqli->query('SELECT *
FROM `ruangan`', 0)
 2 SYSTEMPATH\Database\BaseConnection.php(692): CodeIgniter\Database\MySQLi\Connection->execute('SELECT *
FROM `ruangan`')
 3 SYSTEMPATH\Database\BaseConnection.php(606): CodeIgniter\Database\BaseConnection->simpleQuery('SELECT *
FROM `ruangan`')
 4 SYSTEMPATH\Database\BaseBuilder.php(1616): CodeIgniter\Database\BaseConnection->query('SELECT *
FROM `ruangan`', [], false)
 5 SYSTEMPATH\Model.php(241): CodeIgniter\Database\BaseBuilder->get()
 6 SYSTEMPATH\BaseModel.php(618): CodeIgniter\Model->doFindAll(0, 0)
 7 APPPATH\Controllers\Index.php(24): CodeIgniter\BaseModel->findAll()
 8 SYSTEMPATH\CodeIgniter.php(932): App\Controllers\Index->index()
 9 SYSTEMPATH\CodeIgniter.php(497): CodeIgniter\CodeIgniter->runController(Object(App\Controllers\Index))
10 SYSTEMPATH\CodeIgniter.php(366): CodeIgniter\CodeIgniter->handleRequest(null, Object(Config\Cache), false)
11 FCPATH\index.php(67): CodeIgniter\CodeIgniter->run()
12 SYSTEMPATH\Commands\Server\rewrite.php(47): require_once('D:\\TubesWebPro-main\\public\\index.php')
ERROR - 2025-05-19 20:24:27 --> mysqli_sql_exception: Table 'tubes_webpro.ruangan' doesn't exist in D:\TubesWebPro-main\system\Database\MySQLi\Connection.php:295
Stack trace:
#0 D:\TubesWebPro-main\system\Database\MySQLi\Connection.php(295): mysqli->query('SELECT *\nFROM `...', 0)
#1 D:\TubesWebPro-main\system\Database\BaseConnection.php(692): CodeIgniter\Database\MySQLi\Connection->execute('SELECT *\nFROM `...')
#2 D:\TubesWebPro-main\system\Database\BaseConnection.php(606): CodeIgniter\Database\BaseConnection->simpleQuery('SELECT *\nFROM `...')
#3 D:\TubesWebPro-main\system\Database\BaseBuilder.php(1616): CodeIgniter\Database\BaseConnection->query('SELECT *\nFROM `...', Array, false)
#4 D:\TubesWebPro-main\system\Model.php(241): CodeIgniter\Database\BaseBuilder->get()
#5 D:\TubesWebPro-main\system\BaseModel.php(618): CodeIgniter\Model->doFindAll(0, 0)
#6 D:\TubesWebPro-main\app\Controllers\Index.php(24): CodeIgniter\BaseModel->findAll()
#7 D:\TubesWebPro-main\system\CodeIgniter.php(932): App\Controllers\Index->index()
#8 D:\TubesWebPro-main\system\CodeIgniter.php(497): CodeIgniter\CodeIgniter->runController(Object(App\Controllers\Index))
#9 D:\TubesWebPro-main\system\CodeIgniter.php(366): CodeIgniter\CodeIgniter->handleRequest(NULL, Object(Config\Cache), false)
#10 D:\TubesWebPro-main\public\index.php(67): CodeIgniter\CodeIgniter->run()
#11 D:\TubesWebPro-main\system\Commands\Server\rewrite.php(47): require_once('D:\\TubesWebPro-...')
#12 {main}
CRITICAL - 2025-05-19 20:24:27 --> Table 'tubes_webpro.ruangan' doesn't exist
in SYSTEMPATH\Database\MySQLi\Connection.php on line 295.
 1 SYSTEMPATH\Database\MySQLi\Connection.php(295): mysqli->query('SELECT *
FROM `ruangan`', 0)
 2 SYSTEMPATH\Database\BaseConnection.php(692): CodeIgniter\Database\MySQLi\Connection->execute('SELECT *
FROM `ruangan`')
 3 SYSTEMPATH\Database\BaseConnection.php(606): CodeIgniter\Database\BaseConnection->simpleQuery('SELECT *
FROM `ruangan`')
 4 SYSTEMPATH\Database\BaseBuilder.php(1616): CodeIgniter\Database\BaseConnection->query('SELECT *
FROM `ruangan`', [], false)
 5 SYSTEMPATH\Model.php(241): CodeIgniter\Database\BaseBuilder->get()
 6 SYSTEMPATH\BaseModel.php(618): CodeIgniter\Model->doFindAll(0, 0)
 7 APPPATH\Controllers\Index.php(24): CodeIgniter\BaseModel->findAll()
 8 SYSTEMPATH\CodeIgniter.php(932): App\Controllers\Index->index()
 9 SYSTEMPATH\CodeIgniter.php(497): CodeIgniter\CodeIgniter->runController(Object(App\Controllers\Index))
10 SYSTEMPATH\CodeIgniter.php(366): CodeIgniter\CodeIgniter->handleRequest(null, Object(Config\Cache), false)
11 FCPATH\index.php(67): CodeIgniter\CodeIgniter->run()
12 SYSTEMPATH\Commands\Server\rewrite.php(47): require_once('D:\\TubesWebPro-main\\public\\index.php')
ERROR - 2025-05-19 20:30:25 --> mysqli_sql_exception: Table 'tubes_webpro.ruangan' doesn't exist in D:\TubesWebPro-main\system\Database\MySQLi\Connection.php:295
Stack trace:
#0 D:\TubesWebPro-main\system\Database\MySQLi\Connection.php(295): mysqli->query('SELECT *\nFROM `...', 0)
#1 D:\TubesWebPro-main\system\Database\BaseConnection.php(692): CodeIgniter\Database\MySQLi\Connection->execute('SELECT *\nFROM `...')
#2 D:\TubesWebPro-main\system\Database\BaseConnection.php(606): CodeIgniter\Database\BaseConnection->simpleQuery('SELECT *\nFROM `...')
#3 D:\TubesWebPro-main\system\Database\BaseBuilder.php(1616): CodeIgniter\Database\BaseConnection->query('SELECT *\nFROM `...', Array, false)
#4 D:\TubesWebPro-main\system\Model.php(241): CodeIgniter\Database\BaseBuilder->get()
#5 D:\TubesWebPro-main\system\BaseModel.php(618): CodeIgniter\Model->doFindAll(0, 0)
#6 D:\TubesWebPro-main\app\Controllers\Index.php(24): CodeIgniter\BaseModel->findAll()
#7 D:\TubesWebPro-main\system\CodeIgniter.php(932): App\Controllers\Index->index()
#8 D:\TubesWebPro-main\system\CodeIgniter.php(497): CodeIgniter\CodeIgniter->runController(Object(App\Controllers\Index))
#9 D:\TubesWebPro-main\system\CodeIgniter.php(366): CodeIgniter\CodeIgniter->handleRequest(NULL, Object(Config\Cache), false)
#10 D:\TubesWebPro-main\public\index.php(67): CodeIgniter\CodeIgniter->run()
#11 D:\TubesWebPro-main\system\Commands\Server\rewrite.php(47): require_once('D:\\TubesWebPro-...')
#12 {main}
CRITICAL - 2025-05-19 20:30:25 --> Table 'tubes_webpro.ruangan' doesn't exist
in SYSTEMPATH\Database\MySQLi\Connection.php on line 295.
 1 SYSTEMPATH\Database\MySQLi\Connection.php(295): mysqli->query('SELECT *
FROM `ruangan`', 0)
 2 SYSTEMPATH\Database\BaseConnection.php(692): CodeIgniter\Database\MySQLi\Connection->execute('SELECT *
FROM `ruangan`')
 3 SYSTEMPATH\Database\BaseConnection.php(606): CodeIgniter\Database\BaseConnection->simpleQuery('SELECT *
FROM `ruangan`')
 4 SYSTEMPATH\Database\BaseBuilder.php(1616): CodeIgniter\Database\BaseConnection->query('SELECT *
FROM `ruangan`', [], false)
 5 SYSTEMPATH\Model.php(241): CodeIgniter\Database\BaseBuilder->get()
 6 SYSTEMPATH\BaseModel.php(618): CodeIgniter\Model->doFindAll(0, 0)
 7 APPPATH\Controllers\Index.php(24): CodeIgniter\BaseModel->findAll()
 8 SYSTEMPATH\CodeIgniter.php(932): App\Controllers\Index->index()
 9 SYSTEMPATH\CodeIgniter.php(497): CodeIgniter\CodeIgniter->runController(Object(App\Controllers\Index))
10 SYSTEMPATH\CodeIgniter.php(366): CodeIgniter\CodeIgniter->handleRequest(null, Object(Config\Cache), false)
11 FCPATH\index.php(67): CodeIgniter\CodeIgniter->run()
12 SYSTEMPATH\Commands\Server\rewrite.php(47): require_once('D:\\TubesWebPro-main\\public\\index.php')
ERROR - 2025-05-19 20:30:29 --> mysqli_sql_exception: Table 'tubes_webpro.ruangan' doesn't exist in D:\TubesWebPro-main\system\Database\MySQLi\Connection.php:295
Stack trace:
#0 D:\TubesWebPro-main\system\Database\MySQLi\Connection.php(295): mysqli->query('SELECT *\nFROM `...', 0)
#1 D:\TubesWebPro-main\system\Database\BaseConnection.php(692): CodeIgniter\Database\MySQLi\Connection->execute('SELECT *\nFROM `...')
#2 D:\TubesWebPro-main\system\Database\BaseConnection.php(606): CodeIgniter\Database\BaseConnection->simpleQuery('SELECT *\nFROM `...')
#3 D:\TubesWebPro-main\system\Database\BaseBuilder.php(1616): CodeIgniter\Database\BaseConnection->query('SELECT *\nFROM `...', Array, false)
#4 D:\TubesWebPro-main\system\Model.php(241): CodeIgniter\Database\BaseBuilder->get()
#5 D:\TubesWebPro-main\system\BaseModel.php(618): CodeIgniter\Model->doFindAll(0, 0)
#6 D:\TubesWebPro-main\app\Controllers\Index.php(24): CodeIgniter\BaseModel->findAll()
#7 D:\TubesWebPro-main\system\CodeIgniter.php(932): App\Controllers\Index->index()
#8 D:\TubesWebPro-main\system\CodeIgniter.php(497): CodeIgniter\CodeIgniter->runController(Object(App\Controllers\Index))
#9 D:\TubesWebPro-main\system\CodeIgniter.php(366): CodeIgniter\CodeIgniter->handleRequest(NULL, Object(Config\Cache), false)
#10 D:\TubesWebPro-main\public\index.php(67): CodeIgniter\CodeIgniter->run()
#11 D:\TubesWebPro-main\system\Commands\Server\rewrite.php(47): require_once('D:\\TubesWebPro-...')
#12 {main}
CRITICAL - 2025-05-19 20:30:29 --> Table 'tubes_webpro.ruangan' doesn't exist
in SYSTEMPATH\Database\MySQLi\Connection.php on line 295.
 1 SYSTEMPATH\Database\MySQLi\Connection.php(295): mysqli->query('SELECT *
FROM `ruangan`', 0)
 2 SYSTEMPATH\Database\BaseConnection.php(692): CodeIgniter\Database\MySQLi\Connection->execute('SELECT *
FROM `ruangan`')
 3 SYSTEMPATH\Database\BaseConnection.php(606): CodeIgniter\Database\BaseConnection->simpleQuery('SELECT *
FROM `ruangan`')
 4 SYSTEMPATH\Database\BaseBuilder.php(1616): CodeIgniter\Database\BaseConnection->query('SELECT *
FROM `ruangan`', [], false)
 5 SYSTEMPATH\Model.php(241): CodeIgniter\Database\BaseBuilder->get()
 6 SYSTEMPATH\BaseModel.php(618): CodeIgniter\Model->doFindAll(0, 0)
 7 APPPATH\Controllers\Index.php(24): CodeIgniter\BaseModel->findAll()
 8 SYSTEMPATH\CodeIgniter.php(932): App\Controllers\Index->index()
 9 SYSTEMPATH\CodeIgniter.php(497): CodeIgniter\CodeIgniter->runController(Object(App\Controllers\Index))
10 SYSTEMPATH\CodeIgniter.php(366): CodeIgniter\CodeIgniter->handleRequest(null, Object(Config\Cache), false)
11 FCPATH\index.php(67): CodeIgniter\CodeIgniter->run()
12 SYSTEMPATH\Commands\Server\rewrite.php(47): require_once('D:\\TubesWebPro-main\\public\\index.php')
ERROR - 2025-05-19 20:32:00 --> mysqli_sql_exception: Table 'tubes_webpro.ruangan' doesn't exist in D:\TubesWebPro-main\system\Database\MySQLi\Connection.php:295
Stack trace:
#0 D:\TubesWebPro-main\system\Database\MySQLi\Connection.php(295): mysqli->query('SELECT *\nFROM `...', 0)
#1 D:\TubesWebPro-main\system\Database\BaseConnection.php(692): CodeIgniter\Database\MySQLi\Connection->execute('SELECT *\nFROM `...')
#2 D:\TubesWebPro-main\system\Database\BaseConnection.php(606): CodeIgniter\Database\BaseConnection->simpleQuery('SELECT *\nFROM `...')
#3 D:\TubesWebPro-main\system\Database\BaseBuilder.php(1616): CodeIgniter\Database\BaseConnection->query('SELECT *\nFROM `...', Array, false)
#4 D:\TubesWebPro-main\system\Model.php(241): CodeIgniter\Database\BaseBuilder->get()
#5 D:\TubesWebPro-main\system\BaseModel.php(618): CodeIgniter\Model->doFindAll(0, 0)
#6 D:\TubesWebPro-main\app\Controllers\Index.php(24): CodeIgniter\BaseModel->findAll()
#7 D:\TubesWebPro-main\system\CodeIgniter.php(932): App\Controllers\Index->index()
#8 D:\TubesWebPro-main\system\CodeIgniter.php(497): CodeIgniter\CodeIgniter->runController(Object(App\Controllers\Index))
#9 D:\TubesWebPro-main\system\CodeIgniter.php(366): CodeIgniter\CodeIgniter->handleRequest(NULL, Object(Config\Cache), false)
#10 D:\TubesWebPro-main\public\index.php(67): CodeIgniter\CodeIgniter->run()
#11 D:\TubesWebPro-main\system\Commands\Server\rewrite.php(47): require_once('D:\\TubesWebPro-...')
#12 {main}
CRITICAL - 2025-05-19 20:32:00 --> Table 'tubes_webpro.ruangan' doesn't exist
in SYSTEMPATH\Database\MySQLi\Connection.php on line 295.
 1 SYSTEMPATH\Database\MySQLi\Connection.php(295): mysqli->query('SELECT *
FROM `ruangan`', 0)
 2 SYSTEMPATH\Database\BaseConnection.php(692): CodeIgniter\Database\MySQLi\Connection->execute('SELECT *
FROM `ruangan`')
 3 SYSTEMPATH\Database\BaseConnection.php(606): CodeIgniter\Database\BaseConnection->simpleQuery('SELECT *
FROM `ruangan`')
 4 SYSTEMPATH\Database\BaseBuilder.php(1616): CodeIgniter\Database\BaseConnection->query('SELECT *
FROM `ruangan`', [], false)
 5 SYSTEMPATH\Model.php(241): CodeIgniter\Database\BaseBuilder->get()
 6 SYSTEMPATH\BaseModel.php(618): CodeIgniter\Model->doFindAll(0, 0)
 7 APPPATH\Controllers\Index.php(24): CodeIgniter\BaseModel->findAll()
 8 SYSTEMPATH\CodeIgniter.php(932): App\Controllers\Index->index()
 9 SYSTEMPATH\CodeIgniter.php(497): CodeIgniter\CodeIgniter->runController(Object(App\Controllers\Index))
10 SYSTEMPATH\CodeIgniter.php(366): CodeIgniter\CodeIgniter->handleRequest(null, Object(Config\Cache), false)
11 FCPATH\index.php(67): CodeIgniter\CodeIgniter->run()
12 SYSTEMPATH\Commands\Server\rewrite.php(47): require_once('D:\\TubesWebPro-main\\public\\index.php')
ERROR - 2025-05-19 20:40:42 --> mysqli_sql_exception: Table 'tubes_webpro.ruangan' doesn't exist in D:\TubesWebPro-main\system\Database\MySQLi\Connection.php:295
Stack trace:
#0 D:\TubesWebPro-main\system\Database\MySQLi\Connection.php(295): mysqli->query('SELECT *\nFROM `...', 0)
#1 D:\TubesWebPro-main\system\Database\BaseConnection.php(692): CodeIgniter\Database\MySQLi\Connection->execute('SELECT *\nFROM `...')
#2 D:\TubesWebPro-main\system\Database\BaseConnection.php(606): CodeIgniter\Database\BaseConnection->simpleQuery('SELECT *\nFROM `...')
#3 D:\TubesWebPro-main\system\Database\BaseBuilder.php(1616): CodeIgniter\Database\BaseConnection->query('SELECT *\nFROM `...', Array, false)
#4 D:\TubesWebPro-main\system\Model.php(241): CodeIgniter\Database\BaseBuilder->get()
#5 D:\TubesWebPro-main\system\BaseModel.php(618): CodeIgniter\Model->doFindAll(0, 0)
#6 D:\TubesWebPro-main\app\Controllers\Index.php(24): CodeIgniter\BaseModel->findAll()
#7 D:\TubesWebPro-main\system\CodeIgniter.php(932): App\Controllers\Index->index()
#8 D:\TubesWebPro-main\system\CodeIgniter.php(497): CodeIgniter\CodeIgniter->runController(Object(App\Controllers\Index))
#9 D:\TubesWebPro-main\system\CodeIgniter.php(366): CodeIgniter\CodeIgniter->handleRequest(NULL, Object(Config\Cache), false)
#10 D:\TubesWebPro-main\public\index.php(67): CodeIgniter\CodeIgniter->run()
#11 D:\TubesWebPro-main\system\Commands\Server\rewrite.php(47): require_once('D:\\TubesWebPro-...')
#12 {main}
CRITICAL - 2025-05-19 20:40:42 --> Table 'tubes_webpro.ruangan' doesn't exist
in SYSTEMPATH\Database\MySQLi\Connection.php on line 295.
 1 SYSTEMPATH\Database\MySQLi\Connection.php(295): mysqli->query('SELECT *
FROM `ruangan`', 0)
 2 SYSTEMPATH\Database\BaseConnection.php(692): CodeIgniter\Database\MySQLi\Connection->execute('SELECT *
FROM `ruangan`')
 3 SYSTEMPATH\Database\BaseConnection.php(606): CodeIgniter\Database\BaseConnection->simpleQuery('SELECT *
FROM `ruangan`')
 4 SYSTEMPATH\Database\BaseBuilder.php(1616): CodeIgniter\Database\BaseConnection->query('SELECT *
FROM `ruangan`', [], false)
 5 SYSTEMPATH\Model.php(241): CodeIgniter\Database\BaseBuilder->get()
 6 SYSTEMPATH\BaseModel.php(618): CodeIgniter\Model->doFindAll(0, 0)
 7 APPPATH\Controllers\Index.php(24): CodeIgniter\BaseModel->findAll()
 8 SYSTEMPATH\CodeIgniter.php(932): App\Controllers\Index->index()
 9 SYSTEMPATH\CodeIgniter.php(497): CodeIgniter\CodeIgniter->runController(Object(App\Controllers\Index))
10 SYSTEMPATH\CodeIgniter.php(366): CodeIgniter\CodeIgniter->handleRequest(null, Object(Config\Cache), false)
11 FCPATH\index.php(67): CodeIgniter\CodeIgniter->run()
12 SYSTEMPATH\Commands\Server\rewrite.php(47): require_once('D:\\TubesWebPro-main\\public\\index.php')
ERROR - 2025-05-19 20:40:44 --> mysqli_sql_exception: Table 'tubes_webpro.ruangan' doesn't exist in D:\TubesWebPro-main\system\Database\MySQLi\Connection.php:295
Stack trace:
#0 D:\TubesWebPro-main\system\Database\MySQLi\Connection.php(295): mysqli->query('SELECT *\nFROM `...', 0)
#1 D:\TubesWebPro-main\system\Database\BaseConnection.php(692): CodeIgniter\Database\MySQLi\Connection->execute('SELECT *\nFROM `...')
#2 D:\TubesWebPro-main\system\Database\BaseConnection.php(606): CodeIgniter\Database\BaseConnection->simpleQuery('SELECT *\nFROM `...')
#3 D:\TubesWebPro-main\system\Database\BaseBuilder.php(1616): CodeIgniter\Database\BaseConnection->query('SELECT *\nFROM `...', Array, false)
#4 D:\TubesWebPro-main\system\Model.php(241): CodeIgniter\Database\BaseBuilder->get()
#5 D:\TubesWebPro-main\system\BaseModel.php(618): CodeIgniter\Model->doFindAll(0, 0)
#6 D:\TubesWebPro-main\app\Controllers\Index.php(24): CodeIgniter\BaseModel->findAll()
#7 D:\TubesWebPro-main\system\CodeIgniter.php(932): App\Controllers\Index->index()
#8 D:\TubesWebPro-main\system\CodeIgniter.php(497): CodeIgniter\CodeIgniter->runController(Object(App\Controllers\Index))
#9 D:\TubesWebPro-main\system\CodeIgniter.php(366): CodeIgniter\CodeIgniter->handleRequest(NULL, Object(Config\Cache), false)
#10 D:\TubesWebPro-main\public\index.php(67): CodeIgniter\CodeIgniter->run()
#11 D:\TubesWebPro-main\system\Commands\Server\rewrite.php(47): require_once('D:\\TubesWebPro-...')
#12 {main}
CRITICAL - 2025-05-19 20:40:44 --> Table 'tubes_webpro.ruangan' doesn't exist
in SYSTEMPATH\Database\MySQLi\Connection.php on line 295.
 1 SYSTEMPATH\Database\MySQLi\Connection.php(295): mysqli->query('SELECT *
FROM `ruangan`', 0)
 2 SYSTEMPATH\Database\BaseConnection.php(692): CodeIgniter\Database\MySQLi\Connection->execute('SELECT *
FROM `ruangan`')
 3 SYSTEMPATH\Database\BaseConnection.php(606): CodeIgniter\Database\BaseConnection->simpleQuery('SELECT *
FROM `ruangan`')
 4 SYSTEMPATH\Database\BaseBuilder.php(1616): CodeIgniter\Database\BaseConnection->query('SELECT *
FROM `ruangan`', [], false)
 5 SYSTEMPATH\Model.php(241): CodeIgniter\Database\BaseBuilder->get()
 6 SYSTEMPATH\BaseModel.php(618): CodeIgniter\Model->doFindAll(0, 0)
 7 APPPATH\Controllers\Index.php(24): CodeIgniter\BaseModel->findAll()
 8 SYSTEMPATH\CodeIgniter.php(932): App\Controllers\Index->index()
 9 SYSTEMPATH\CodeIgniter.php(497): CodeIgniter\CodeIgniter->runController(Object(App\Controllers\Index))
10 SYSTEMPATH\CodeIgniter.php(366): CodeIgniter\CodeIgniter->handleRequest(null, Object(Config\Cache), false)
11 FCPATH\index.php(67): CodeIgniter\CodeIgniter->run()
12 SYSTEMPATH\Commands\Server\rewrite.php(47): require_once('D:\\TubesWebPro-main\\public\\index.php')
ERROR - 2025-05-19 20:40:44 --> mysqli_sql_exception: Table 'tubes_webpro.ruangan' doesn't exist in D:\TubesWebPro-main\system\Database\MySQLi\Connection.php:295
Stack trace:
#0 D:\TubesWebPro-main\system\Database\MySQLi\Connection.php(295): mysqli->query('SELECT *\nFROM `...', 0)
#1 D:\TubesWebPro-main\system\Database\BaseConnection.php(692): CodeIgniter\Database\MySQLi\Connection->execute('SELECT *\nFROM `...')
#2 D:\TubesWebPro-main\system\Database\BaseConnection.php(606): CodeIgniter\Database\BaseConnection->simpleQuery('SELECT *\nFROM `...')
#3 D:\TubesWebPro-main\system\Database\BaseBuilder.php(1616): CodeIgniter\Database\BaseConnection->query('SELECT *\nFROM `...', Array, false)
#4 D:\TubesWebPro-main\system\Model.php(241): CodeIgniter\Database\BaseBuilder->get()
#5 D:\TubesWebPro-main\system\BaseModel.php(618): CodeIgniter\Model->doFindAll(0, 0)
#6 D:\TubesWebPro-main\app\Controllers\Index.php(24): CodeIgniter\BaseModel->findAll()
#7 D:\TubesWebPro-main\system\CodeIgniter.php(932): App\Controllers\Index->index()
#8 D:\TubesWebPro-main\system\CodeIgniter.php(497): CodeIgniter\CodeIgniter->runController(Object(App\Controllers\Index))
#9 D:\TubesWebPro-main\system\CodeIgniter.php(366): CodeIgniter\CodeIgniter->handleRequest(NULL, Object(Config\Cache), false)
#10 D:\TubesWebPro-main\public\index.php(67): CodeIgniter\CodeIgniter->run()
#11 D:\TubesWebPro-main\system\Commands\Server\rewrite.php(47): require_once('D:\\TubesWebPro-...')
#12 {main}
CRITICAL - 2025-05-19 20:40:44 --> Table 'tubes_webpro.ruangan' doesn't exist
in SYSTEMPATH\Database\MySQLi\Connection.php on line 295.
 1 SYSTEMPATH\Database\MySQLi\Connection.php(295): mysqli->query('SELECT *
FROM `ruangan`', 0)
 2 SYSTEMPATH\Database\BaseConnection.php(692): CodeIgniter\Database\MySQLi\Connection->execute('SELECT *
FROM `ruangan`')
 3 SYSTEMPATH\Database\BaseConnection.php(606): CodeIgniter\Database\BaseConnection->simpleQuery('SELECT *
FROM `ruangan`')
 4 SYSTEMPATH\Database\BaseBuilder.php(1616): CodeIgniter\Database\BaseConnection->query('SELECT *
FROM `ruangan`', [], false)
 5 SYSTEMPATH\Model.php(241): CodeIgniter\Database\BaseBuilder->get()
 6 SYSTEMPATH\BaseModel.php(618): CodeIgniter\Model->doFindAll(0, 0)
 7 APPPATH\Controllers\Index.php(24): CodeIgniter\BaseModel->findAll()
 8 SYSTEMPATH\CodeIgniter.php(932): App\Controllers\Index->index()
 9 SYSTEMPATH\CodeIgniter.php(497): CodeIgniter\CodeIgniter->runController(Object(App\Controllers\Index))
10 SYSTEMPATH\CodeIgniter.php(366): CodeIgniter\CodeIgniter->handleRequest(null, Object(Config\Cache), false)
11 FCPATH\index.php(67): CodeIgniter\CodeIgniter->run()
12 SYSTEMPATH\Commands\Server\rewrite.php(47): require_once('D:\\TubesWebPro-main\\public\\index.php')
ERROR - 2025-05-19 20:40:44 --> mysqli_sql_exception: Table 'tubes_webpro.ruangan' doesn't exist in D:\TubesWebPro-main\system\Database\MySQLi\Connection.php:295
Stack trace:
#0 D:\TubesWebPro-main\system\Database\MySQLi\Connection.php(295): mysqli->query('SELECT *\nFROM `...', 0)
#1 D:\TubesWebPro-main\system\Database\BaseConnection.php(692): CodeIgniter\Database\MySQLi\Connection->execute('SELECT *\nFROM `...')
#2 D:\TubesWebPro-main\system\Database\BaseConnection.php(606): CodeIgniter\Database\BaseConnection->simpleQuery('SELECT *\nFROM `...')
#3 D:\TubesWebPro-main\system\Database\BaseBuilder.php(1616): CodeIgniter\Database\BaseConnection->query('SELECT *\nFROM `...', Array, false)
#4 D:\TubesWebPro-main\system\Model.php(241): CodeIgniter\Database\BaseBuilder->get()
#5 D:\TubesWebPro-main\system\BaseModel.php(618): CodeIgniter\Model->doFindAll(0, 0)
#6 D:\TubesWebPro-main\app\Controllers\Index.php(24): CodeIgniter\BaseModel->findAll()
#7 D:\TubesWebPro-main\system\CodeIgniter.php(932): App\Controllers\Index->index()
#8 D:\TubesWebPro-main\system\CodeIgniter.php(497): CodeIgniter\CodeIgniter->runController(Object(App\Controllers\Index))
#9 D:\TubesWebPro-main\system\CodeIgniter.php(366): CodeIgniter\CodeIgniter->handleRequest(NULL, Object(Config\Cache), false)
#10 D:\TubesWebPro-main\public\index.php(67): CodeIgniter\CodeIgniter->run()
#11 D:\TubesWebPro-main\system\Commands\Server\rewrite.php(47): require_once('D:\\TubesWebPro-...')
#12 {main}
CRITICAL - 2025-05-19 20:40:44 --> Table 'tubes_webpro.ruangan' doesn't exist
in SYSTEMPATH\Database\MySQLi\Connection.php on line 295.
 1 SYSTEMPATH\Database\MySQLi\Connection.php(295): mysqli->query('SELECT *
FROM `ruangan`', 0)
 2 SYSTEMPATH\Database\BaseConnection.php(692): CodeIgniter\Database\MySQLi\Connection->execute('SELECT *
FROM `ruangan`')
 3 SYSTEMPATH\Database\BaseConnection.php(606): CodeIgniter\Database\BaseConnection->simpleQuery('SELECT *
FROM `ruangan`')
 4 SYSTEMPATH\Database\BaseBuilder.php(1616): CodeIgniter\Database\BaseConnection->query('SELECT *
FROM `ruangan`', [], false)
 5 SYSTEMPATH\Model.php(241): CodeIgniter\Database\BaseBuilder->get()
 6 SYSTEMPATH\BaseModel.php(618): CodeIgniter\Model->doFindAll(0, 0)
 7 APPPATH\Controllers\Index.php(24): CodeIgniter\BaseModel->findAll()
 8 SYSTEMPATH\CodeIgniter.php(932): App\Controllers\Index->index()
 9 SYSTEMPATH\CodeIgniter.php(497): CodeIgniter\CodeIgniter->runController(Object(App\Controllers\Index))
10 SYSTEMPATH\CodeIgniter.php(366): CodeIgniter\CodeIgniter->handleRequest(null, Object(Config\Cache), false)
11 FCPATH\index.php(67): CodeIgniter\CodeIgniter->run()
12 SYSTEMPATH\Commands\Server\rewrite.php(47): require_once('D:\\TubesWebPro-main\\public\\index.php')
ERROR - 2025-05-19 20:40:44 --> mysqli_sql_exception: Table 'tubes_webpro.ruangan' doesn't exist in D:\TubesWebPro-main\system\Database\MySQLi\Connection.php:295
Stack trace:
#0 D:\TubesWebPro-main\system\Database\MySQLi\Connection.php(295): mysqli->query('SELECT *\nFROM `...', 0)
#1 D:\TubesWebPro-main\system\Database\BaseConnection.php(692): CodeIgniter\Database\MySQLi\Connection->execute('SELECT *\nFROM `...')
#2 D:\TubesWebPro-main\system\Database\BaseConnection.php(606): CodeIgniter\Database\BaseConnection->simpleQuery('SELECT *\nFROM `...')
#3 D:\TubesWebPro-main\system\Database\BaseBuilder.php(1616): CodeIgniter\Database\BaseConnection->query('SELECT *\nFROM `...', Array, false)
#4 D:\TubesWebPro-main\system\Model.php(241): CodeIgniter\Database\BaseBuilder->get()
#5 D:\TubesWebPro-main\system\BaseModel.php(618): CodeIgniter\Model->doFindAll(0, 0)
#6 D:\TubesWebPro-main\app\Controllers\Index.php(24): CodeIgniter\BaseModel->findAll()
#7 D:\TubesWebPro-main\system\CodeIgniter.php(932): App\Controllers\Index->index()
#8 D:\TubesWebPro-main\system\CodeIgniter.php(497): CodeIgniter\CodeIgniter->runController(Object(App\Controllers\Index))
#9 D:\TubesWebPro-main\system\CodeIgniter.php(366): CodeIgniter\CodeIgniter->handleRequest(NULL, Object(Config\Cache), false)
#10 D:\TubesWebPro-main\public\index.php(67): CodeIgniter\CodeIgniter->run()
#11 D:\TubesWebPro-main\system\Commands\Server\rewrite.php(47): require_once('D:\\TubesWebPro-...')
#12 {main}
CRITICAL - 2025-05-19 20:40:44 --> Table 'tubes_webpro.ruangan' doesn't exist
in SYSTEMPATH\Database\MySQLi\Connection.php on line 295.
 1 SYSTEMPATH\Database\MySQLi\Connection.php(295): mysqli->query('SELECT *
FROM `ruangan`', 0)
 2 SYSTEMPATH\Database\BaseConnection.php(692): CodeIgniter\Database\MySQLi\Connection->execute('SELECT *
FROM `ruangan`')
 3 SYSTEMPATH\Database\BaseConnection.php(606): CodeIgniter\Database\BaseConnection->simpleQuery('SELECT *
FROM `ruangan`')
 4 SYSTEMPATH\Database\BaseBuilder.php(1616): CodeIgniter\Database\BaseConnection->query('SELECT *
FROM `ruangan`', [], false)
 5 SYSTEMPATH\Model.php(241): CodeIgniter\Database\BaseBuilder->get()
 6 SYSTEMPATH\BaseModel.php(618): CodeIgniter\Model->doFindAll(0, 0)
 7 APPPATH\Controllers\Index.php(24): CodeIgniter\BaseModel->findAll()
 8 SYSTEMPATH\CodeIgniter.php(932): App\Controllers\Index->index()
 9 SYSTEMPATH\CodeIgniter.php(497): CodeIgniter\CodeIgniter->runController(Object(App\Controllers\Index))
10 SYSTEMPATH\CodeIgniter.php(366): CodeIgniter\CodeIgniter->handleRequest(null, Object(Config\Cache), false)
11 FCPATH\index.php(67): CodeIgniter\CodeIgniter->run()
12 SYSTEMPATH\Commands\Server\rewrite.php(47): require_once('D:\\TubesWebPro-main\\public\\index.php')
ERROR - 2025-05-19 20:40:45 --> mysqli_sql_exception: Table 'tubes_webpro.ruangan' doesn't exist in D:\TubesWebPro-main\system\Database\MySQLi\Connection.php:295
Stack trace:
#0 D:\TubesWebPro-main\system\Database\MySQLi\Connection.php(295): mysqli->query('SELECT *\nFROM `...', 0)
#1 D:\TubesWebPro-main\system\Database\BaseConnection.php(692): CodeIgniter\Database\MySQLi\Connection->execute('SELECT *\nFROM `...')
#2 D:\TubesWebPro-main\system\Database\BaseConnection.php(606): CodeIgniter\Database\BaseConnection->simpleQuery('SELECT *\nFROM `...')
#3 D:\TubesWebPro-main\system\Database\BaseBuilder.php(1616): CodeIgniter\Database\BaseConnection->query('SELECT *\nFROM `...', Array, false)
#4 D:\TubesWebPro-main\system\Model.php(241): CodeIgniter\Database\BaseBuilder->get()
#5 D:\TubesWebPro-main\system\BaseModel.php(618): CodeIgniter\Model->doFindAll(0, 0)
#6 D:\TubesWebPro-main\app\Controllers\Index.php(24): CodeIgniter\BaseModel->findAll()
#7 D:\TubesWebPro-main\system\CodeIgniter.php(932): App\Controllers\Index->index()
#8 D:\TubesWebPro-main\system\CodeIgniter.php(497): CodeIgniter\CodeIgniter->runController(Object(App\Controllers\Index))
#9 D:\TubesWebPro-main\system\CodeIgniter.php(366): CodeIgniter\CodeIgniter->handleRequest(NULL, Object(Config\Cache), false)
#10 D:\TubesWebPro-main\public\index.php(67): CodeIgniter\CodeIgniter->run()
#11 D:\TubesWebPro-main\system\Commands\Server\rewrite.php(47): require_once('D:\\TubesWebPro-...')
#12 {main}
CRITICAL - 2025-05-19 20:40:45 --> Table 'tubes_webpro.ruangan' doesn't exist
in SYSTEMPATH\Database\MySQLi\Connection.php on line 295.
 1 SYSTEMPATH\Database\MySQLi\Connection.php(295): mysqli->query('SELECT *
FROM `ruangan`', 0)
 2 SYSTEMPATH\Database\BaseConnection.php(692): CodeIgniter\Database\MySQLi\Connection->execute('SELECT *
FROM `ruangan`')
 3 SYSTEMPATH\Database\BaseConnection.php(606): CodeIgniter\Database\BaseConnection->simpleQuery('SELECT *
FROM `ruangan`')
 4 SYSTEMPATH\Database\BaseBuilder.php(1616): CodeIgniter\Database\BaseConnection->query('SELECT *
FROM `ruangan`', [], false)
 5 SYSTEMPATH\Model.php(241): CodeIgniter\Database\BaseBuilder->get()
 6 SYSTEMPATH\BaseModel.php(618): CodeIgniter\Model->doFindAll(0, 0)
 7 APPPATH\Controllers\Index.php(24): CodeIgniter\BaseModel->findAll()
 8 SYSTEMPATH\CodeIgniter.php(932): App\Controllers\Index->index()
 9 SYSTEMPATH\CodeIgniter.php(497): CodeIgniter\CodeIgniter->runController(Object(App\Controllers\Index))
10 SYSTEMPATH\CodeIgniter.php(366): CodeIgniter\CodeIgniter->handleRequest(null, Object(Config\Cache), false)
11 FCPATH\index.php(67): CodeIgniter\CodeIgniter->run()
12 SYSTEMPATH\Commands\Server\rewrite.php(47): require_once('D:\\TubesWebPro-main\\public\\index.php')
ERROR - 2025-05-19 20:40:45 --> mysqli_sql_exception: Table 'tubes_webpro.ruangan' doesn't exist in D:\TubesWebPro-main\system\Database\MySQLi\Connection.php:295
Stack trace:
#0 D:\TubesWebPro-main\system\Database\MySQLi\Connection.php(295): mysqli->query('SELECT *\nFROM `...', 0)
#1 D:\TubesWebPro-main\system\Database\BaseConnection.php(692): CodeIgniter\Database\MySQLi\Connection->execute('SELECT *\nFROM `...')
#2 D:\TubesWebPro-main\system\Database\BaseConnection.php(606): CodeIgniter\Database\BaseConnection->simpleQuery('SELECT *\nFROM `...')
#3 D:\TubesWebPro-main\system\Database\BaseBuilder.php(1616): CodeIgniter\Database\BaseConnection->query('SELECT *\nFROM `...', Array, false)
#4 D:\TubesWebPro-main\system\Model.php(241): CodeIgniter\Database\BaseBuilder->get()
#5 D:\TubesWebPro-main\system\BaseModel.php(618): CodeIgniter\Model->doFindAll(0, 0)
#6 D:\TubesWebPro-main\app\Controllers\Index.php(24): CodeIgniter\BaseModel->findAll()
#7 D:\TubesWebPro-main\system\CodeIgniter.php(932): App\Controllers\Index->index()
#8 D:\TubesWebPro-main\system\CodeIgniter.php(497): CodeIgniter\CodeIgniter->runController(Object(App\Controllers\Index))
#9 D:\TubesWebPro-main\system\CodeIgniter.php(366): CodeIgniter\CodeIgniter->handleRequest(NULL, Object(Config\Cache), false)
#10 D:\TubesWebPro-main\public\index.php(67): CodeIgniter\CodeIgniter->run()
#11 D:\TubesWebPro-main\system\Commands\Server\rewrite.php(47): require_once('D:\\TubesWebPro-...')
#12 {main}
CRITICAL - 2025-05-19 20:40:45 --> Table 'tubes_webpro.ruangan' doesn't exist
in SYSTEMPATH\Database\MySQLi\Connection.php on line 295.
 1 SYSTEMPATH\Database\MySQLi\Connection.php(295): mysqli->query('SELECT *
FROM `ruangan`', 0)
 2 SYSTEMPATH\Database\BaseConnection.php(692): CodeIgniter\Database\MySQLi\Connection->execute('SELECT *
FROM `ruangan`')
 3 SYSTEMPATH\Database\BaseConnection.php(606): CodeIgniter\Database\BaseConnection->simpleQuery('SELECT *
FROM `ruangan`')
 4 SYSTEMPATH\Database\BaseBuilder.php(1616): CodeIgniter\Database\BaseConnection->query('SELECT *
FROM `ruangan`', [], false)
 5 SYSTEMPATH\Model.php(241): CodeIgniter\Database\BaseBuilder->get()
 6 SYSTEMPATH\BaseModel.php(618): CodeIgniter\Model->doFindAll(0, 0)
 7 APPPATH\Controllers\Index.php(24): CodeIgniter\BaseModel->findAll()
 8 SYSTEMPATH\CodeIgniter.php(932): App\Controllers\Index->index()
 9 SYSTEMPATH\CodeIgniter.php(497): CodeIgniter\CodeIgniter->runController(Object(App\Controllers\Index))
10 SYSTEMPATH\CodeIgniter.php(366): CodeIgniter\CodeIgniter->handleRequest(null, Object(Config\Cache), false)
11 FCPATH\index.php(67): CodeIgniter\CodeIgniter->run()
12 SYSTEMPATH\Commands\Server\rewrite.php(47): require_once('D:\\TubesWebPro-main\\public\\index.php')
ERROR - 2025-05-19 20:40:45 --> mysqli_sql_exception: Table 'tubes_webpro.ruangan' doesn't exist in D:\TubesWebPro-main\system\Database\MySQLi\Connection.php:295
Stack trace:
#0 D:\TubesWebPro-main\system\Database\MySQLi\Connection.php(295): mysqli->query('SELECT *\nFROM `...', 0)
#1 D:\TubesWebPro-main\system\Database\BaseConnection.php(692): CodeIgniter\Database\MySQLi\Connection->execute('SELECT *\nFROM `...')
#2 D:\TubesWebPro-main\system\Database\BaseConnection.php(606): CodeIgniter\Database\BaseConnection->simpleQuery('SELECT *\nFROM `...')
#3 D:\TubesWebPro-main\system\Database\BaseBuilder.php(1616): CodeIgniter\Database\BaseConnection->query('SELECT *\nFROM `...', Array, false)
#4 D:\TubesWebPro-main\system\Model.php(241): CodeIgniter\Database\BaseBuilder->get()
#5 D:\TubesWebPro-main\system\BaseModel.php(618): CodeIgniter\Model->doFindAll(0, 0)
#6 D:\TubesWebPro-main\app\Controllers\Index.php(24): CodeIgniter\BaseModel->findAll()
#7 D:\TubesWebPro-main\system\CodeIgniter.php(932): App\Controllers\Index->index()
#8 D:\TubesWebPro-main\system\CodeIgniter.php(497): CodeIgniter\CodeIgniter->runController(Object(App\Controllers\Index))
#9 D:\TubesWebPro-main\system\CodeIgniter.php(366): CodeIgniter\CodeIgniter->handleRequest(NULL, Object(Config\Cache), false)
#10 D:\TubesWebPro-main\public\index.php(67): CodeIgniter\CodeIgniter->run()
#11 D:\TubesWebPro-main\system\Commands\Server\rewrite.php(47): require_once('D:\\TubesWebPro-...')
#12 {main}
CRITICAL - 2025-05-19 20:40:45 --> Table 'tubes_webpro.ruangan' doesn't exist
in SYSTEMPATH\Database\MySQLi\Connection.php on line 295.
 1 SYSTEMPATH\Database\MySQLi\Connection.php(295): mysqli->query('SELECT *
FROM `ruangan`', 0)
 2 SYSTEMPATH\Database\BaseConnection.php(692): CodeIgniter\Database\MySQLi\Connection->execute('SELECT *
FROM `ruangan`')
 3 SYSTEMPATH\Database\BaseConnection.php(606): CodeIgniter\Database\BaseConnection->simpleQuery('SELECT *
FROM `ruangan`')
 4 SYSTEMPATH\Database\BaseBuilder.php(1616): CodeIgniter\Database\BaseConnection->query('SELECT *
FROM `ruangan`', [], false)
 5 SYSTEMPATH\Model.php(241): CodeIgniter\Database\BaseBuilder->get()
 6 SYSTEMPATH\BaseModel.php(618): CodeIgniter\Model->doFindAll(0, 0)
 7 APPPATH\Controllers\Index.php(24): CodeIgniter\BaseModel->findAll()
 8 SYSTEMPATH\CodeIgniter.php(932): App\Controllers\Index->index()
 9 SYSTEMPATH\CodeIgniter.php(497): CodeIgniter\CodeIgniter->runController(Object(App\Controllers\Index))
10 SYSTEMPATH\CodeIgniter.php(366): CodeIgniter\CodeIgniter->handleRequest(null, Object(Config\Cache), false)
11 FCPATH\index.php(67): CodeIgniter\CodeIgniter->run()
12 SYSTEMPATH\Commands\Server\rewrite.php(47): require_once('D:\\TubesWebPro-main\\public\\index.php')
ERROR - 2025-05-19 20:40:45 --> mysqli_sql_exception: Table 'tubes_webpro.ruangan' doesn't exist in D:\TubesWebPro-main\system\Database\MySQLi\Connection.php:295
Stack trace:
#0 D:\TubesWebPro-main\system\Database\MySQLi\Connection.php(295): mysqli->query('SELECT *\nFROM `...', 0)
#1 D:\TubesWebPro-main\system\Database\BaseConnection.php(692): CodeIgniter\Database\MySQLi\Connection->execute('SELECT *\nFROM `...')
#2 D:\TubesWebPro-main\system\Database\BaseConnection.php(606): CodeIgniter\Database\BaseConnection->simpleQuery('SELECT *\nFROM `...')
#3 D:\TubesWebPro-main\system\Database\BaseBuilder.php(1616): CodeIgniter\Database\BaseConnection->query('SELECT *\nFROM `...', Array, false)
#4 D:\TubesWebPro-main\system\Model.php(241): CodeIgniter\Database\BaseBuilder->get()
#5 D:\TubesWebPro-main\system\BaseModel.php(618): CodeIgniter\Model->doFindAll(0, 0)
#6 D:\TubesWebPro-main\app\Controllers\Index.php(24): CodeIgniter\BaseModel->findAll()
#7 D:\TubesWebPro-main\system\CodeIgniter.php(932): App\Controllers\Index->index()
#8 D:\TubesWebPro-main\system\CodeIgniter.php(497): CodeIgniter\CodeIgniter->runController(Object(App\Controllers\Index))
#9 D:\TubesWebPro-main\system\CodeIgniter.php(366): CodeIgniter\CodeIgniter->handleRequest(NULL, Object(Config\Cache), false)
#10 D:\TubesWebPro-main\public\index.php(67): CodeIgniter\CodeIgniter->run()
#11 D:\TubesWebPro-main\system\Commands\Server\rewrite.php(47): require_once('D:\\TubesWebPro-...')
#12 {main}
CRITICAL - 2025-05-19 20:40:45 --> Table 'tubes_webpro.ruangan' doesn't exist
in SYSTEMPATH\Database\MySQLi\Connection.php on line 295.
 1 SYSTEMPATH\Database\MySQLi\Connection.php(295): mysqli->query('SELECT *
FROM `ruangan`', 0)
 2 SYSTEMPATH\Database\BaseConnection.php(692): CodeIgniter\Database\MySQLi\Connection->execute('SELECT *
FROM `ruangan`')
 3 SYSTEMPATH\Database\BaseConnection.php(606): CodeIgniter\Database\BaseConnection->simpleQuery('SELECT *
FROM `ruangan`')
 4 SYSTEMPATH\Database\BaseBuilder.php(1616): CodeIgniter\Database\BaseConnection->query('SELECT *
FROM `ruangan`', [], false)
 5 SYSTEMPATH\Model.php(241): CodeIgniter\Database\BaseBuilder->get()
 6 SYSTEMPATH\BaseModel.php(618): CodeIgniter\Model->doFindAll(0, 0)
 7 APPPATH\Controllers\Index.php(24): CodeIgniter\BaseModel->findAll()
 8 SYSTEMPATH\CodeIgniter.php(932): App\Controllers\Index->index()
 9 SYSTEMPATH\CodeIgniter.php(497): CodeIgniter\CodeIgniter->runController(Object(App\Controllers\Index))
10 SYSTEMPATH\CodeIgniter.php(366): CodeIgniter\CodeIgniter->handleRequest(null, Object(Config\Cache), false)
11 FCPATH\index.php(67): CodeIgniter\CodeIgniter->run()
12 SYSTEMPATH\Commands\Server\rewrite.php(47): require_once('D:\\TubesWebPro-main\\public\\index.php')
ERROR - 2025-05-19 20:40:46 --> mysqli_sql_exception: Table 'tubes_webpro.ruangan' doesn't exist in D:\TubesWebPro-main\system\Database\MySQLi\Connection.php:295
Stack trace:
#0 D:\TubesWebPro-main\system\Database\MySQLi\Connection.php(295): mysqli->query('SELECT *\nFROM `...', 0)
#1 D:\TubesWebPro-main\system\Database\BaseConnection.php(692): CodeIgniter\Database\MySQLi\Connection->execute('SELECT *\nFROM `...')
#2 D:\TubesWebPro-main\system\Database\BaseConnection.php(606): CodeIgniter\Database\BaseConnection->simpleQuery('SELECT *\nFROM `...')
#3 D:\TubesWebPro-main\system\Database\BaseBuilder.php(1616): CodeIgniter\Database\BaseConnection->query('SELECT *\nFROM `...', Array, false)
#4 D:\TubesWebPro-main\system\Model.php(241): CodeIgniter\Database\BaseBuilder->get()
#5 D:\TubesWebPro-main\system\BaseModel.php(618): CodeIgniter\Model->doFindAll(0, 0)
#6 D:\TubesWebPro-main\app\Controllers\Index.php(24): CodeIgniter\BaseModel->findAll()
#7 D:\TubesWebPro-main\system\CodeIgniter.php(932): App\Controllers\Index->index()
#8 D:\TubesWebPro-main\system\CodeIgniter.php(497): CodeIgniter\CodeIgniter->runController(Object(App\Controllers\Index))
#9 D:\TubesWebPro-main\system\CodeIgniter.php(366): CodeIgniter\CodeIgniter->handleRequest(NULL, Object(Config\Cache), false)
#10 D:\TubesWebPro-main\public\index.php(67): CodeIgniter\CodeIgniter->run()
#11 D:\TubesWebPro-main\system\Commands\Server\rewrite.php(47): require_once('D:\\TubesWebPro-...')
#12 {main}
CRITICAL - 2025-05-19 20:40:46 --> Table 'tubes_webpro.ruangan' doesn't exist
in SYSTEMPATH\Database\MySQLi\Connection.php on line 295.
 1 SYSTEMPATH\Database\MySQLi\Connection.php(295): mysqli->query('SELECT *
FROM `ruangan`', 0)
 2 SYSTEMPATH\Database\BaseConnection.php(692): CodeIgniter\Database\MySQLi\Connection->execute('SELECT *
FROM `ruangan`')
 3 SYSTEMPATH\Database\BaseConnection.php(606): CodeIgniter\Database\BaseConnection->simpleQuery('SELECT *
FROM `ruangan`')
 4 SYSTEMPATH\Database\BaseBuilder.php(1616): CodeIgniter\Database\BaseConnection->query('SELECT *
FROM `ruangan`', [], false)
 5 SYSTEMPATH\Model.php(241): CodeIgniter\Database\BaseBuilder->get()
 6 SYSTEMPATH\BaseModel.php(618): CodeIgniter\Model->doFindAll(0, 0)
 7 APPPATH\Controllers\Index.php(24): CodeIgniter\BaseModel->findAll()
 8 SYSTEMPATH\CodeIgniter.php(932): App\Controllers\Index->index()
 9 SYSTEMPATH\CodeIgniter.php(497): CodeIgniter\CodeIgniter->runController(Object(App\Controllers\Index))
10 SYSTEMPATH\CodeIgniter.php(366): CodeIgniter\CodeIgniter->handleRequest(null, Object(Config\Cache), false)
11 FCPATH\index.php(67): CodeIgniter\CodeIgniter->run()
12 SYSTEMPATH\Commands\Server\rewrite.php(47): require_once('D:\\TubesWebPro-main\\public\\index.php')
ERROR - 2025-05-19 20:40:46 --> mysqli_sql_exception: Table 'tubes_webpro.ruangan' doesn't exist in D:\TubesWebPro-main\system\Database\MySQLi\Connection.php:295
Stack trace:
#0 D:\TubesWebPro-main\system\Database\MySQLi\Connection.php(295): mysqli->query('SELECT *\nFROM `...', 0)
#1 D:\TubesWebPro-main\system\Database\BaseConnection.php(692): CodeIgniter\Database\MySQLi\Connection->execute('SELECT *\nFROM `...')
#2 D:\TubesWebPro-main\system\Database\BaseConnection.php(606): CodeIgniter\Database\BaseConnection->simpleQuery('SELECT *\nFROM `...')
#3 D:\TubesWebPro-main\system\Database\BaseBuilder.php(1616): CodeIgniter\Database\BaseConnection->query('SELECT *\nFROM `...', Array, false)
#4 D:\TubesWebPro-main\system\Model.php(241): CodeIgniter\Database\BaseBuilder->get()
#5 D:\TubesWebPro-main\system\BaseModel.php(618): CodeIgniter\Model->doFindAll(0, 0)
#6 D:\TubesWebPro-main\app\Controllers\Index.php(24): CodeIgniter\BaseModel->findAll()
#7 D:\TubesWebPro-main\system\CodeIgniter.php(932): App\Controllers\Index->index()
#8 D:\TubesWebPro-main\system\CodeIgniter.php(497): CodeIgniter\CodeIgniter->runController(Object(App\Controllers\Index))
#9 D:\TubesWebPro-main\system\CodeIgniter.php(366): CodeIgniter\CodeIgniter->handleRequest(NULL, Object(Config\Cache), false)
#10 D:\TubesWebPro-main\public\index.php(67): CodeIgniter\CodeIgniter->run()
#11 D:\TubesWebPro-main\system\Commands\Server\rewrite.php(47): require_once('D:\\TubesWebPro-...')
#12 {main}
CRITICAL - 2025-05-19 20:40:46 --> Table 'tubes_webpro.ruangan' doesn't exist
in SYSTEMPATH\Database\MySQLi\Connection.php on line 295.
 1 SYSTEMPATH\Database\MySQLi\Connection.php(295): mysqli->query('SELECT *
FROM `ruangan`', 0)
 2 SYSTEMPATH\Database\BaseConnection.php(692): CodeIgniter\Database\MySQLi\Connection->execute('SELECT *
FROM `ruangan`')
 3 SYSTEMPATH\Database\BaseConnection.php(606): CodeIgniter\Database\BaseConnection->simpleQuery('SELECT *
FROM `ruangan`')
 4 SYSTEMPATH\Database\BaseBuilder.php(1616): CodeIgniter\Database\BaseConnection->query('SELECT *
FROM `ruangan`', [], false)
 5 SYSTEMPATH\Model.php(241): CodeIgniter\Database\BaseBuilder->get()
 6 SYSTEMPATH\BaseModel.php(618): CodeIgniter\Model->doFindAll(0, 0)
 7 APPPATH\Controllers\Index.php(24): CodeIgniter\BaseModel->findAll()
 8 SYSTEMPATH\CodeIgniter.php(932): App\Controllers\Index->index()
 9 SYSTEMPATH\CodeIgniter.php(497): CodeIgniter\CodeIgniter->runController(Object(App\Controllers\Index))
10 SYSTEMPATH\CodeIgniter.php(366): CodeIgniter\CodeIgniter->handleRequest(null, Object(Config\Cache), false)
11 FCPATH\index.php(67): CodeIgniter\CodeIgniter->run()
12 SYSTEMPATH\Commands\Server\rewrite.php(47): require_once('D:\\TubesWebPro-main\\public\\index.php')
ERROR - 2025-05-19 20:40:46 --> mysqli_sql_exception: Table 'tubes_webpro.ruangan' doesn't exist in D:\TubesWebPro-main\system\Database\MySQLi\Connection.php:295
Stack trace:
#0 D:\TubesWebPro-main\system\Database\MySQLi\Connection.php(295): mysqli->query('SELECT *\nFROM `...', 0)
#1 D:\TubesWebPro-main\system\Database\BaseConnection.php(692): CodeIgniter\Database\MySQLi\Connection->execute('SELECT *\nFROM `...')
#2 D:\TubesWebPro-main\system\Database\BaseConnection.php(606): CodeIgniter\Database\BaseConnection->simpleQuery('SELECT *\nFROM `...')
#3 D:\TubesWebPro-main\system\Database\BaseBuilder.php(1616): CodeIgniter\Database\BaseConnection->query('SELECT *\nFROM `...', Array, false)
#4 D:\TubesWebPro-main\system\Model.php(241): CodeIgniter\Database\BaseBuilder->get()
#5 D:\TubesWebPro-main\system\BaseModel.php(618): CodeIgniter\Model->doFindAll(0, 0)
#6 D:\TubesWebPro-main\app\Controllers\Index.php(24): CodeIgniter\BaseModel->findAll()
#7 D:\TubesWebPro-main\system\CodeIgniter.php(932): App\Controllers\Index->index()
#8 D:\TubesWebPro-main\system\CodeIgniter.php(497): CodeIgniter\CodeIgniter->runController(Object(App\Controllers\Index))
#9 D:\TubesWebPro-main\system\CodeIgniter.php(366): CodeIgniter\CodeIgniter->handleRequest(NULL, Object(Config\Cache), false)
#10 D:\TubesWebPro-main\public\index.php(67): CodeIgniter\CodeIgniter->run()
#11 D:\TubesWebPro-main\system\Commands\Server\rewrite.php(47): require_once('D:\\TubesWebPro-...')
#12 {main}
CRITICAL - 2025-05-19 20:40:46 --> Table 'tubes_webpro.ruangan' doesn't exist
in SYSTEMPATH\Database\MySQLi\Connection.php on line 295.
 1 SYSTEMPATH\Database\MySQLi\Connection.php(295): mysqli->query('SELECT *
FROM `ruangan`', 0)
 2 SYSTEMPATH\Database\BaseConnection.php(692): CodeIgniter\Database\MySQLi\Connection->execute('SELECT *
FROM `ruangan`')
 3 SYSTEMPATH\Database\BaseConnection.php(606): CodeIgniter\Database\BaseConnection->simpleQuery('SELECT *
FROM `ruangan`')
 4 SYSTEMPATH\Database\BaseBuilder.php(1616): CodeIgniter\Database\BaseConnection->query('SELECT *
FROM `ruangan`', [], false)
 5 SYSTEMPATH\Model.php(241): CodeIgniter\Database\BaseBuilder->get()
 6 SYSTEMPATH\BaseModel.php(618): CodeIgniter\Model->doFindAll(0, 0)
 7 APPPATH\Controllers\Index.php(24): CodeIgniter\BaseModel->findAll()
 8 SYSTEMPATH\CodeIgniter.php(932): App\Controllers\Index->index()
 9 SYSTEMPATH\CodeIgniter.php(497): CodeIgniter\CodeIgniter->runController(Object(App\Controllers\Index))
10 SYSTEMPATH\CodeIgniter.php(366): CodeIgniter\CodeIgniter->handleRequest(null, Object(Config\Cache), false)
11 FCPATH\index.php(67): CodeIgniter\CodeIgniter->run()
12 SYSTEMPATH\Commands\Server\rewrite.php(47): require_once('D:\\TubesWebPro-main\\public\\index.php')
ERROR - 2025-05-19 20:40:46 --> mysqli_sql_exception: Table 'tubes_webpro.ruangan' doesn't exist in D:\TubesWebPro-main\system\Database\MySQLi\Connection.php:295
Stack trace:
#0 D:\TubesWebPro-main\system\Database\MySQLi\Connection.php(295): mysqli->query('SELECT *\nFROM `...', 0)
#1 D:\TubesWebPro-main\system\Database\BaseConnection.php(692): CodeIgniter\Database\MySQLi\Connection->execute('SELECT *\nFROM `...')
#2 D:\TubesWebPro-main\system\Database\BaseConnection.php(606): CodeIgniter\Database\BaseConnection->simpleQuery('SELECT *\nFROM `...')
#3 D:\TubesWebPro-main\system\Database\BaseBuilder.php(1616): CodeIgniter\Database\BaseConnection->query('SELECT *\nFROM `...', Array, false)
#4 D:\TubesWebPro-main\system\Model.php(241): CodeIgniter\Database\BaseBuilder->get()
#5 D:\TubesWebPro-main\system\BaseModel.php(618): CodeIgniter\Model->doFindAll(0, 0)
#6 D:\TubesWebPro-main\app\Controllers\Index.php(24): CodeIgniter\BaseModel->findAll()
#7 D:\TubesWebPro-main\system\CodeIgniter.php(932): App\Controllers\Index->index()
#8 D:\TubesWebPro-main\system\CodeIgniter.php(497): CodeIgniter\CodeIgniter->runController(Object(App\Controllers\Index))
#9 D:\TubesWebPro-main\system\CodeIgniter.php(366): CodeIgniter\CodeIgniter->handleRequest(NULL, Object(Config\Cache), false)
#10 D:\TubesWebPro-main\public\index.php(67): CodeIgniter\CodeIgniter->run()
#11 D:\TubesWebPro-main\system\Commands\Server\rewrite.php(47): require_once('D:\\TubesWebPro-...')
#12 {main}
CRITICAL - 2025-05-19 20:40:46 --> Table 'tubes_webpro.ruangan' doesn't exist
in SYSTEMPATH\Database\MySQLi\Connection.php on line 295.
 1 SYSTEMPATH\Database\MySQLi\Connection.php(295): mysqli->query('SELECT *
FROM `ruangan`', 0)
 2 SYSTEMPATH\Database\BaseConnection.php(692): CodeIgniter\Database\MySQLi\Connection->execute('SELECT *
FROM `ruangan`')
 3 SYSTEMPATH\Database\BaseConnection.php(606): CodeIgniter\Database\BaseConnection->simpleQuery('SELECT *
FROM `ruangan`')
 4 SYSTEMPATH\Database\BaseBuilder.php(1616): CodeIgniter\Database\BaseConnection->query('SELECT *
FROM `ruangan`', [], false)
 5 SYSTEMPATH\Model.php(241): CodeIgniter\Database\BaseBuilder->get()
 6 SYSTEMPATH\BaseModel.php(618): CodeIgniter\Model->doFindAll(0, 0)
 7 APPPATH\Controllers\Index.php(24): CodeIgniter\BaseModel->findAll()
 8 SYSTEMPATH\CodeIgniter.php(932): App\Controllers\Index->index()
 9 SYSTEMPATH\CodeIgniter.php(497): CodeIgniter\CodeIgniter->runController(Object(App\Controllers\Index))
10 SYSTEMPATH\CodeIgniter.php(366): CodeIgniter\CodeIgniter->handleRequest(null, Object(Config\Cache), false)
11 FCPATH\index.php(67): CodeIgniter\CodeIgniter->run()
12 SYSTEMPATH\Commands\Server\rewrite.php(47): require_once('D:\\TubesWebPro-main\\public\\index.php')
ERROR - 2025-05-19 20:40:47 --> mysqli_sql_exception: Table 'tubes_webpro.ruangan' doesn't exist in D:\TubesWebPro-main\system\Database\MySQLi\Connection.php:295
Stack trace:
#0 D:\TubesWebPro-main\system\Database\MySQLi\Connection.php(295): mysqli->query('SELECT *\nFROM `...', 0)
#1 D:\TubesWebPro-main\system\Database\BaseConnection.php(692): CodeIgniter\Database\MySQLi\Connection->execute('SELECT *\nFROM `...')
#2 D:\TubesWebPro-main\system\Database\BaseConnection.php(606): CodeIgniter\Database\BaseConnection->simpleQuery('SELECT *\nFROM `...')
#3 D:\TubesWebPro-main\system\Database\BaseBuilder.php(1616): CodeIgniter\Database\BaseConnection->query('SELECT *\nFROM `...', Array, false)
#4 D:\TubesWebPro-main\system\Model.php(241): CodeIgniter\Database\BaseBuilder->get()
#5 D:\TubesWebPro-main\system\BaseModel.php(618): CodeIgniter\Model->doFindAll(0, 0)
#6 D:\TubesWebPro-main\app\Controllers\Index.php(24): CodeIgniter\BaseModel->findAll()
#7 D:\TubesWebPro-main\system\CodeIgniter.php(932): App\Controllers\Index->index()
#8 D:\TubesWebPro-main\system\CodeIgniter.php(497): CodeIgniter\CodeIgniter->runController(Object(App\Controllers\Index))
#9 D:\TubesWebPro-main\system\CodeIgniter.php(366): CodeIgniter\CodeIgniter->handleRequest(NULL, Object(Config\Cache), false)
#10 D:\TubesWebPro-main\public\index.php(67): CodeIgniter\CodeIgniter->run()
#11 D:\TubesWebPro-main\system\Commands\Server\rewrite.php(47): require_once('D:\\TubesWebPro-...')
#12 {main}
CRITICAL - 2025-05-19 20:40:47 --> Table 'tubes_webpro.ruangan' doesn't exist
in SYSTEMPATH\Database\MySQLi\Connection.php on line 295.
 1 SYSTEMPATH\Database\MySQLi\Connection.php(295): mysqli->query('SELECT *
FROM `ruangan`', 0)
 2 SYSTEMPATH\Database\BaseConnection.php(692): CodeIgniter\Database\MySQLi\Connection->execute('SELECT *
FROM `ruangan`')
 3 SYSTEMPATH\Database\BaseConnection.php(606): CodeIgniter\Database\BaseConnection->simpleQuery('SELECT *
FROM `ruangan`')
 4 SYSTEMPATH\Database\BaseBuilder.php(1616): CodeIgniter\Database\BaseConnection->query('SELECT *
FROM `ruangan`', [], false)
 5 SYSTEMPATH\Model.php(241): CodeIgniter\Database\BaseBuilder->get()
 6 SYSTEMPATH\BaseModel.php(618): CodeIgniter\Model->doFindAll(0, 0)
 7 APPPATH\Controllers\Index.php(24): CodeIgniter\BaseModel->findAll()
 8 SYSTEMPATH\CodeIgniter.php(932): App\Controllers\Index->index()
 9 SYSTEMPATH\CodeIgniter.php(497): CodeIgniter\CodeIgniter->runController(Object(App\Controllers\Index))
10 SYSTEMPATH\CodeIgniter.php(366): CodeIgniter\CodeIgniter->handleRequest(null, Object(Config\Cache), false)
11 FCPATH\index.php(67): CodeIgniter\CodeIgniter->run()
12 SYSTEMPATH\Commands\Server\rewrite.php(47): require_once('D:\\TubesWebPro-main\\public\\index.php')
