ERROR - 2025-06-14 15:02:11 --> Error connecting to the database: mysqli_sql_exception: No such file or directory in /home/rie/Pinjam_Kelaz/system/Database/MySQLi/Connection.php:173
Stack trace:
#0 /home/rie/Pinjam_Kelaz/system/Database/MySQLi/Connection.php(173): mysqli->real_connect()
#1 /home/rie/Pinjam_Kelaz/system/Database/BaseConnection.php(391): CodeIgniter\Database\MySQLi\Connection->connect()
#2 /home/rie/Pinjam_Kelaz/system/Database/BaseConnection.php(574): CodeIgniter\Database\BaseConnection->initialize()
#3 /home/rie/Pinjam_Kelaz/system/Database/BaseBuilder.php(1616): CodeIgniter\Database\BaseConnection->query()
#4 /home/rie/Pinjam_Kelaz/system/Model.php(241): CodeIgniter\Database\BaseBuilder->get()
#5 /home/rie/Pinjam_Kelaz/system/BaseModel.php(618): CodeIgniter\Model->doFindAll()
#6 /home/rie/Pinjam_Kelaz/app/Controllers/Index.php(24): CodeIgniter\BaseModel->findAll()
#7 /home/rie/Pinjam_Kelaz/system/CodeIgniter.php(932): App\Controllers\Index->index()
#8 /home/rie/Pinjam_Kelaz/system/CodeIgniter.php(497): CodeIgniter\CodeIgniter->runController()
#9 /home/rie/Pinjam_Kelaz/system/CodeIgniter.php(366): CodeIgniter\CodeIgniter->handleRequest()
#10 /home/rie/Pinjam_Kelaz/public/index.php(67): CodeIgniter\CodeIgniter->run()
#11 /home/rie/Pinjam_Kelaz/system/Commands/Server/rewrite.php(47): require_once('...')
#12 {main}

Next CodeIgniter\Database\Exceptions\DatabaseException: No such file or directory in /home/rie/Pinjam_Kelaz/system/Database/MySQLi/Connection.php:218
Stack trace:
#0 /home/rie/Pinjam_Kelaz/system/Database/BaseConnection.php(391): CodeIgniter\Database\MySQLi\Connection->connect()
#1 /home/rie/Pinjam_Kelaz/system/Database/BaseConnection.php(574): CodeIgniter\Database\BaseConnection->initialize()
#2 /home/rie/Pinjam_Kelaz/system/Database/BaseBuilder.php(1616): CodeIgniter\Database\BaseConnection->query()
#3 /home/rie/Pinjam_Kelaz/system/Model.php(241): CodeIgniter\Database\BaseBuilder->get()
#4 /home/rie/Pinjam_Kelaz/system/BaseModel.php(618): CodeIgniter\Model->doFindAll()
#5 /home/rie/Pinjam_Kelaz/app/Controllers/Index.php(24): CodeIgniter\BaseModel->findAll()
#6 /home/rie/Pinjam_Kelaz/system/CodeIgniter.php(932): App\Controllers\Index->index()
#7 /home/rie/Pinjam_Kelaz/system/CodeIgniter.php(497): CodeIgniter\CodeIgniter->runController()
#8 /home/rie/Pinjam_Kelaz/system/CodeIgniter.php(366): CodeIgniter\CodeIgniter->handleRequest()
#9 /home/rie/Pinjam_Kelaz/public/index.php(67): CodeIgniter\CodeIgniter->run()
#10 /home/rie/Pinjam_Kelaz/system/Commands/Server/rewrite.php(47): require_once('...')
#11 {main}
CRITICAL - 2025-06-14 15:02:11 --> Unable to connect to the database.
Main connection [MySQLi]: No such file or directory
in SYSTEMPATH/Database/BaseConnection.php on line 427.
 1 SYSTEMPATH/Database/BaseConnection.php(574): CodeIgniter\Database\BaseConnection->initialize()
 2 SYSTEMPATH/Database/BaseBuilder.php(1616): CodeIgniter\Database\BaseConnection->query()
 3 SYSTEMPATH/Model.php(241): CodeIgniter\Database\BaseBuilder->get()
 4 SYSTEMPATH/BaseModel.php(618): CodeIgniter\Model->doFindAll()
 5 APPPATH/Controllers/Index.php(24): CodeIgniter\BaseModel->findAll()
 6 SYSTEMPATH/CodeIgniter.php(932): App\Controllers\Index->index()
 7 SYSTEMPATH/CodeIgniter.php(497): CodeIgniter\CodeIgniter->runController()
 8 SYSTEMPATH/CodeIgniter.php(366): CodeIgniter\CodeIgniter->handleRequest()
 9 FCPATH/index.php(67): CodeIgniter\CodeIgniter->run()
10 SYSTEMPATH/Commands/Server/rewrite.php(47): require_once('/home/rie/Pinjam_Kelaz/public/index.php')
ERROR - 2025-06-14 15:04:14 --> Error connecting to the database: mysqli_sql_exception: Access denied for user 'root'@'localhost' in /home/rie/Pinjam_Kelaz/system/Database/MySQLi/Connection.php:173
Stack trace:
#0 /home/rie/Pinjam_Kelaz/system/Database/MySQLi/Connection.php(173): mysqli->real_connect()
#1 /home/rie/Pinjam_Kelaz/system/Database/BaseConnection.php(391): CodeIgniter\Database\MySQLi\Connection->connect()
#2 /home/rie/Pinjam_Kelaz/system/Database/BaseConnection.php(574): CodeIgniter\Database\BaseConnection->initialize()
#3 /home/rie/Pinjam_Kelaz/system/Database/BaseBuilder.php(1616): CodeIgniter\Database\BaseConnection->query()
#4 /home/rie/Pinjam_Kelaz/system/Model.php(241): CodeIgniter\Database\BaseBuilder->get()
#5 /home/rie/Pinjam_Kelaz/system/BaseModel.php(618): CodeIgniter\Model->doFindAll()
#6 /home/rie/Pinjam_Kelaz/app/Controllers/Index.php(24): CodeIgniter\BaseModel->findAll()
#7 /home/rie/Pinjam_Kelaz/system/CodeIgniter.php(932): App\Controllers\Index->index()
#8 /home/rie/Pinjam_Kelaz/system/CodeIgniter.php(497): CodeIgniter\CodeIgniter->runController()
#9 /home/rie/Pinjam_Kelaz/system/CodeIgniter.php(366): CodeIgniter\CodeIgniter->handleRequest()
#10 /home/rie/Pinjam_Kelaz/public/index.php(67): CodeIgniter\CodeIgniter->run()
#11 /home/rie/Pinjam_Kelaz/system/Commands/Server/rewrite.php(47): require_once('...')
#12 {main}

Next CodeIgniter\Database\Exceptions\DatabaseException: Access denied for user '****'@'localhost' in /home/rie/Pinjam_Kelaz/system/Database/MySQLi/Connection.php:218
Stack trace:
#0 /home/rie/Pinjam_Kelaz/system/Database/BaseConnection.php(391): CodeIgniter\Database\MySQLi\Connection->connect()
#1 /home/rie/Pinjam_Kelaz/system/Database/BaseConnection.php(574): CodeIgniter\Database\BaseConnection->initialize()
#2 /home/rie/Pinjam_Kelaz/system/Database/BaseBuilder.php(1616): CodeIgniter\Database\BaseConnection->query()
#3 /home/rie/Pinjam_Kelaz/system/Model.php(241): CodeIgniter\Database\BaseBuilder->get()
#4 /home/rie/Pinjam_Kelaz/system/BaseModel.php(618): CodeIgniter\Model->doFindAll()
#5 /home/rie/Pinjam_Kelaz/app/Controllers/Index.php(24): CodeIgniter\BaseModel->findAll()
#6 /home/rie/Pinjam_Kelaz/system/CodeIgniter.php(932): App\Controllers\Index->index()
#7 /home/rie/Pinjam_Kelaz/system/CodeIgniter.php(497): CodeIgniter\CodeIgniter->runController()
#8 /home/rie/Pinjam_Kelaz/system/CodeIgniter.php(366): CodeIgniter\CodeIgniter->handleRequest()
#9 /home/rie/Pinjam_Kelaz/public/index.php(67): CodeIgniter\CodeIgniter->run()
#10 /home/rie/Pinjam_Kelaz/system/Commands/Server/rewrite.php(47): require_once('...')
#11 {main}
CRITICAL - 2025-06-14 15:04:14 --> Unable to connect to the database.
Main connection [MySQLi]: Access denied for user '****'@'localhost'
in SYSTEMPATH/Database/BaseConnection.php on line 427.
 1 SYSTEMPATH/Database/BaseConnection.php(574): CodeIgniter\Database\BaseConnection->initialize()
 2 SYSTEMPATH/Database/BaseBuilder.php(1616): CodeIgniter\Database\BaseConnection->query()
 3 SYSTEMPATH/Model.php(241): CodeIgniter\Database\BaseBuilder->get()
 4 SYSTEMPATH/BaseModel.php(618): CodeIgniter\Model->doFindAll()
 5 APPPATH/Controllers/Index.php(24): CodeIgniter\BaseModel->findAll()
 6 SYSTEMPATH/CodeIgniter.php(932): App\Controllers\Index->index()
 7 SYSTEMPATH/CodeIgniter.php(497): CodeIgniter\CodeIgniter->runController()
 8 SYSTEMPATH/CodeIgniter.php(366): CodeIgniter\CodeIgniter->handleRequest()
 9 FCPATH/index.php(67): CodeIgniter\CodeIgniter->run()
10 SYSTEMPATH/Commands/Server/rewrite.php(47): require_once('/home/rie/Pinjam_Kelaz/public/index.php')
ERROR - 2025-06-14 15:04:16 --> Error connecting to the database: mysqli_sql_exception: Access denied for user 'root'@'localhost' in /home/rie/Pinjam_Kelaz/system/Database/MySQLi/Connection.php:173
Stack trace:
#0 /home/rie/Pinjam_Kelaz/system/Database/MySQLi/Connection.php(173): mysqli->real_connect()
#1 /home/rie/Pinjam_Kelaz/system/Database/BaseConnection.php(391): CodeIgniter\Database\MySQLi\Connection->connect()
#2 /home/rie/Pinjam_Kelaz/system/Database/BaseConnection.php(574): CodeIgniter\Database\BaseConnection->initialize()
#3 /home/rie/Pinjam_Kelaz/system/Database/BaseBuilder.php(1616): CodeIgniter\Database\BaseConnection->query()
#4 /home/rie/Pinjam_Kelaz/system/Model.php(241): CodeIgniter\Database\BaseBuilder->get()
#5 /home/rie/Pinjam_Kelaz/system/BaseModel.php(618): CodeIgniter\Model->doFindAll()
#6 /home/rie/Pinjam_Kelaz/app/Controllers/Index.php(24): CodeIgniter\BaseModel->findAll()
#7 /home/rie/Pinjam_Kelaz/system/CodeIgniter.php(932): App\Controllers\Index->index()
#8 /home/rie/Pinjam_Kelaz/system/CodeIgniter.php(497): CodeIgniter\CodeIgniter->runController()
#9 /home/rie/Pinjam_Kelaz/system/CodeIgniter.php(366): CodeIgniter\CodeIgniter->handleRequest()
#10 /home/rie/Pinjam_Kelaz/public/index.php(67): CodeIgniter\CodeIgniter->run()
#11 /home/rie/Pinjam_Kelaz/system/Commands/Server/rewrite.php(47): require_once('...')
#12 {main}

Next CodeIgniter\Database\Exceptions\DatabaseException: Access denied for user '****'@'localhost' in /home/rie/Pinjam_Kelaz/system/Database/MySQLi/Connection.php:218
Stack trace:
#0 /home/rie/Pinjam_Kelaz/system/Database/BaseConnection.php(391): CodeIgniter\Database\MySQLi\Connection->connect()
#1 /home/rie/Pinjam_Kelaz/system/Database/BaseConnection.php(574): CodeIgniter\Database\BaseConnection->initialize()
#2 /home/rie/Pinjam_Kelaz/system/Database/BaseBuilder.php(1616): CodeIgniter\Database\BaseConnection->query()
#3 /home/rie/Pinjam_Kelaz/system/Model.php(241): CodeIgniter\Database\BaseBuilder->get()
#4 /home/rie/Pinjam_Kelaz/system/BaseModel.php(618): CodeIgniter\Model->doFindAll()
#5 /home/rie/Pinjam_Kelaz/app/Controllers/Index.php(24): CodeIgniter\BaseModel->findAll()
#6 /home/rie/Pinjam_Kelaz/system/CodeIgniter.php(932): App\Controllers\Index->index()
#7 /home/rie/Pinjam_Kelaz/system/CodeIgniter.php(497): CodeIgniter\CodeIgniter->runController()
#8 /home/rie/Pinjam_Kelaz/system/CodeIgniter.php(366): CodeIgniter\CodeIgniter->handleRequest()
#9 /home/rie/Pinjam_Kelaz/public/index.php(67): CodeIgniter\CodeIgniter->run()
#10 /home/rie/Pinjam_Kelaz/system/Commands/Server/rewrite.php(47): require_once('...')
#11 {main}
CRITICAL - 2025-06-14 15:04:16 --> Unable to connect to the database.
Main connection [MySQLi]: Access denied for user '****'@'localhost'
in SYSTEMPATH/Database/BaseConnection.php on line 427.
 1 SYSTEMPATH/Database/BaseConnection.php(574): CodeIgniter\Database\BaseConnection->initialize()
 2 SYSTEMPATH/Database/BaseBuilder.php(1616): CodeIgniter\Database\BaseConnection->query()
 3 SYSTEMPATH/Model.php(241): CodeIgniter\Database\BaseBuilder->get()
 4 SYSTEMPATH/BaseModel.php(618): CodeIgniter\Model->doFindAll()
 5 APPPATH/Controllers/Index.php(24): CodeIgniter\BaseModel->findAll()
 6 SYSTEMPATH/CodeIgniter.php(932): App\Controllers\Index->index()
 7 SYSTEMPATH/CodeIgniter.php(497): CodeIgniter\CodeIgniter->runController()
 8 SYSTEMPATH/CodeIgniter.php(366): CodeIgniter\CodeIgniter->handleRequest()
 9 FCPATH/index.php(67): CodeIgniter\CodeIgniter->run()
10 SYSTEMPATH/Commands/Server/rewrite.php(47): require_once('/home/rie/Pinjam_Kelaz/public/index.php')
ERROR - 2025-06-14 15:04:17 --> Error connecting to the database: mysqli_sql_exception: Access denied for user 'root'@'localhost' in /home/rie/Pinjam_Kelaz/system/Database/MySQLi/Connection.php:173
Stack trace:
#0 /home/rie/Pinjam_Kelaz/system/Database/MySQLi/Connection.php(173): mysqli->real_connect()
#1 /home/rie/Pinjam_Kelaz/system/Database/BaseConnection.php(391): CodeIgniter\Database\MySQLi\Connection->connect()
#2 /home/rie/Pinjam_Kelaz/system/Database/BaseConnection.php(574): CodeIgniter\Database\BaseConnection->initialize()
#3 /home/rie/Pinjam_Kelaz/system/Database/BaseBuilder.php(1616): CodeIgniter\Database\BaseConnection->query()
#4 /home/rie/Pinjam_Kelaz/system/Model.php(241): CodeIgniter\Database\BaseBuilder->get()
#5 /home/rie/Pinjam_Kelaz/system/BaseModel.php(618): CodeIgniter\Model->doFindAll()
#6 /home/rie/Pinjam_Kelaz/app/Controllers/Index.php(24): CodeIgniter\BaseModel->findAll()
#7 /home/rie/Pinjam_Kelaz/system/CodeIgniter.php(932): App\Controllers\Index->index()
#8 /home/rie/Pinjam_Kelaz/system/CodeIgniter.php(497): CodeIgniter\CodeIgniter->runController()
#9 /home/rie/Pinjam_Kelaz/system/CodeIgniter.php(366): CodeIgniter\CodeIgniter->handleRequest()
#10 /home/rie/Pinjam_Kelaz/public/index.php(67): CodeIgniter\CodeIgniter->run()
#11 /home/rie/Pinjam_Kelaz/system/Commands/Server/rewrite.php(47): require_once('...')
#12 {main}

Next CodeIgniter\Database\Exceptions\DatabaseException: Access denied for user '****'@'localhost' in /home/rie/Pinjam_Kelaz/system/Database/MySQLi/Connection.php:218
Stack trace:
#0 /home/rie/Pinjam_Kelaz/system/Database/BaseConnection.php(391): CodeIgniter\Database\MySQLi\Connection->connect()
#1 /home/rie/Pinjam_Kelaz/system/Database/BaseConnection.php(574): CodeIgniter\Database\BaseConnection->initialize()
#2 /home/rie/Pinjam_Kelaz/system/Database/BaseBuilder.php(1616): CodeIgniter\Database\BaseConnection->query()
#3 /home/rie/Pinjam_Kelaz/system/Model.php(241): CodeIgniter\Database\BaseBuilder->get()
#4 /home/rie/Pinjam_Kelaz/system/BaseModel.php(618): CodeIgniter\Model->doFindAll()
#5 /home/rie/Pinjam_Kelaz/app/Controllers/Index.php(24): CodeIgniter\BaseModel->findAll()
#6 /home/rie/Pinjam_Kelaz/system/CodeIgniter.php(932): App\Controllers\Index->index()
#7 /home/rie/Pinjam_Kelaz/system/CodeIgniter.php(497): CodeIgniter\CodeIgniter->runController()
#8 /home/rie/Pinjam_Kelaz/system/CodeIgniter.php(366): CodeIgniter\CodeIgniter->handleRequest()
#9 /home/rie/Pinjam_Kelaz/public/index.php(67): CodeIgniter\CodeIgniter->run()
#10 /home/rie/Pinjam_Kelaz/system/Commands/Server/rewrite.php(47): require_once('...')
#11 {main}
CRITICAL - 2025-06-14 15:04:17 --> Unable to connect to the database.
Main connection [MySQLi]: Access denied for user '****'@'localhost'
in SYSTEMPATH/Database/BaseConnection.php on line 427.
 1 SYSTEMPATH/Database/BaseConnection.php(574): CodeIgniter\Database\BaseConnection->initialize()
 2 SYSTEMPATH/Database/BaseBuilder.php(1616): CodeIgniter\Database\BaseConnection->query()
 3 SYSTEMPATH/Model.php(241): CodeIgniter\Database\BaseBuilder->get()
 4 SYSTEMPATH/BaseModel.php(618): CodeIgniter\Model->doFindAll()
 5 APPPATH/Controllers/Index.php(24): CodeIgniter\BaseModel->findAll()
 6 SYSTEMPATH/CodeIgniter.php(932): App\Controllers\Index->index()
 7 SYSTEMPATH/CodeIgniter.php(497): CodeIgniter\CodeIgniter->runController()
 8 SYSTEMPATH/CodeIgniter.php(366): CodeIgniter\CodeIgniter->handleRequest()
 9 FCPATH/index.php(67): CodeIgniter\CodeIgniter->run()
10 SYSTEMPATH/Commands/Server/rewrite.php(47): require_once('/home/rie/Pinjam_Kelaz/public/index.php')
ERROR - 2025-06-14 15:04:17 --> Error connecting to the database: mysqli_sql_exception: Access denied for user 'root'@'localhost' in /home/rie/Pinjam_Kelaz/system/Database/MySQLi/Connection.php:173
Stack trace:
#0 /home/rie/Pinjam_Kelaz/system/Database/MySQLi/Connection.php(173): mysqli->real_connect()
#1 /home/rie/Pinjam_Kelaz/system/Database/BaseConnection.php(391): CodeIgniter\Database\MySQLi\Connection->connect()
#2 /home/rie/Pinjam_Kelaz/system/Database/BaseConnection.php(574): CodeIgniter\Database\BaseConnection->initialize()
#3 /home/rie/Pinjam_Kelaz/system/Database/BaseBuilder.php(1616): CodeIgniter\Database\BaseConnection->query()
#4 /home/rie/Pinjam_Kelaz/system/Model.php(241): CodeIgniter\Database\BaseBuilder->get()
#5 /home/rie/Pinjam_Kelaz/system/BaseModel.php(618): CodeIgniter\Model->doFindAll()
#6 /home/rie/Pinjam_Kelaz/app/Controllers/Index.php(24): CodeIgniter\BaseModel->findAll()
#7 /home/rie/Pinjam_Kelaz/system/CodeIgniter.php(932): App\Controllers\Index->index()
#8 /home/rie/Pinjam_Kelaz/system/CodeIgniter.php(497): CodeIgniter\CodeIgniter->runController()
#9 /home/rie/Pinjam_Kelaz/system/CodeIgniter.php(366): CodeIgniter\CodeIgniter->handleRequest()
#10 /home/rie/Pinjam_Kelaz/public/index.php(67): CodeIgniter\CodeIgniter->run()
#11 /home/rie/Pinjam_Kelaz/system/Commands/Server/rewrite.php(47): require_once('...')
#12 {main}

Next CodeIgniter\Database\Exceptions\DatabaseException: Access denied for user '****'@'localhost' in /home/rie/Pinjam_Kelaz/system/Database/MySQLi/Connection.php:218
Stack trace:
#0 /home/rie/Pinjam_Kelaz/system/Database/BaseConnection.php(391): CodeIgniter\Database\MySQLi\Connection->connect()
#1 /home/rie/Pinjam_Kelaz/system/Database/BaseConnection.php(574): CodeIgniter\Database\BaseConnection->initialize()
#2 /home/rie/Pinjam_Kelaz/system/Database/BaseBuilder.php(1616): CodeIgniter\Database\BaseConnection->query()
#3 /home/rie/Pinjam_Kelaz/system/Model.php(241): CodeIgniter\Database\BaseBuilder->get()
#4 /home/rie/Pinjam_Kelaz/system/BaseModel.php(618): CodeIgniter\Model->doFindAll()
#5 /home/rie/Pinjam_Kelaz/app/Controllers/Index.php(24): CodeIgniter\BaseModel->findAll()
#6 /home/rie/Pinjam_Kelaz/system/CodeIgniter.php(932): App\Controllers\Index->index()
#7 /home/rie/Pinjam_Kelaz/system/CodeIgniter.php(497): CodeIgniter\CodeIgniter->runController()
#8 /home/rie/Pinjam_Kelaz/system/CodeIgniter.php(366): CodeIgniter\CodeIgniter->handleRequest()
#9 /home/rie/Pinjam_Kelaz/public/index.php(67): CodeIgniter\CodeIgniter->run()
#10 /home/rie/Pinjam_Kelaz/system/Commands/Server/rewrite.php(47): require_once('...')
#11 {main}
CRITICAL - 2025-06-14 15:04:17 --> Unable to connect to the database.
Main connection [MySQLi]: Access denied for user '****'@'localhost'
in SYSTEMPATH/Database/BaseConnection.php on line 427.
 1 SYSTEMPATH/Database/BaseConnection.php(574): CodeIgniter\Database\BaseConnection->initialize()
 2 SYSTEMPATH/Database/BaseBuilder.php(1616): CodeIgniter\Database\BaseConnection->query()
 3 SYSTEMPATH/Model.php(241): CodeIgniter\Database\BaseBuilder->get()
 4 SYSTEMPATH/BaseModel.php(618): CodeIgniter\Model->doFindAll()
 5 APPPATH/Controllers/Index.php(24): CodeIgniter\BaseModel->findAll()
 6 SYSTEMPATH/CodeIgniter.php(932): App\Controllers\Index->index()
 7 SYSTEMPATH/CodeIgniter.php(497): CodeIgniter\CodeIgniter->runController()
 8 SYSTEMPATH/CodeIgniter.php(366): CodeIgniter\CodeIgniter->handleRequest()
 9 FCPATH/index.php(67): CodeIgniter\CodeIgniter->run()
10 SYSTEMPATH/Commands/Server/rewrite.php(47): require_once('/home/rie/Pinjam_Kelaz/public/index.php')
ERROR - 2025-06-14 15:04:17 --> Error connecting to the database: mysqli_sql_exception: Access denied for user 'root'@'localhost' in /home/rie/Pinjam_Kelaz/system/Database/MySQLi/Connection.php:173
Stack trace:
#0 /home/rie/Pinjam_Kelaz/system/Database/MySQLi/Connection.php(173): mysqli->real_connect()
#1 /home/rie/Pinjam_Kelaz/system/Database/BaseConnection.php(391): CodeIgniter\Database\MySQLi\Connection->connect()
#2 /home/rie/Pinjam_Kelaz/system/Database/BaseConnection.php(574): CodeIgniter\Database\BaseConnection->initialize()
#3 /home/rie/Pinjam_Kelaz/system/Database/BaseBuilder.php(1616): CodeIgniter\Database\BaseConnection->query()
#4 /home/rie/Pinjam_Kelaz/system/Model.php(241): CodeIgniter\Database\BaseBuilder->get()
#5 /home/rie/Pinjam_Kelaz/system/BaseModel.php(618): CodeIgniter\Model->doFindAll()
#6 /home/rie/Pinjam_Kelaz/app/Controllers/Index.php(24): CodeIgniter\BaseModel->findAll()
#7 /home/rie/Pinjam_Kelaz/system/CodeIgniter.php(932): App\Controllers\Index->index()
#8 /home/rie/Pinjam_Kelaz/system/CodeIgniter.php(497): CodeIgniter\CodeIgniter->runController()
#9 /home/rie/Pinjam_Kelaz/system/CodeIgniter.php(366): CodeIgniter\CodeIgniter->handleRequest()
#10 /home/rie/Pinjam_Kelaz/public/index.php(67): CodeIgniter\CodeIgniter->run()
#11 /home/rie/Pinjam_Kelaz/system/Commands/Server/rewrite.php(47): require_once('...')
#12 {main}

Next CodeIgniter\Database\Exceptions\DatabaseException: Access denied for user '****'@'localhost' in /home/rie/Pinjam_Kelaz/system/Database/MySQLi/Connection.php:218
Stack trace:
#0 /home/rie/Pinjam_Kelaz/system/Database/BaseConnection.php(391): CodeIgniter\Database\MySQLi\Connection->connect()
#1 /home/rie/Pinjam_Kelaz/system/Database/BaseConnection.php(574): CodeIgniter\Database\BaseConnection->initialize()
#2 /home/rie/Pinjam_Kelaz/system/Database/BaseBuilder.php(1616): CodeIgniter\Database\BaseConnection->query()
#3 /home/rie/Pinjam_Kelaz/system/Model.php(241): CodeIgniter\Database\BaseBuilder->get()
#4 /home/rie/Pinjam_Kelaz/system/BaseModel.php(618): CodeIgniter\Model->doFindAll()
#5 /home/rie/Pinjam_Kelaz/app/Controllers/Index.php(24): CodeIgniter\BaseModel->findAll()
#6 /home/rie/Pinjam_Kelaz/system/CodeIgniter.php(932): App\Controllers\Index->index()
#7 /home/rie/Pinjam_Kelaz/system/CodeIgniter.php(497): CodeIgniter\CodeIgniter->runController()
#8 /home/rie/Pinjam_Kelaz/system/CodeIgniter.php(366): CodeIgniter\CodeIgniter->handleRequest()
#9 /home/rie/Pinjam_Kelaz/public/index.php(67): CodeIgniter\CodeIgniter->run()
#10 /home/rie/Pinjam_Kelaz/system/Commands/Server/rewrite.php(47): require_once('...')
#11 {main}
CRITICAL - 2025-06-14 15:04:17 --> Unable to connect to the database.
Main connection [MySQLi]: Access denied for user '****'@'localhost'
in SYSTEMPATH/Database/BaseConnection.php on line 427.
 1 SYSTEMPATH/Database/BaseConnection.php(574): CodeIgniter\Database\BaseConnection->initialize()
 2 SYSTEMPATH/Database/BaseBuilder.php(1616): CodeIgniter\Database\BaseConnection->query()
 3 SYSTEMPATH/Model.php(241): CodeIgniter\Database\BaseBuilder->get()
 4 SYSTEMPATH/BaseModel.php(618): CodeIgniter\Model->doFindAll()
 5 APPPATH/Controllers/Index.php(24): CodeIgniter\BaseModel->findAll()
 6 SYSTEMPATH/CodeIgniter.php(932): App\Controllers\Index->index()
 7 SYSTEMPATH/CodeIgniter.php(497): CodeIgniter\CodeIgniter->runController()
 8 SYSTEMPATH/CodeIgniter.php(366): CodeIgniter\CodeIgniter->handleRequest()
 9 FCPATH/index.php(67): CodeIgniter\CodeIgniter->run()
10 SYSTEMPATH/Commands/Server/rewrite.php(47): require_once('/home/rie/Pinjam_Kelaz/public/index.php')
ERROR - 2025-06-14 15:06:20 --> Error connecting to the database: mysqli_sql_exception: Access denied for user 'root'@'localhost' in /home/rie/Pinjam_Kelaz/system/Database/MySQLi/Connection.php:173
Stack trace:
#0 /home/rie/Pinjam_Kelaz/system/Database/MySQLi/Connection.php(173): mysqli->real_connect()
#1 /home/rie/Pinjam_Kelaz/system/Database/BaseConnection.php(391): CodeIgniter\Database\MySQLi\Connection->connect()
#2 /home/rie/Pinjam_Kelaz/system/Database/BaseConnection.php(574): CodeIgniter\Database\BaseConnection->initialize()
#3 /home/rie/Pinjam_Kelaz/system/Database/BaseBuilder.php(1616): CodeIgniter\Database\BaseConnection->query()
#4 /home/rie/Pinjam_Kelaz/system/Model.php(241): CodeIgniter\Database\BaseBuilder->get()
#5 /home/rie/Pinjam_Kelaz/system/BaseModel.php(618): CodeIgniter\Model->doFindAll()
#6 /home/rie/Pinjam_Kelaz/app/Controllers/Index.php(24): CodeIgniter\BaseModel->findAll()
#7 /home/rie/Pinjam_Kelaz/system/CodeIgniter.php(932): App\Controllers\Index->index()
#8 /home/rie/Pinjam_Kelaz/system/CodeIgniter.php(497): CodeIgniter\CodeIgniter->runController()
#9 /home/rie/Pinjam_Kelaz/system/CodeIgniter.php(366): CodeIgniter\CodeIgniter->handleRequest()
#10 /home/rie/Pinjam_Kelaz/public/index.php(67): CodeIgniter\CodeIgniter->run()
#11 /home/rie/Pinjam_Kelaz/system/Commands/Server/rewrite.php(47): require_once('...')
#12 {main}

Next CodeIgniter\Database\Exceptions\DatabaseException: Access denied for user '****'@'localhost' in /home/rie/Pinjam_Kelaz/system/Database/MySQLi/Connection.php:218
Stack trace:
#0 /home/rie/Pinjam_Kelaz/system/Database/BaseConnection.php(391): CodeIgniter\Database\MySQLi\Connection->connect()
#1 /home/rie/Pinjam_Kelaz/system/Database/BaseConnection.php(574): CodeIgniter\Database\BaseConnection->initialize()
#2 /home/rie/Pinjam_Kelaz/system/Database/BaseBuilder.php(1616): CodeIgniter\Database\BaseConnection->query()
#3 /home/rie/Pinjam_Kelaz/system/Model.php(241): CodeIgniter\Database\BaseBuilder->get()
#4 /home/rie/Pinjam_Kelaz/system/BaseModel.php(618): CodeIgniter\Model->doFindAll()
#5 /home/rie/Pinjam_Kelaz/app/Controllers/Index.php(24): CodeIgniter\BaseModel->findAll()
#6 /home/rie/Pinjam_Kelaz/system/CodeIgniter.php(932): App\Controllers\Index->index()
#7 /home/rie/Pinjam_Kelaz/system/CodeIgniter.php(497): CodeIgniter\CodeIgniter->runController()
#8 /home/rie/Pinjam_Kelaz/system/CodeIgniter.php(366): CodeIgniter\CodeIgniter->handleRequest()
#9 /home/rie/Pinjam_Kelaz/public/index.php(67): CodeIgniter\CodeIgniter->run()
#10 /home/rie/Pinjam_Kelaz/system/Commands/Server/rewrite.php(47): require_once('...')
#11 {main}
CRITICAL - 2025-06-14 15:06:20 --> Unable to connect to the database.
Main connection [MySQLi]: Access denied for user '****'@'localhost'
in SYSTEMPATH/Database/BaseConnection.php on line 427.
 1 SYSTEMPATH/Database/BaseConnection.php(574): CodeIgniter\Database\BaseConnection->initialize()
 2 SYSTEMPATH/Database/BaseBuilder.php(1616): CodeIgniter\Database\BaseConnection->query()
 3 SYSTEMPATH/Model.php(241): CodeIgniter\Database\BaseBuilder->get()
 4 SYSTEMPATH/BaseModel.php(618): CodeIgniter\Model->doFindAll()
 5 APPPATH/Controllers/Index.php(24): CodeIgniter\BaseModel->findAll()
 6 SYSTEMPATH/CodeIgniter.php(932): App\Controllers\Index->index()
 7 SYSTEMPATH/CodeIgniter.php(497): CodeIgniter\CodeIgniter->runController()
 8 SYSTEMPATH/CodeIgniter.php(366): CodeIgniter\CodeIgniter->handleRequest()
 9 FCPATH/index.php(67): CodeIgniter\CodeIgniter->run()
10 SYSTEMPATH/Commands/Server/rewrite.php(47): require_once('/home/rie/Pinjam_Kelaz/public/index.php')
ERROR - 2025-06-14 15:19:23 --> Error connecting to the database: mysqli_sql_exception: Unknown database 'tubes_webpro' in /home/rie/Pinjam_Kelaz/system/Database/MySQLi/Connection.php:173
Stack trace:
#0 /home/rie/Pinjam_Kelaz/system/Database/MySQLi/Connection.php(173): mysqli->real_connect()
#1 /home/rie/Pinjam_Kelaz/system/Database/BaseConnection.php(391): CodeIgniter\Database\MySQLi\Connection->connect()
#2 /home/rie/Pinjam_Kelaz/system/Database/BaseConnection.php(574): CodeIgniter\Database\BaseConnection->initialize()
#3 /home/rie/Pinjam_Kelaz/system/Database/BaseBuilder.php(1616): CodeIgniter\Database\BaseConnection->query()
#4 /home/rie/Pinjam_Kelaz/system/Model.php(241): CodeIgniter\Database\BaseBuilder->get()
#5 /home/rie/Pinjam_Kelaz/system/BaseModel.php(618): CodeIgniter\Model->doFindAll()
#6 /home/rie/Pinjam_Kelaz/app/Controllers/Index.php(24): CodeIgniter\BaseModel->findAll()
#7 /home/rie/Pinjam_Kelaz/system/CodeIgniter.php(932): App\Controllers\Index->index()
#8 /home/rie/Pinjam_Kelaz/system/CodeIgniter.php(497): CodeIgniter\CodeIgniter->runController()
#9 /home/rie/Pinjam_Kelaz/system/CodeIgniter.php(366): CodeIgniter\CodeIgniter->handleRequest()
#10 /home/rie/Pinjam_Kelaz/public/index.php(67): CodeIgniter\CodeIgniter->run()
#11 /home/rie/Pinjam_Kelaz/system/Commands/Server/rewrite.php(47): require_once('...')
#12 {main}

Next CodeIgniter\Database\Exceptions\DatabaseException: Unknown database 'tubes_webpro' in /home/rie/Pinjam_Kelaz/system/Database/MySQLi/Connection.php:218
Stack trace:
#0 /home/rie/Pinjam_Kelaz/system/Database/BaseConnection.php(391): CodeIgniter\Database\MySQLi\Connection->connect()
#1 /home/rie/Pinjam_Kelaz/system/Database/BaseConnection.php(574): CodeIgniter\Database\BaseConnection->initialize()
#2 /home/rie/Pinjam_Kelaz/system/Database/BaseBuilder.php(1616): CodeIgniter\Database\BaseConnection->query()
#3 /home/rie/Pinjam_Kelaz/system/Model.php(241): CodeIgniter\Database\BaseBuilder->get()
#4 /home/rie/Pinjam_Kelaz/system/BaseModel.php(618): CodeIgniter\Model->doFindAll()
#5 /home/rie/Pinjam_Kelaz/app/Controllers/Index.php(24): CodeIgniter\BaseModel->findAll()
#6 /home/rie/Pinjam_Kelaz/system/CodeIgniter.php(932): App\Controllers\Index->index()
#7 /home/rie/Pinjam_Kelaz/system/CodeIgniter.php(497): CodeIgniter\CodeIgniter->runController()
#8 /home/rie/Pinjam_Kelaz/system/CodeIgniter.php(366): CodeIgniter\CodeIgniter->handleRequest()
#9 /home/rie/Pinjam_Kelaz/public/index.php(67): CodeIgniter\CodeIgniter->run()
#10 /home/rie/Pinjam_Kelaz/system/Commands/Server/rewrite.php(47): require_once('...')
#11 {main}
CRITICAL - 2025-06-14 15:19:23 --> Unable to connect to the database.
Main connection [MySQLi]: Unknown database 'tubes_webpro'
in SYSTEMPATH/Database/BaseConnection.php on line 427.
 1 SYSTEMPATH/Database/BaseConnection.php(574): CodeIgniter\Database\BaseConnection->initialize()
 2 SYSTEMPATH/Database/BaseBuilder.php(1616): CodeIgniter\Database\BaseConnection->query()
 3 SYSTEMPATH/Model.php(241): CodeIgniter\Database\BaseBuilder->get()
 4 SYSTEMPATH/BaseModel.php(618): CodeIgniter\Model->doFindAll()
 5 APPPATH/Controllers/Index.php(24): CodeIgniter\BaseModel->findAll()
 6 SYSTEMPATH/CodeIgniter.php(932): App\Controllers\Index->index()
 7 SYSTEMPATH/CodeIgniter.php(497): CodeIgniter\CodeIgniter->runController()
 8 SYSTEMPATH/CodeIgniter.php(366): CodeIgniter\CodeIgniter->handleRequest()
 9 FCPATH/index.php(67): CodeIgniter\CodeIgniter->run()
10 SYSTEMPATH/Commands/Server/rewrite.php(47): require_once('/home/rie/Pinjam_Kelaz/public/index.php')
WARNING - 2025-06-14 15:21:14 --> [DEPRECATED] ini_set(): session.sid_length INI setting is deprecated in SYSTEMPATH/Session/Handlers/FileHandler.php on line 319.
 1 SYSTEMPATH/Session/Handlers/FileHandler.php(319): ini_set('session.sid_length', '40')
 2 SYSTEMPATH/Session/Handlers/FileHandler.php(83): CodeIgniter\Session\Handlers\FileHandler->configureSessionIDRegex()
 3 SYSTEMPATH/Config/Services.php(667): CodeIgniter\Session\Handlers\FileHandler->__construct(Object(Config\App), '::1')
 4 SYSTEMPATH/Config/BaseService.php(252): CodeIgniter\Config\Services::session(Object(Config\App), false)
 5 SYSTEMPATH/Config/BaseService.php(193): CodeIgniter\Config\BaseService::__callStatic('session', [...])
 6 SYSTEMPATH/Config/Services.php(641): CodeIgniter\Config\BaseService::getSharedInstance('session', null)
 7 SYSTEMPATH/Config/BaseService.php(252): CodeIgniter\Config\Services::session()
 8 SYSTEMPATH/Common.php(984): CodeIgniter\Config\BaseService::__callStatic('session', [])
 9 APPPATH/Views/index.php(2): session()
10 SYSTEMPATH/View/View.php(224): include('/home/rie/Pinjam_Kelaz/app/Views/index.php')
11 SYSTEMPATH/View/View.php(227): CodeIgniter\View\View->{closure:CodeIgniter\View\View::render():221}()
12 SYSTEMPATH/Common.php(1180): CodeIgniter\View\View->render('index', [], true)
13 APPPATH/Controllers/Index.php(90): view('index', [...])
14 SYSTEMPATH/CodeIgniter.php(932): App\Controllers\Index->index()
15 SYSTEMPATH/CodeIgniter.php(497): CodeIgniter\CodeIgniter->runController(Object(App\Controllers\Index))
16 SYSTEMPATH/CodeIgniter.php(366): CodeIgniter\CodeIgniter->handleRequest(null, Object(Config\Cache), false)
17 FCPATH/index.php(67): CodeIgniter\CodeIgniter->run()
18 SYSTEMPATH/Commands/Server/rewrite.php(47): require_once('/home/rie/Pinjam_Kelaz/public/index.php')
CRITICAL - 2025-06-14 15:21:14 --> Declaration of CodeIgniter\I18n\TimeTrait::createFromTimestamp(int $timestamp, $timezone = null, ?string $locale = null) must be compatible with DateTimeImmutable::createFromTimestamp(int|float $timestamp): CodeIgniter\Autoloader\Autoloader
in SYSTEMPATH/I18n/TimeTrait.php on line 258.
 1 [internal function]: CodeIgniter\Debug\Exceptions->shutdownHandler()
WARNING - 2025-06-14 15:25:06 --> [DEPRECATED] ini_set(): session.sid_length INI setting is deprecated in SYSTEMPATH/Session/Handlers/FileHandler.php on line 319.
 1 SYSTEMPATH/Session/Handlers/FileHandler.php(319): ini_set('session.sid_length', '40')
 2 SYSTEMPATH/Session/Handlers/FileHandler.php(83): CodeIgniter\Session\Handlers\FileHandler->configureSessionIDRegex()
 3 SYSTEMPATH/Config/Services.php(667): CodeIgniter\Session\Handlers\FileHandler->__construct(Object(Config\App), '::1')
 4 SYSTEMPATH/Config/BaseService.php(252): CodeIgniter\Config\Services::session(Object(Config\App), false)
 5 SYSTEMPATH/Config/BaseService.php(193): CodeIgniter\Config\BaseService::__callStatic('session', [...])
 6 SYSTEMPATH/Config/Services.php(641): CodeIgniter\Config\BaseService::getSharedInstance('session', null)
 7 SYSTEMPATH/Config/BaseService.php(252): CodeIgniter\Config\Services::session()
 8 SYSTEMPATH/Common.php(984): CodeIgniter\Config\BaseService::__callStatic('session', [])
 9 APPPATH/Views/index.php(2): session()
10 SYSTEMPATH/View/View.php(224): include('/home/rie/Pinjam_Kelaz/app/Views/index.php')
11 SYSTEMPATH/View/View.php(227): CodeIgniter\View\View->{closure:CodeIgniter\View\View::render():221}()
12 SYSTEMPATH/Common.php(1180): CodeIgniter\View\View->render('index', [], true)
13 APPPATH/Controllers/Index.php(90): view('index', [...])
14 SYSTEMPATH/CodeIgniter.php(932): App\Controllers\Index->index()
15 SYSTEMPATH/CodeIgniter.php(497): CodeIgniter\CodeIgniter->runController(Object(App\Controllers\Index))
16 SYSTEMPATH/CodeIgniter.php(366): CodeIgniter\CodeIgniter->handleRequest(null, Object(Config\Cache), false)
17 FCPATH/index.php(67): CodeIgniter\CodeIgniter->run()
18 SYSTEMPATH/Commands/Server/rewrite.php(47): require_once('/home/rie/Pinjam_Kelaz/public/index.php')
CRITICAL - 2025-06-14 15:25:06 --> Declaration of CodeIgniter\I18n\TimeTrait::createFromTimestamp(int $timestamp, $timezone = null, ?string $locale = null) must be compatible with DateTimeImmutable::createFromTimestamp(int|float $timestamp): CodeIgniter\Autoloader\Autoloader
in SYSTEMPATH/I18n/TimeTrait.php on line 258.
 1 [internal function]: CodeIgniter\Debug\Exceptions->shutdownHandler()
WARNING - 2025-06-14 15:32:09 --> [DEPRECATED] ini_set(): session.sid_length INI setting is deprecated in SYSTEMPATH/Session/Handlers/FileHandler.php on line 319.
 1 SYSTEMPATH/Session/Handlers/FileHandler.php(319): ini_set('session.sid_length', '40')
 2 SYSTEMPATH/Session/Handlers/FileHandler.php(83): CodeIgniter\Session\Handlers\FileHandler->configureSessionIDRegex()
 3 SYSTEMPATH/Config/Services.php(667): CodeIgniter\Session\Handlers\FileHandler->__construct(Object(Config\App), '::1')
 4 SYSTEMPATH/Config/BaseService.php(252): CodeIgniter\Config\Services::session(Object(Config\App), false)
 5 SYSTEMPATH/Config/BaseService.php(193): CodeIgniter\Config\BaseService::__callStatic('session', [...])
 6 SYSTEMPATH/Config/Services.php(641): CodeIgniter\Config\BaseService::getSharedInstance('session', null)
 7 SYSTEMPATH/Config/BaseService.php(252): CodeIgniter\Config\Services::session()
 8 SYSTEMPATH/Common.php(984): CodeIgniter\Config\BaseService::__callStatic('session', [])
 9 APPPATH/Views/index.php(2): session()
10 SYSTEMPATH/View/View.php(224): include('/home/rie/Pinjam_Kelaz/app/Views/index.php')
11 SYSTEMPATH/View/View.php(227): CodeIgniter\View\View->{closure:CodeIgniter\View\View::render():221}()
12 SYSTEMPATH/Common.php(1180): CodeIgniter\View\View->render('index', [], true)
13 APPPATH/Controllers/Index.php(90): view('index', [...])
14 SYSTEMPATH/CodeIgniter.php(932): App\Controllers\Index->index()
15 SYSTEMPATH/CodeIgniter.php(497): CodeIgniter\CodeIgniter->runController(Object(App\Controllers\Index))
16 SYSTEMPATH/CodeIgniter.php(366): CodeIgniter\CodeIgniter->handleRequest(null, Object(Config\Cache), false)
17 FCPATH/index.php(67): CodeIgniter\CodeIgniter->run()
18 SYSTEMPATH/Commands/Server/rewrite.php(47): require_once('/home/rie/Pinjam_Kelaz/public/index.php')
CRITICAL - 2025-06-14 15:32:09 --> Declaration of CodeIgniter\I18n\TimeTrait::createFromTimestamp(int $timestamp, $timezone = null, ?string $locale = null) must be compatible with DateTimeImmutable::createFromTimestamp(int|float $timestamp): CodeIgniter\Autoloader\Autoloader
in SYSTEMPATH/I18n/TimeTrait.php on line 258.
 1 [internal function]: CodeIgniter\Debug\Exceptions->shutdownHandler()
WARNING - 2025-06-14 15:32:10 --> [DEPRECATED] ini_set(): session.sid_length INI setting is deprecated in SYSTEMPATH/Session/Handlers/FileHandler.php on line 319.
 1 SYSTEMPATH/Session/Handlers/FileHandler.php(319): ini_set('session.sid_length', '40')
 2 SYSTEMPATH/Session/Handlers/FileHandler.php(83): CodeIgniter\Session\Handlers\FileHandler->configureSessionIDRegex()
 3 SYSTEMPATH/Config/Services.php(667): CodeIgniter\Session\Handlers\FileHandler->__construct(Object(Config\App), '::1')
 4 SYSTEMPATH/Config/BaseService.php(252): CodeIgniter\Config\Services::session(Object(Config\App), false)
 5 SYSTEMPATH/Config/BaseService.php(193): CodeIgniter\Config\BaseService::__callStatic('session', [...])
 6 SYSTEMPATH/Config/Services.php(641): CodeIgniter\Config\BaseService::getSharedInstance('session', null)
 7 SYSTEMPATH/Config/BaseService.php(252): CodeIgniter\Config\Services::session()
 8 SYSTEMPATH/Common.php(984): CodeIgniter\Config\BaseService::__callStatic('session', [])
 9 APPPATH/Views/index.php(2): session()
10 SYSTEMPATH/View/View.php(224): include('/home/rie/Pinjam_Kelaz/app/Views/index.php')
11 SYSTEMPATH/View/View.php(227): CodeIgniter\View\View->{closure:CodeIgniter\View\View::render():221}()
12 SYSTEMPATH/Common.php(1180): CodeIgniter\View\View->render('index', [], true)
13 APPPATH/Controllers/Index.php(90): view('index', [...])
14 SYSTEMPATH/CodeIgniter.php(932): App\Controllers\Index->index()
15 SYSTEMPATH/CodeIgniter.php(497): CodeIgniter\CodeIgniter->runController(Object(App\Controllers\Index))
16 SYSTEMPATH/CodeIgniter.php(366): CodeIgniter\CodeIgniter->handleRequest(null, Object(Config\Cache), false)
17 FCPATH/index.php(67): CodeIgniter\CodeIgniter->run()
18 SYSTEMPATH/Commands/Server/rewrite.php(47): require_once('/home/rie/Pinjam_Kelaz/public/index.php')
CRITICAL - 2025-06-14 15:32:10 --> Declaration of CodeIgniter\I18n\TimeTrait::createFromTimestamp(int $timestamp, $timezone = null, ?string $locale = null) must be compatible with DateTimeImmutable::createFromTimestamp(int|float $timestamp): CodeIgniter\Autoloader\Autoloader
in SYSTEMPATH/I18n/TimeTrait.php on line 258.
 1 [internal function]: CodeIgniter\Debug\Exceptions->shutdownHandler()
WARNING - 2025-06-14 15:32:10 --> [DEPRECATED] ini_set(): session.sid_length INI setting is deprecated in SYSTEMPATH/Session/Handlers/FileHandler.php on line 319.
 1 SYSTEMPATH/Session/Handlers/FileHandler.php(319): ini_set('session.sid_length', '40')
 2 SYSTEMPATH/Session/Handlers/FileHandler.php(83): CodeIgniter\Session\Handlers\FileHandler->configureSessionIDRegex()
 3 SYSTEMPATH/Config/Services.php(667): CodeIgniter\Session\Handlers\FileHandler->__construct(Object(Config\App), '::1')
 4 SYSTEMPATH/Config/BaseService.php(252): CodeIgniter\Config\Services::session(Object(Config\App), false)
 5 SYSTEMPATH/Config/BaseService.php(193): CodeIgniter\Config\BaseService::__callStatic('session', [...])
 6 SYSTEMPATH/Config/Services.php(641): CodeIgniter\Config\BaseService::getSharedInstance('session', null)
 7 SYSTEMPATH/Config/BaseService.php(252): CodeIgniter\Config\Services::session()
 8 SYSTEMPATH/Common.php(984): CodeIgniter\Config\BaseService::__callStatic('session', [])
 9 APPPATH/Views/index.php(2): session()
10 SYSTEMPATH/View/View.php(224): include('/home/rie/Pinjam_Kelaz/app/Views/index.php')
11 SYSTEMPATH/View/View.php(227): CodeIgniter\View\View->{closure:CodeIgniter\View\View::render():221}()
12 SYSTEMPATH/Common.php(1180): CodeIgniter\View\View->render('index', [], true)
13 APPPATH/Controllers/Index.php(90): view('index', [...])
14 SYSTEMPATH/CodeIgniter.php(932): App\Controllers\Index->index()
15 SYSTEMPATH/CodeIgniter.php(497): CodeIgniter\CodeIgniter->runController(Object(App\Controllers\Index))
16 SYSTEMPATH/CodeIgniter.php(366): CodeIgniter\CodeIgniter->handleRequest(null, Object(Config\Cache), false)
17 FCPATH/index.php(67): CodeIgniter\CodeIgniter->run()
18 SYSTEMPATH/Commands/Server/rewrite.php(47): require_once('/home/rie/Pinjam_Kelaz/public/index.php')
CRITICAL - 2025-06-14 15:32:10 --> Declaration of CodeIgniter\I18n\TimeTrait::createFromTimestamp(int $timestamp, $timezone = null, ?string $locale = null) must be compatible with DateTimeImmutable::createFromTimestamp(int|float $timestamp): CodeIgniter\Autoloader\Autoloader
in SYSTEMPATH/I18n/TimeTrait.php on line 258.
 1 [internal function]: CodeIgniter\Debug\Exceptions->shutdownHandler()
CRITICAL - 2025-06-14 08:42:41 --> Class "Locale" not found
in SYSTEMPATH/CodeIgniter.php on line 194.
 1 ROOTPATH/spark(83): CodeIgniter\CodeIgniter->initialize()
INFO - 2025-06-14 15:44:00 --> Session: Class initialized using 'CodeIgniter\Session\Handlers\FileHandler' driver.
INFO - 2025-06-14 08:44:40 --> Session: Class initialized using 'CodeIgniter\Session\Handlers\FileHandler' driver.
INFO - 2025-06-14 08:44:48 --> Session: Class initialized using 'CodeIgniter\Session\Handlers\FileHandler' driver.
INFO - 2025-06-14 08:44:48 --> Session: Class initialized using 'CodeIgniter\Session\Handlers\FileHandler' driver.
INFO - 2025-06-14 08:47:13 --> Session: Class initialized using 'CodeIgniter\Session\Handlers\FileHandler' driver.
INFO - 2025-06-14 08:47:13 --> Session: Class initialized using 'CodeIgniter\Session\Handlers\FileHandler' driver.
INFO - 2025-06-14 08:48:38 --> Session: Class initialized using 'CodeIgniter\Session\Handlers\FileHandler' driver.
INFO - 2025-06-14 08:48:46 --> Session: Class initialized using 'CodeIgniter\Session\Handlers\FileHandler' driver.
INFO - 2025-06-14 08:48:46 --> Session: Class initialized using 'CodeIgniter\Session\Handlers\FileHandler' driver.
INFO - 2025-06-14 08:49:00 --> Session: Class initialized using 'CodeIgniter\Session\Handlers\FileHandler' driver.
INFO - 2025-06-14 15:49:00 --> Session: Class initialized using 'CodeIgniter\Session\Handlers\FileHandler' driver.
INFO - 2025-06-14 08:50:49 --> Session: Class initialized using 'CodeIgniter\Session\Handlers\FileHandler' driver.
INFO - 2025-06-14 15:50:51 --> Session: Class initialized using 'CodeIgniter\Session\Handlers\FileHandler' driver.
INFO - 2025-06-14 15:51:07 --> Session: Class initialized using 'CodeIgniter\Session\Handlers\FileHandler' driver.
INFO - 2025-06-14 15:51:09 --> Session: Class initialized using 'CodeIgniter\Session\Handlers\FileHandler' driver.
INFO - 2025-06-14 15:52:04 --> Session: Class initialized using 'CodeIgniter\Session\Handlers\FileHandler' driver.
