ERROR - 2025-05-26 09:11:24 --> mysqli_sql_exception: Table 'tubes_webpro.ruangan' doesn't exist in D:\TubesWebPro-main\system\Database\MySQLi\Connection.php:295
Stack trace:
#0 D:\TubesWebPro-main\system\Database\MySQLi\Connection.php(295): mysqli->query('SELECT *\nFROM `...', 0)
#1 D:\TubesWebPro-main\system\Database\BaseConnection.php(692): CodeIgniter\Database\MySQLi\Connection->execute('SELECT *\nFROM `...')
#2 D:\TubesWebPro-main\system\Database\BaseConnection.php(606): CodeIgniter\Database\BaseConnection->simpleQuery('SELECT *\nFROM `...')
#3 D:\TubesWebPro-main\system\Database\BaseBuilder.php(1616): CodeIgniter\Database\BaseConnection->query('SELECT *\nFROM `...', Array, false)
#4 D:\TubesWebPro-main\system\Model.php(241): CodeIgniter\Database\BaseBuilder->get()
#5 D:\TubesWebPro-main\system\BaseModel.php(618): CodeIgniter\Model->doFindAll(0, 0)
#6 D:\TubesWebPro-main\app\Controllers\Index.php(24): CodeIgniter\BaseModel->findAll()
#7 D:\TubesWebPro-main\system\CodeIgniter.php(932): App\Controllers\Index->index()
#8 D:\TubesWebPro-main\system\CodeIgniter.php(497): CodeIgniter\CodeIgniter->runController(Object(App\Controllers\Index))
#9 D:\TubesWebPro-main\system\CodeIgniter.php(366): CodeIgniter\CodeIgniter->handleRequest(NULL, Object(Config\Cache), false)
#10 D:\TubesWebPro-main\public\index.php(67): CodeIgniter\CodeIgniter->run()
#11 D:\TubesWebPro-main\system\Commands\Server\rewrite.php(47): require_once('D:\\TubesWebPro-...')
#12 {main}
CRITICAL - 2025-05-26 09:11:24 --> Table 'tubes_webpro.ruangan' doesn't exist
in SYSTEMPATH\Database\MySQLi\Connection.php on line 295.
 1 SYSTEMPATH\Database\MySQLi\Connection.php(295): mysqli->query('SELECT *
FROM `ruangan`', 0)
 2 SYSTEMPATH\Database\BaseConnection.php(692): CodeIgniter\Database\MySQLi\Connection->execute('SELECT *
FROM `ruangan`')
 3 SYSTEMPATH\Database\BaseConnection.php(606): CodeIgniter\Database\BaseConnection->simpleQuery('SELECT *
FROM `ruangan`')
 4 SYSTEMPATH\Database\BaseBuilder.php(1616): CodeIgniter\Database\BaseConnection->query('SELECT *
FROM `ruangan`', [], false)
 5 SYSTEMPATH\Model.php(241): CodeIgniter\Database\BaseBuilder->get()
 6 SYSTEMPATH\BaseModel.php(618): CodeIgniter\Model->doFindAll(0, 0)
 7 APPPATH\Controllers\Index.php(24): CodeIgniter\BaseModel->findAll()
 8 SYSTEMPATH\CodeIgniter.php(932): App\Controllers\Index->index()
 9 SYSTEMPATH\CodeIgniter.php(497): CodeIgniter\CodeIgniter->runController(Object(App\Controllers\Index))
10 SYSTEMPATH\CodeIgniter.php(366): CodeIgniter\CodeIgniter->handleRequest(null, Object(Config\Cache), false)
11 FCPATH\index.php(67): CodeIgniter\CodeIgniter->run()
12 SYSTEMPATH\Commands\Server\rewrite.php(47): require_once('D:\\TubesWebPro-main\\public\\index.php')
ERROR - 2025-05-26 09:13:09 --> mysqli_sql_exception: Table 'tubes_webpro.ruangan' doesn't exist in D:\TubesWebPro-main\system\Database\MySQLi\Connection.php:295
Stack trace:
#0 D:\TubesWebPro-main\system\Database\MySQLi\Connection.php(295): mysqli->query('SELECT *\nFROM `...', 0)
#1 D:\TubesWebPro-main\system\Database\BaseConnection.php(692): CodeIgniter\Database\MySQLi\Connection->execute('SELECT *\nFROM `...')
#2 D:\TubesWebPro-main\system\Database\BaseConnection.php(606): CodeIgniter\Database\BaseConnection->simpleQuery('SELECT *\nFROM `...')
#3 D:\TubesWebPro-main\system\Database\BaseBuilder.php(1616): CodeIgniter\Database\BaseConnection->query('SELECT *\nFROM `...', Array, false)
#4 D:\TubesWebPro-main\system\Model.php(241): CodeIgniter\Database\BaseBuilder->get()
#5 D:\TubesWebPro-main\system\BaseModel.php(618): CodeIgniter\Model->doFindAll(0, 0)
#6 D:\TubesWebPro-main\app\Controllers\Index.php(24): CodeIgniter\BaseModel->findAll()
#7 D:\TubesWebPro-main\system\CodeIgniter.php(932): App\Controllers\Index->index()
#8 D:\TubesWebPro-main\system\CodeIgniter.php(497): CodeIgniter\CodeIgniter->runController(Object(App\Controllers\Index))
#9 D:\TubesWebPro-main\system\CodeIgniter.php(366): CodeIgniter\CodeIgniter->handleRequest(NULL, Object(Config\Cache), false)
#10 D:\TubesWebPro-main\public\index.php(67): CodeIgniter\CodeIgniter->run()
#11 D:\TubesWebPro-main\system\Commands\Server\rewrite.php(47): require_once('D:\\TubesWebPro-...')
#12 {main}
CRITICAL - 2025-05-26 09:13:09 --> Table 'tubes_webpro.ruangan' doesn't exist
in SYSTEMPATH\Database\MySQLi\Connection.php on line 295.
 1 SYSTEMPATH\Database\MySQLi\Connection.php(295): mysqli->query('SELECT *
FROM `ruangan`', 0)
 2 SYSTEMPATH\Database\BaseConnection.php(692): CodeIgniter\Database\MySQLi\Connection->execute('SELECT *
FROM `ruangan`')
 3 SYSTEMPATH\Database\BaseConnection.php(606): CodeIgniter\Database\BaseConnection->simpleQuery('SELECT *
FROM `ruangan`')
 4 SYSTEMPATH\Database\BaseBuilder.php(1616): CodeIgniter\Database\BaseConnection->query('SELECT *
FROM `ruangan`', [], false)
 5 SYSTEMPATH\Model.php(241): CodeIgniter\Database\BaseBuilder->get()
 6 SYSTEMPATH\BaseModel.php(618): CodeIgniter\Model->doFindAll(0, 0)
 7 APPPATH\Controllers\Index.php(24): CodeIgniter\BaseModel->findAll()
 8 SYSTEMPATH\CodeIgniter.php(932): App\Controllers\Index->index()
 9 SYSTEMPATH\CodeIgniter.php(497): CodeIgniter\CodeIgniter->runController(Object(App\Controllers\Index))
10 SYSTEMPATH\CodeIgniter.php(366): CodeIgniter\CodeIgniter->handleRequest(null, Object(Config\Cache), false)
11 FCPATH\index.php(67): CodeIgniter\CodeIgniter->run()
12 SYSTEMPATH\Commands\Server\rewrite.php(47): require_once('D:\\TubesWebPro-main\\public\\index.php')
INFO - 2025-05-26 09:17:28 --> Session: Class initialized using 'CodeIgniter\Session\Handlers\FileHandler' driver.
INFO - 2025-05-26 02:25:38 --> Session: Class initialized using 'CodeIgniter\Session\Handlers\FileHandler' driver.
INFO - 2025-05-26 09:25:44 --> Session: Class initialized using 'CodeIgniter\Session\Handlers\FileHandler' driver.
INFO - 2025-05-26 09:26:07 --> Session: Class initialized using 'CodeIgniter\Session\Handlers\FileHandler' driver.
INFO - 2025-05-26 09:26:21 --> Session: Class initialized using 'CodeIgniter\Session\Handlers\FileHandler' driver.
INFO - 2025-05-26 09:26:21 --> Session: Class initialized using 'CodeIgniter\Session\Handlers\FileHandler' driver.
INFO - 2025-05-26 09:26:54 --> Session: Class initialized using 'CodeIgniter\Session\Handlers\FileHandler' driver.
INFO - 2025-05-26 09:27:05 --> Session: Class initialized using 'CodeIgniter\Session\Handlers\FileHandler' driver.
INFO - 2025-05-26 09:27:05 --> Session: Class initialized using 'CodeIgniter\Session\Handlers\FileHandler' driver.
INFO - 2025-05-26 09:27:13 --> Session: Class initialized using 'CodeIgniter\Session\Handlers\FileHandler' driver.
INFO - 2025-05-26 16:27:13 --> Session: Class initialized using 'CodeIgniter\Session\Handlers\FileHandler' driver.
INFO - 2025-05-26 16:27:20 --> Session: Class initialized using 'CodeIgniter\Session\Handlers\FileHandler' driver.
INFO - 2025-05-26 09:27:22 --> Session: Class initialized using 'CodeIgniter\Session\Handlers\FileHandler' driver.
INFO - 2025-05-26 09:27:23 --> Session: Class initialized using 'CodeIgniter\Session\Handlers\FileHandler' driver.
INFO - 2025-05-26 09:27:28 --> Session: Class initialized using 'CodeIgniter\Session\Handlers\FileHandler' driver.
INFO - 2025-05-26 16:27:32 --> Session: Class initialized using 'CodeIgniter\Session\Handlers\FileHandler' driver.
INFO - 2025-05-26 16:27:33 --> Session: Class initialized using 'CodeIgniter\Session\Handlers\FileHandler' driver.
INFO - 2025-05-26 09:27:35 --> Session: Class initialized using 'CodeIgniter\Session\Handlers\FileHandler' driver.
INFO - 2025-05-26 16:27:46 --> Session: Class initialized using 'CodeIgniter\Session\Handlers\FileHandler' driver.
INFO - 2025-05-26 16:28:05 --> Session: Class initialized using 'CodeIgniter\Session\Handlers\FileHandler' driver.
INFO - 2025-05-26 16:28:10 --> Session: Class initialized using 'CodeIgniter\Session\Handlers\FileHandler' driver.
INFO - 2025-05-26 09:30:04 --> Session: Class initialized using 'CodeIgniter\Session\Handlers\FileHandler' driver.
INFO - 2025-05-26 16:30:04 --> Session: Class initialized using 'CodeIgniter\Session\Handlers\FileHandler' driver.
INFO - 2025-05-26 09:30:08 --> Session: Class initialized using 'CodeIgniter\Session\Handlers\FileHandler' driver.
INFO - 2025-05-26 09:30:14 --> Session: Class initialized using 'CodeIgniter\Session\Handlers\FileHandler' driver.
INFO - 2025-05-26 09:30:14 --> Session: Class initialized using 'CodeIgniter\Session\Handlers\FileHandler' driver.
INFO - 2025-05-26 09:31:06 --> Session: Class initialized using 'CodeIgniter\Session\Handlers\FileHandler' driver.
INFO - 2025-05-26 09:31:19 --> Session: Class initialized using 'CodeIgniter\Session\Handlers\FileHandler' driver.
INFO - 2025-05-26 09:31:19 --> Session: Class initialized using 'CodeIgniter\Session\Handlers\FileHandler' driver.
INFO - 2025-05-26 09:33:15 --> Session: Class initialized using 'CodeIgniter\Session\Handlers\FileHandler' driver.
INFO - 2025-05-26 09:33:15 --> Session: Class initialized using 'CodeIgniter\Session\Handlers\FileHandler' driver.
INFO - 2025-05-26 09:33:27 --> Session: Class initialized using 'CodeIgniter\Session\Handlers\FileHandler' driver.
INFO - 2025-05-26 09:33:27 --> Session: Class initialized using 'CodeIgniter\Session\Handlers\FileHandler' driver.
INFO - 2025-05-26 09:35:09 --> Session: Class initialized using 'CodeIgniter\Session\Handlers\FileHandler' driver.
INFO - 2025-05-26 09:35:16 --> Session: Class initialized using 'CodeIgniter\Session\Handlers\FileHandler' driver.
INFO - 2025-05-26 09:35:16 --> Session: Class initialized using 'CodeIgniter\Session\Handlers\FileHandler' driver.
INFO - 2025-05-26 09:35:19 --> Session: Class initialized using 'CodeIgniter\Session\Handlers\FileHandler' driver.
INFO - 2025-05-26 09:35:19 --> Session: Class initialized using 'CodeIgniter\Session\Handlers\FileHandler' driver.
INFO - 2025-05-26 09:35:21 --> Session: Class initialized using 'CodeIgniter\Session\Handlers\FileHandler' driver.
INFO - 2025-05-26 09:35:21 --> Session: Class initialized using 'CodeIgniter\Session\Handlers\FileHandler' driver.
INFO - 2025-05-26 09:35:29 --> Session: Class initialized using 'CodeIgniter\Session\Handlers\FileHandler' driver.
INFO - 2025-05-26 16:35:29 --> Session: Class initialized using 'CodeIgniter\Session\Handlers\FileHandler' driver.
INFO - 2025-05-26 09:35:33 --> Session: Class initialized using 'CodeIgniter\Session\Handlers\FileHandler' driver.
INFO - 2025-05-26 09:35:35 --> Session: Class initialized using 'CodeIgniter\Session\Handlers\FileHandler' driver.
INFO - 2025-05-26 16:35:36 --> Session: Class initialized using 'CodeIgniter\Session\Handlers\FileHandler' driver.
INFO - 2025-05-26 09:36:26 --> Session: Class initialized using 'CodeIgniter\Session\Handlers\FileHandler' driver.
INFO - 2025-05-26 16:36:26 --> Session: Class initialized using 'CodeIgniter\Session\Handlers\FileHandler' driver.
INFO - 2025-05-26 09:36:29 --> Session: Class initialized using 'CodeIgniter\Session\Handlers\FileHandler' driver.
CRITICAL - 2025-05-26 09:36:43 --> Undefined variable $err
in APPPATH\Controllers\Login.php on line 63.
 1 APPPATH\Controllers\Login.php(63): CodeIgniter\Debug\Exceptions->errorHandler(2, 'Undefined variable $err', 'D:\\TubesWebPro-main\\app\\Controllers\\Login.php', 63)
 2 SYSTEMPATH\CodeIgniter.php(932): App\Controllers\Login->login()
 3 SYSTEMPATH\CodeIgniter.php(497): CodeIgniter\CodeIgniter->runController(Object(App\Controllers\Login))
 4 SYSTEMPATH\CodeIgniter.php(366): CodeIgniter\CodeIgniter->handleRequest(null, Object(Config\Cache), false)
 5 FCPATH\index.php(67): CodeIgniter\CodeIgniter->run()
 6 SYSTEMPATH\Commands\Server\rewrite.php(47): require_once('D:\\TubesWebPro-main\\public\\index.php')
INFO - 2025-05-26 09:37:14 --> Session: Class initialized using 'CodeIgniter\Session\Handlers\FileHandler' driver.
CRITICAL - 2025-05-26 09:37:25 --> Undefined variable $err
in APPPATH\Controllers\Login.php on line 63.
 1 APPPATH\Controllers\Login.php(63): CodeIgniter\Debug\Exceptions->errorHandler(2, 'Undefined variable $err', 'D:\\TubesWebPro-main\\app\\Controllers\\Login.php', 63)
 2 SYSTEMPATH\CodeIgniter.php(932): App\Controllers\Login->login()
 3 SYSTEMPATH\CodeIgniter.php(497): CodeIgniter\CodeIgniter->runController(Object(App\Controllers\Login))
 4 SYSTEMPATH\CodeIgniter.php(366): CodeIgniter\CodeIgniter->handleRequest(null, Object(Config\Cache), false)
 5 FCPATH\index.php(67): CodeIgniter\CodeIgniter->run()
 6 SYSTEMPATH\Commands\Server\rewrite.php(47): require_once('D:\\TubesWebPro-main\\public\\index.php')
INFO - 2025-05-26 16:48:21 --> Session: Class initialized using 'CodeIgniter\Session\Handlers\FileHandler' driver.
INFO - 2025-05-26 09:48:24 --> Session: Class initialized using 'CodeIgniter\Session\Handlers\FileHandler' driver.
INFO - 2025-05-26 09:48:30 --> Session: Class initialized using 'CodeIgniter\Session\Handlers\FileHandler' driver.
INFO - 2025-05-26 09:48:32 --> Session: Class initialized using 'CodeIgniter\Session\Handlers\FileHandler' driver.
INFO - 2025-05-26 09:48:32 --> Session: Class initialized using 'CodeIgniter\Session\Handlers\FileHandler' driver.
INFO - 2025-05-26 09:48:39 --> Session: Class initialized using 'CodeIgniter\Session\Handlers\FileHandler' driver.
INFO - 2025-05-26 09:48:39 --> Session: Class initialized using 'CodeIgniter\Session\Handlers\FileHandler' driver.
INFO - 2025-05-26 09:48:41 --> Session: Class initialized using 'CodeIgniter\Session\Handlers\FileHandler' driver.
INFO - 2025-05-26 09:48:41 --> Session: Class initialized using 'CodeIgniter\Session\Handlers\FileHandler' driver.
INFO - 2025-05-26 09:48:41 --> Session: Class initialized using 'CodeIgniter\Session\Handlers\FileHandler' driver.
INFO - 2025-05-26 09:48:41 --> Session: Class initialized using 'CodeIgniter\Session\Handlers\FileHandler' driver.
INFO - 2025-05-26 09:48:42 --> Session: Class initialized using 'CodeIgniter\Session\Handlers\FileHandler' driver.
INFO - 2025-05-26 09:48:42 --> Session: Class initialized using 'CodeIgniter\Session\Handlers\FileHandler' driver.
INFO - 2025-05-26 09:48:43 --> Session: Class initialized using 'CodeIgniter\Session\Handlers\FileHandler' driver.
INFO - 2025-05-26 09:48:43 --> Session: Class initialized using 'CodeIgniter\Session\Handlers\FileHandler' driver.
INFO - 2025-05-26 09:48:43 --> Session: Class initialized using 'CodeIgniter\Session\Handlers\FileHandler' driver.
INFO - 2025-05-26 09:48:43 --> Session: Class initialized using 'CodeIgniter\Session\Handlers\FileHandler' driver.
INFO - 2025-05-26 09:48:49 --> Session: Class initialized using 'CodeIgniter\Session\Handlers\FileHandler' driver.
INFO - 2025-05-26 09:48:49 --> Session: Class initialized using 'CodeIgniter\Session\Handlers\FileHandler' driver.
INFO - 2025-05-26 16:48:52 --> Session: Class initialized using 'CodeIgniter\Session\Handlers\FileHandler' driver.
INFO - 2025-05-26 09:48:56 --> Session: Class initialized using 'CodeIgniter\Session\Handlers\FileHandler' driver.
INFO - 2025-05-26 09:49:05 --> Session: Class initialized using 'CodeIgniter\Session\Handlers\FileHandler' driver.
INFO - 2025-05-26 09:49:05 --> Session: Class initialized using 'CodeIgniter\Session\Handlers\FileHandler' driver.
INFO - 2025-05-26 09:49:27 --> Session: Class initialized using 'CodeIgniter\Session\Handlers\FileHandler' driver.
INFO - 2025-05-26 09:49:27 --> Session: Class initialized using 'CodeIgniter\Session\Handlers\FileHandler' driver.
INFO - 2025-05-26 09:49:37 --> Session: Class initialized using 'CodeIgniter\Session\Handlers\FileHandler' driver.
INFO - 2025-05-26 09:49:37 --> Session: Class initialized using 'CodeIgniter\Session\Handlers\FileHandler' driver.
INFO - 2025-05-26 09:49:53 --> Session: Class initialized using 'CodeIgniter\Session\Handlers\FileHandler' driver.
INFO - 2025-05-26 09:49:53 --> Session: Class initialized using 'CodeIgniter\Session\Handlers\FileHandler' driver.
INFO - 2025-05-26 16:51:28 --> Session: Class initialized using 'CodeIgniter\Session\Handlers\FileHandler' driver.
INFO - 2025-05-26 09:51:30 --> Session: Class initialized using 'CodeIgniter\Session\Handlers\FileHandler' driver.
CRITICAL - 2025-05-26 09:51:45 --> Undefined variable $err
in APPPATH\Controllers\Login.php on line 63.
 1 APPPATH\Controllers\Login.php(63): CodeIgniter\Debug\Exceptions->errorHandler(2, 'Undefined variable $err', 'D:\\TubesWebPro-main\\app\\Controllers\\Login.php', 63)
 2 SYSTEMPATH\CodeIgniter.php(932): App\Controllers\Login->login()
 3 SYSTEMPATH\CodeIgniter.php(497): CodeIgniter\CodeIgniter->runController(Object(App\Controllers\Login))
 4 SYSTEMPATH\CodeIgniter.php(366): CodeIgniter\CodeIgniter->handleRequest(null, Object(Config\Cache), false)
 5 FCPATH\index.php(67): CodeIgniter\CodeIgniter->run()
 6 SYSTEMPATH\Commands\Server\rewrite.php(47): require_once('D:\\TubesWebPro-main\\public\\index.php')
INFO - 2025-05-26 19:34:12 --> Session: Class initialized using 'CodeIgniter\Session\Handlers\FileHandler' driver.
INFO - 2025-05-26 12:34:15 --> Session: Class initialized using 'CodeIgniter\Session\Handlers\FileHandler' driver.
INFO - 2025-05-26 12:34:32 --> Session: Class initialized using 'CodeIgniter\Session\Handlers\FileHandler' driver.
INFO - 2025-05-26 12:34:32 --> Session: Class initialized using 'CodeIgniter\Session\Handlers\FileHandler' driver.
INFO - 2025-05-26 12:35:01 --> Session: Class initialized using 'CodeIgniter\Session\Handlers\FileHandler' driver.
INFO - 2025-05-26 12:35:01 --> Session: Class initialized using 'CodeIgniter\Session\Handlers\FileHandler' driver.
INFO - 2025-05-26 12:36:01 --> Session: Class initialized using 'CodeIgniter\Session\Handlers\FileHandler' driver.
INFO - 2025-05-26 12:36:01 --> Session: Class initialized using 'CodeIgniter\Session\Handlers\FileHandler' driver.
INFO - 2025-05-26 12:39:00 --> Session: Class initialized using 'CodeIgniter\Session\Handlers\FileHandler' driver.
INFO - 2025-05-26 12:39:08 --> Session: Class initialized using 'CodeIgniter\Session\Handlers\FileHandler' driver.
INFO - 2025-05-26 19:39:09 --> Session: Class initialized using 'CodeIgniter\Session\Handlers\FileHandler' driver.
INFO - 2025-05-26 19:39:58 --> Session: Class initialized using 'CodeIgniter\Session\Handlers\FileHandler' driver.
INFO - 2025-05-26 12:40:02 --> Session: Class initialized using 'CodeIgniter\Session\Handlers\FileHandler' driver.
INFO - 2025-05-26 19:40:02 --> Session: Class initialized using 'CodeIgniter\Session\Handlers\FileHandler' driver.
INFO - 2025-05-26 12:40:04 --> Session: Class initialized using 'CodeIgniter\Session\Handlers\FileHandler' driver.
INFO - 2025-05-26 12:40:14 --> Session: Class initialized using 'CodeIgniter\Session\Handlers\FileHandler' driver.
CRITICAL - 2025-05-26 19:40:14 --> Undefined variable $detail_Ruangan
in APPPATH\Controllers\AdminControllers\Dashboard.php on line 235.
 1 APPPATH\Controllers\AdminControllers\Dashboard.php(235): CodeIgniter\Debug\Exceptions->errorHandler(2, 'Undefined variable $detail_Ruangan', 'D:\\TubesWebPro-main\\app\\Controllers\\AdminControllers\\Dashboard.php', 235)
 2 SYSTEMPATH\CodeIgniter.php(932): App\Controllers\AdminControllers\Dashboard->dashboard()
 3 SYSTEMPATH\CodeIgniter.php(497): CodeIgniter\CodeIgniter->runController(Object(App\Controllers\AdminControllers\Dashboard))
 4 SYSTEMPATH\CodeIgniter.php(366): CodeIgniter\CodeIgniter->handleRequest(null, Object(Config\Cache), false)
 5 FCPATH\index.php(67): CodeIgniter\CodeIgniter->run()
 6 SYSTEMPATH\Commands\Server\rewrite.php(47): require_once('D:\\TubesWebPro-main\\public\\index.php')
INFO - 2025-05-26 13:32:06 --> Session: Class initialized using 'CodeIgniter\Session\Handlers\FileHandler' driver.
INFO - 2025-05-26 13:36:37 --> Session: Class initialized using 'CodeIgniter\Session\Handlers\FileHandler' driver.
INFO - 2025-05-26 13:38:32 --> Session: Class initialized using 'CodeIgniter\Session\Handlers\FileHandler' driver.
CRITICAL - 2025-05-26 20:38:32 --> Undefined variable $detail_Ruangan
in APPPATH\Controllers\AdminControllers\Dashboard.php on line 235.
 1 APPPATH\Controllers\AdminControllers\Dashboard.php(235): CodeIgniter\Debug\Exceptions->errorHandler(2, 'Undefined variable $detail_Ruangan', 'D:\\TubesWebPro-main\\app\\Controllers\\AdminControllers\\Dashboard.php', 235)
 2 SYSTEMPATH\CodeIgniter.php(932): App\Controllers\AdminControllers\Dashboard->dashboard()
 3 SYSTEMPATH\CodeIgniter.php(497): CodeIgniter\CodeIgniter->runController(Object(App\Controllers\AdminControllers\Dashboard))
 4 SYSTEMPATH\CodeIgniter.php(366): CodeIgniter\CodeIgniter->handleRequest(null, Object(Config\Cache), false)
 5 FCPATH\index.php(67): CodeIgniter\CodeIgniter->run()
 6 SYSTEMPATH\Commands\Server\rewrite.php(47): require_once('D:\\TubesWebPro-main\\public\\index.php')
CRITICAL - 2025-05-26 20:45:37 --> Undefined variable $ruang_terpakai
in APPPATH\Views\adminPages\dashboard.php on line 111.
 1 APPPATH\Views\adminPages\dashboard.php(111): CodeIgniter\Debug\Exceptions->errorHandler(2, 'Undefined variable $ruang_terpakai', 'D:\\TubesWebPro-main\\app\\Views\\adminPages\\dashboard.php', 111)
 2 SYSTEMPATH\View\View.php(224): include('D:\\TubesWebPro-main\\app\\Views\\adminPages\\dashboard.php')
 3 SYSTEMPATH\View\View.php(227): CodeIgniter\View\View->CodeIgniter\View\{closure}()
 4 SYSTEMPATH\Common.php(1180): CodeIgniter\View\View->render('adminPages/dashboard', [], true)
 5 APPPATH\Controllers\AdminControllers\Dashboard.php(241): view('adminPages/dashboard', [...])
 6 SYSTEMPATH\CodeIgniter.php(932): App\Controllers\AdminControllers\Dashboard->dashboard()
 7 SYSTEMPATH\CodeIgniter.php(497): CodeIgniter\CodeIgniter->runController(Object(App\Controllers\AdminControllers\Dashboard))
 8 SYSTEMPATH\CodeIgniter.php(366): CodeIgniter\CodeIgniter->handleRequest(null, Object(Config\Cache), false)
 9 FCPATH\index.php(67): CodeIgniter\CodeIgniter->run()
10 SYSTEMPATH\Commands\Server\rewrite.php(47): require_once('D:\\TubesWebPro-main\\public\\index.php')
CRITICAL - 2025-05-26 20:56:04 --> Undefined variable $detail_Ruangan
in APPPATH\Controllers\AdminControllers\Dashboard.php on line 235.
 1 APPPATH\Controllers\AdminControllers\Dashboard.php(235): CodeIgniter\Debug\Exceptions->errorHandler(2, 'Undefined variable $detail_Ruangan', 'D:\\TubesWebPro-main\\app\\Controllers\\AdminControllers\\Dashboard.php', 235)
 2 SYSTEMPATH\CodeIgniter.php(932): App\Controllers\AdminControllers\Dashboard->dashboard()
 3 SYSTEMPATH\CodeIgniter.php(497): CodeIgniter\CodeIgniter->runController(Object(App\Controllers\AdminControllers\Dashboard))
 4 SYSTEMPATH\CodeIgniter.php(366): CodeIgniter\CodeIgniter->handleRequest(null, Object(Config\Cache), false)
 5 FCPATH\index.php(67): CodeIgniter\CodeIgniter->run()
 6 SYSTEMPATH\Commands\Server\rewrite.php(47): require_once('D:\\TubesWebPro-main\\public\\index.php')
CRITICAL - 2025-05-26 20:56:06 --> Undefined variable $detail_Ruangan
in APPPATH\Controllers\AdminControllers\Dashboard.php on line 235.
 1 APPPATH\Controllers\AdminControllers\Dashboard.php(235): CodeIgniter\Debug\Exceptions->errorHandler(2, 'Undefined variable $detail_Ruangan', 'D:\\TubesWebPro-main\\app\\Controllers\\AdminControllers\\Dashboard.php', 235)
 2 SYSTEMPATH\CodeIgniter.php(932): App\Controllers\AdminControllers\Dashboard->dashboard()
 3 SYSTEMPATH\CodeIgniter.php(497): CodeIgniter\CodeIgniter->runController(Object(App\Controllers\AdminControllers\Dashboard))
 4 SYSTEMPATH\CodeIgniter.php(366): CodeIgniter\CodeIgniter->handleRequest(null, Object(Config\Cache), false)
 5 FCPATH\index.php(67): CodeIgniter\CodeIgniter->run()
 6 SYSTEMPATH\Commands\Server\rewrite.php(47): require_once('D:\\TubesWebPro-main\\public\\index.php')
CRITICAL - 2025-05-26 20:56:06 --> Undefined variable $detail_Ruangan
in APPPATH\Controllers\AdminControllers\Dashboard.php on line 235.
 1 APPPATH\Controllers\AdminControllers\Dashboard.php(235): CodeIgniter\Debug\Exceptions->errorHandler(2, 'Undefined variable $detail_Ruangan', 'D:\\TubesWebPro-main\\app\\Controllers\\AdminControllers\\Dashboard.php', 235)
 2 SYSTEMPATH\CodeIgniter.php(932): App\Controllers\AdminControllers\Dashboard->dashboard()
 3 SYSTEMPATH\CodeIgniter.php(497): CodeIgniter\CodeIgniter->runController(Object(App\Controllers\AdminControllers\Dashboard))
 4 SYSTEMPATH\CodeIgniter.php(366): CodeIgniter\CodeIgniter->handleRequest(null, Object(Config\Cache), false)
 5 FCPATH\index.php(67): CodeIgniter\CodeIgniter->run()
 6 SYSTEMPATH\Commands\Server\rewrite.php(47): require_once('D:\\TubesWebPro-main\\public\\index.php')
CRITICAL - 2025-05-26 20:56:06 --> Undefined variable $detail_Ruangan
in APPPATH\Controllers\AdminControllers\Dashboard.php on line 235.
 1 APPPATH\Controllers\AdminControllers\Dashboard.php(235): CodeIgniter\Debug\Exceptions->errorHandler(2, 'Undefined variable $detail_Ruangan', 'D:\\TubesWebPro-main\\app\\Controllers\\AdminControllers\\Dashboard.php', 235)
 2 SYSTEMPATH\CodeIgniter.php(932): App\Controllers\AdminControllers\Dashboard->dashboard()
 3 SYSTEMPATH\CodeIgniter.php(497): CodeIgniter\CodeIgniter->runController(Object(App\Controllers\AdminControllers\Dashboard))
 4 SYSTEMPATH\CodeIgniter.php(366): CodeIgniter\CodeIgniter->handleRequest(null, Object(Config\Cache), false)
 5 FCPATH\index.php(67): CodeIgniter\CodeIgniter->run()
 6 SYSTEMPATH\Commands\Server\rewrite.php(47): require_once('D:\\TubesWebPro-main\\public\\index.php')
CRITICAL - 2025-05-26 20:56:06 --> Undefined variable $detail_Ruangan
in APPPATH\Controllers\AdminControllers\Dashboard.php on line 235.
 1 APPPATH\Controllers\AdminControllers\Dashboard.php(235): CodeIgniter\Debug\Exceptions->errorHandler(2, 'Undefined variable $detail_Ruangan', 'D:\\TubesWebPro-main\\app\\Controllers\\AdminControllers\\Dashboard.php', 235)
 2 SYSTEMPATH\CodeIgniter.php(932): App\Controllers\AdminControllers\Dashboard->dashboard()
 3 SYSTEMPATH\CodeIgniter.php(497): CodeIgniter\CodeIgniter->runController(Object(App\Controllers\AdminControllers\Dashboard))
 4 SYSTEMPATH\CodeIgniter.php(366): CodeIgniter\CodeIgniter->handleRequest(null, Object(Config\Cache), false)
 5 FCPATH\index.php(67): CodeIgniter\CodeIgniter->run()
 6 SYSTEMPATH\Commands\Server\rewrite.php(47): require_once('D:\\TubesWebPro-main\\public\\index.php')
CRITICAL - 2025-05-26 20:56:07 --> Undefined variable $detail_Ruangan
in APPPATH\Controllers\AdminControllers\Dashboard.php on line 235.
 1 APPPATH\Controllers\AdminControllers\Dashboard.php(235): CodeIgniter\Debug\Exceptions->errorHandler(2, 'Undefined variable $detail_Ruangan', 'D:\\TubesWebPro-main\\app\\Controllers\\AdminControllers\\Dashboard.php', 235)
 2 SYSTEMPATH\CodeIgniter.php(932): App\Controllers\AdminControllers\Dashboard->dashboard()
 3 SYSTEMPATH\CodeIgniter.php(497): CodeIgniter\CodeIgniter->runController(Object(App\Controllers\AdminControllers\Dashboard))
 4 SYSTEMPATH\CodeIgniter.php(366): CodeIgniter\CodeIgniter->handleRequest(null, Object(Config\Cache), false)
 5 FCPATH\index.php(67): CodeIgniter\CodeIgniter->run()
 6 SYSTEMPATH\Commands\Server\rewrite.php(47): require_once('D:\\TubesWebPro-main\\public\\index.php')
CRITICAL - 2025-05-26 20:56:07 --> Undefined variable $detail_Ruangan
in APPPATH\Controllers\AdminControllers\Dashboard.php on line 235.
 1 APPPATH\Controllers\AdminControllers\Dashboard.php(235): CodeIgniter\Debug\Exceptions->errorHandler(2, 'Undefined variable $detail_Ruangan', 'D:\\TubesWebPro-main\\app\\Controllers\\AdminControllers\\Dashboard.php', 235)
 2 SYSTEMPATH\CodeIgniter.php(932): App\Controllers\AdminControllers\Dashboard->dashboard()
 3 SYSTEMPATH\CodeIgniter.php(497): CodeIgniter\CodeIgniter->runController(Object(App\Controllers\AdminControllers\Dashboard))
 4 SYSTEMPATH\CodeIgniter.php(366): CodeIgniter\CodeIgniter->handleRequest(null, Object(Config\Cache), false)
 5 FCPATH\index.php(67): CodeIgniter\CodeIgniter->run()
 6 SYSTEMPATH\Commands\Server\rewrite.php(47): require_once('D:\\TubesWebPro-main\\public\\index.php')
CRITICAL - 2025-05-26 20:56:07 --> Undefined variable $detail_Ruangan
in APPPATH\Controllers\AdminControllers\Dashboard.php on line 235.
 1 APPPATH\Controllers\AdminControllers\Dashboard.php(235): CodeIgniter\Debug\Exceptions->errorHandler(2, 'Undefined variable $detail_Ruangan', 'D:\\TubesWebPro-main\\app\\Controllers\\AdminControllers\\Dashboard.php', 235)
 2 SYSTEMPATH\CodeIgniter.php(932): App\Controllers\AdminControllers\Dashboard->dashboard()
 3 SYSTEMPATH\CodeIgniter.php(497): CodeIgniter\CodeIgniter->runController(Object(App\Controllers\AdminControllers\Dashboard))
 4 SYSTEMPATH\CodeIgniter.php(366): CodeIgniter\CodeIgniter->handleRequest(null, Object(Config\Cache), false)
 5 FCPATH\index.php(67): CodeIgniter\CodeIgniter->run()
 6 SYSTEMPATH\Commands\Server\rewrite.php(47): require_once('D:\\TubesWebPro-main\\public\\index.php')
CRITICAL - 2025-05-26 21:01:10 --> Undefined variable $detail_Ruangan
in APPPATH\Controllers\AdminControllers\Dashboard.php on line 235.
 1 APPPATH\Controllers\AdminControllers\Dashboard.php(235): CodeIgniter\Debug\Exceptions->errorHandler(2, 'Undefined variable $detail_Ruangan', 'D:\\TubesWebPro-main\\app\\Controllers\\AdminControllers\\Dashboard.php', 235)
 2 SYSTEMPATH\CodeIgniter.php(932): App\Controllers\AdminControllers\Dashboard->dashboard()
 3 SYSTEMPATH\CodeIgniter.php(497): CodeIgniter\CodeIgniter->runController(Object(App\Controllers\AdminControllers\Dashboard))
 4 SYSTEMPATH\CodeIgniter.php(366): CodeIgniter\CodeIgniter->handleRequest(null, Object(Config\Cache), false)
 5 FCPATH\index.php(67): CodeIgniter\CodeIgniter->run()
 6 SYSTEMPATH\Commands\Server\rewrite.php(47): require_once('D:\\TubesWebPro-main\\public\\index.php')
CRITICAL - 2025-05-26 21:01:12 --> Undefined variable $detail_Ruangan
in APPPATH\Controllers\AdminControllers\Dashboard.php on line 235.
 1 APPPATH\Controllers\AdminControllers\Dashboard.php(235): CodeIgniter\Debug\Exceptions->errorHandler(2, 'Undefined variable $detail_Ruangan', 'D:\\TubesWebPro-main\\app\\Controllers\\AdminControllers\\Dashboard.php', 235)
 2 SYSTEMPATH\CodeIgniter.php(932): App\Controllers\AdminControllers\Dashboard->dashboard()
 3 SYSTEMPATH\CodeIgniter.php(497): CodeIgniter\CodeIgniter->runController(Object(App\Controllers\AdminControllers\Dashboard))
 4 SYSTEMPATH\CodeIgniter.php(366): CodeIgniter\CodeIgniter->handleRequest(null, Object(Config\Cache), false)
 5 FCPATH\index.php(67): CodeIgniter\CodeIgniter->run()
 6 SYSTEMPATH\Commands\Server\rewrite.php(47): require_once('D:\\TubesWebPro-main\\public\\index.php')
CRITICAL - 2025-05-26 21:01:12 --> Undefined variable $detail_Ruangan
in APPPATH\Controllers\AdminControllers\Dashboard.php on line 235.
 1 APPPATH\Controllers\AdminControllers\Dashboard.php(235): CodeIgniter\Debug\Exceptions->errorHandler(2, 'Undefined variable $detail_Ruangan', 'D:\\TubesWebPro-main\\app\\Controllers\\AdminControllers\\Dashboard.php', 235)
 2 SYSTEMPATH\CodeIgniter.php(932): App\Controllers\AdminControllers\Dashboard->dashboard()
 3 SYSTEMPATH\CodeIgniter.php(497): CodeIgniter\CodeIgniter->runController(Object(App\Controllers\AdminControllers\Dashboard))
 4 SYSTEMPATH\CodeIgniter.php(366): CodeIgniter\CodeIgniter->handleRequest(null, Object(Config\Cache), false)
 5 FCPATH\index.php(67): CodeIgniter\CodeIgniter->run()
 6 SYSTEMPATH\Commands\Server\rewrite.php(47): require_once('D:\\TubesWebPro-main\\public\\index.php')
CRITICAL - 2025-05-26 21:01:13 --> Undefined variable $detail_Ruangan
in APPPATH\Controllers\AdminControllers\Dashboard.php on line 235.
 1 APPPATH\Controllers\AdminControllers\Dashboard.php(235): CodeIgniter\Debug\Exceptions->errorHandler(2, 'Undefined variable $detail_Ruangan', 'D:\\TubesWebPro-main\\app\\Controllers\\AdminControllers\\Dashboard.php', 235)
 2 SYSTEMPATH\CodeIgniter.php(932): App\Controllers\AdminControllers\Dashboard->dashboard()
 3 SYSTEMPATH\CodeIgniter.php(497): CodeIgniter\CodeIgniter->runController(Object(App\Controllers\AdminControllers\Dashboard))
 4 SYSTEMPATH\CodeIgniter.php(366): CodeIgniter\CodeIgniter->handleRequest(null, Object(Config\Cache), false)
 5 FCPATH\index.php(67): CodeIgniter\CodeIgniter->run()
 6 SYSTEMPATH\Commands\Server\rewrite.php(47): require_once('D:\\TubesWebPro-main\\public\\index.php')
CRITICAL - 2025-05-26 21:01:13 --> Undefined variable $detail_Ruangan
in APPPATH\Controllers\AdminControllers\Dashboard.php on line 235.
 1 APPPATH\Controllers\AdminControllers\Dashboard.php(235): CodeIgniter\Debug\Exceptions->errorHandler(2, 'Undefined variable $detail_Ruangan', 'D:\\TubesWebPro-main\\app\\Controllers\\AdminControllers\\Dashboard.php', 235)
 2 SYSTEMPATH\CodeIgniter.php(932): App\Controllers\AdminControllers\Dashboard->dashboard()
 3 SYSTEMPATH\CodeIgniter.php(497): CodeIgniter\CodeIgniter->runController(Object(App\Controllers\AdminControllers\Dashboard))
 4 SYSTEMPATH\CodeIgniter.php(366): CodeIgniter\CodeIgniter->handleRequest(null, Object(Config\Cache), false)
 5 FCPATH\index.php(67): CodeIgniter\CodeIgniter->run()
 6 SYSTEMPATH\Commands\Server\rewrite.php(47): require_once('D:\\TubesWebPro-main\\public\\index.php')
CRITICAL - 2025-05-26 21:01:13 --> Undefined variable $detail_Ruangan
in APPPATH\Controllers\AdminControllers\Dashboard.php on line 235.
 1 APPPATH\Controllers\AdminControllers\Dashboard.php(235): CodeIgniter\Debug\Exceptions->errorHandler(2, 'Undefined variable $detail_Ruangan', 'D:\\TubesWebPro-main\\app\\Controllers\\AdminControllers\\Dashboard.php', 235)
 2 SYSTEMPATH\CodeIgniter.php(932): App\Controllers\AdminControllers\Dashboard->dashboard()
 3 SYSTEMPATH\CodeIgniter.php(497): CodeIgniter\CodeIgniter->runController(Object(App\Controllers\AdminControllers\Dashboard))
 4 SYSTEMPATH\CodeIgniter.php(366): CodeIgniter\CodeIgniter->handleRequest(null, Object(Config\Cache), false)
 5 FCPATH\index.php(67): CodeIgniter\CodeIgniter->run()
 6 SYSTEMPATH\Commands\Server\rewrite.php(47): require_once('D:\\TubesWebPro-main\\public\\index.php')
CRITICAL - 2025-05-26 21:01:13 --> Undefined variable $detail_Ruangan
in APPPATH\Controllers\AdminControllers\Dashboard.php on line 235.
 1 APPPATH\Controllers\AdminControllers\Dashboard.php(235): CodeIgniter\Debug\Exceptions->errorHandler(2, 'Undefined variable $detail_Ruangan', 'D:\\TubesWebPro-main\\app\\Controllers\\AdminControllers\\Dashboard.php', 235)
 2 SYSTEMPATH\CodeIgniter.php(932): App\Controllers\AdminControllers\Dashboard->dashboard()
 3 SYSTEMPATH\CodeIgniter.php(497): CodeIgniter\CodeIgniter->runController(Object(App\Controllers\AdminControllers\Dashboard))
 4 SYSTEMPATH\CodeIgniter.php(366): CodeIgniter\CodeIgniter->handleRequest(null, Object(Config\Cache), false)
 5 FCPATH\index.php(67): CodeIgniter\CodeIgniter->run()
 6 SYSTEMPATH\Commands\Server\rewrite.php(47): require_once('D:\\TubesWebPro-main\\public\\index.php')
CRITICAL - 2025-05-26 21:01:13 --> Undefined variable $detail_Ruangan
in APPPATH\Controllers\AdminControllers\Dashboard.php on line 235.
 1 APPPATH\Controllers\AdminControllers\Dashboard.php(235): CodeIgniter\Debug\Exceptions->errorHandler(2, 'Undefined variable $detail_Ruangan', 'D:\\TubesWebPro-main\\app\\Controllers\\AdminControllers\\Dashboard.php', 235)
 2 SYSTEMPATH\CodeIgniter.php(932): App\Controllers\AdminControllers\Dashboard->dashboard()
 3 SYSTEMPATH\CodeIgniter.php(497): CodeIgniter\CodeIgniter->runController(Object(App\Controllers\AdminControllers\Dashboard))
 4 SYSTEMPATH\CodeIgniter.php(366): CodeIgniter\CodeIgniter->handleRequest(null, Object(Config\Cache), false)
 5 FCPATH\index.php(67): CodeIgniter\CodeIgniter->run()
 6 SYSTEMPATH\Commands\Server\rewrite.php(47): require_once('D:\\TubesWebPro-main\\public\\index.php')
CRITICAL - 2025-05-26 21:01:14 --> Undefined variable $detail_Ruangan
in APPPATH\Controllers\AdminControllers\Dashboard.php on line 235.
 1 APPPATH\Controllers\AdminControllers\Dashboard.php(235): CodeIgniter\Debug\Exceptions->errorHandler(2, 'Undefined variable $detail_Ruangan', 'D:\\TubesWebPro-main\\app\\Controllers\\AdminControllers\\Dashboard.php', 235)
 2 SYSTEMPATH\CodeIgniter.php(932): App\Controllers\AdminControllers\Dashboard->dashboard()
 3 SYSTEMPATH\CodeIgniter.php(497): CodeIgniter\CodeIgniter->runController(Object(App\Controllers\AdminControllers\Dashboard))
 4 SYSTEMPATH\CodeIgniter.php(366): CodeIgniter\CodeIgniter->handleRequest(null, Object(Config\Cache), false)
 5 FCPATH\index.php(67): CodeIgniter\CodeIgniter->run()
 6 SYSTEMPATH\Commands\Server\rewrite.php(47): require_once('D:\\TubesWebPro-main\\public\\index.php')
CRITICAL - 2025-05-26 21:06:05 --> Undefined variable $detail_Ruangan
in APPPATH\Controllers\AdminControllers\RuanganTerpakai.php on line 156.
 1 APPPATH\Controllers\AdminControllers\RuanganTerpakai.php(156): CodeIgniter\Debug\Exceptions->errorHandler(2, 'Undefined variable $detail_Ruangan', 'D:\\TubesWebPro-main\\app\\Controllers\\AdminControllers\\RuanganTerpakai.php', 156)
 2 SYSTEMPATH\CodeIgniter.php(932): App\Controllers\AdminControllers\RuanganTerpakai->ruanganTerpakai()
 3 SYSTEMPATH\CodeIgniter.php(497): CodeIgniter\CodeIgniter->runController(Object(App\Controllers\AdminControllers\RuanganTerpakai))
 4 SYSTEMPATH\CodeIgniter.php(366): CodeIgniter\CodeIgniter->handleRequest(null, Object(Config\Cache), false)
 5 FCPATH\index.php(67): CodeIgniter\CodeIgniter->run()
 6 SYSTEMPATH\Commands\Server\rewrite.php(47): require_once('D:\\TubesWebPro-main\\public\\index.php')
INFO - 2025-05-26 14:07:50 --> Session: Class initialized using 'CodeIgniter\Session\Handlers\FileHandler' driver.
INFO - 2025-05-26 14:09:56 --> Session: Class initialized using 'CodeIgniter\Session\Handlers\FileHandler' driver.
INFO - 2025-05-26 21:09:56 --> Session: Class initialized using 'CodeIgniter\Session\Handlers\FileHandler' driver.
INFO - 2025-05-26 14:09:58 --> Session: Class initialized using 'CodeIgniter\Session\Handlers\FileHandler' driver.
INFO - 2025-05-26 14:10:07 --> Session: Class initialized using 'CodeIgniter\Session\Handlers\FileHandler' driver.
INFO - 2025-05-26 14:10:16 --> Session: Class initialized using 'CodeIgniter\Session\Handlers\FileHandler' driver.
INFO - 2025-05-26 21:10:16 --> Session: Class initialized using 'CodeIgniter\Session\Handlers\FileHandler' driver.
INFO - 2025-05-26 14:10:25 --> Session: Class initialized using 'CodeIgniter\Session\Handlers\FileHandler' driver.
INFO - 2025-05-26 14:11:06 --> Session: Class initialized using 'CodeIgniter\Session\Handlers\FileHandler' driver.
INFO - 2025-05-26 14:11:12 --> Session: Class initialized using 'CodeIgniter\Session\Handlers\FileHandler' driver.
INFO - 2025-05-26 21:11:12 --> Session: Class initialized using 'CodeIgniter\Session\Handlers\FileHandler' driver.
INFO - 2025-05-26 21:11:16 --> Session: Class initialized using 'CodeIgniter\Session\Handlers\FileHandler' driver.
INFO - 2025-05-26 21:11:21 --> Session: Class initialized using 'CodeIgniter\Session\Handlers\FileHandler' driver.
INFO - 2025-05-26 21:11:24 --> Session: Class initialized using 'CodeIgniter\Session\Handlers\FileHandler' driver.
INFO - 2025-05-26 14:11:43 --> Session: Class initialized using 'CodeIgniter\Session\Handlers\FileHandler' driver.
INFO - 2025-05-26 14:11:50 --> Session: Class initialized using 'CodeIgniter\Session\Handlers\FileHandler' driver.
INFO - 2025-05-26 21:11:50 --> Session: Class initialized using 'CodeIgniter\Session\Handlers\FileHandler' driver.
INFO - 2025-05-26 14:11:55 --> Session: Class initialized using 'CodeIgniter\Session\Handlers\FileHandler' driver.
INFO - 2025-05-26 14:12:04 --> Session: Class initialized using 'CodeIgniter\Session\Handlers\FileHandler' driver.
INFO - 2025-05-26 14:12:31 --> Session: Class initialized using 'CodeIgniter\Session\Handlers\FileHandler' driver.
CRITICAL - 2025-05-26 21:12:57 --> Undefined variable $detail_Ruangan
in APPPATH\Controllers\AdminControllers\RuanganTerpakai.php on line 156.
 1 APPPATH\Controllers\AdminControllers\RuanganTerpakai.php(156): CodeIgniter\Debug\Exceptions->errorHandler(2, 'Undefined variable $detail_Ruangan', 'D:\\TubesWebPro-main\\app\\Controllers\\AdminControllers\\RuanganTerpakai.php', 156)
 2 SYSTEMPATH\CodeIgniter.php(932): App\Controllers\AdminControllers\RuanganTerpakai->ruanganTerpakai()
 3 SYSTEMPATH\CodeIgniter.php(497): CodeIgniter\CodeIgniter->runController(Object(App\Controllers\AdminControllers\RuanganTerpakai))
 4 SYSTEMPATH\CodeIgniter.php(366): CodeIgniter\CodeIgniter->handleRequest(null, Object(Config\Cache), false)
 5 FCPATH\index.php(67): CodeIgniter\CodeIgniter->run()
 6 SYSTEMPATH\Commands\Server\rewrite.php(47): require_once('D:\\TubesWebPro-main\\public\\index.php')
CRITICAL - 2025-05-26 21:15:07 --> Undefined variable $detail_Ruangan
in APPPATH\Controllers\AdminControllers\RuanganTerpakai.php on line 156.
 1 APPPATH\Controllers\AdminControllers\RuanganTerpakai.php(156): CodeIgniter\Debug\Exceptions->errorHandler(2, 'Undefined variable $detail_Ruangan', 'D:\\TubesWebPro-main\\app\\Controllers\\AdminControllers\\RuanganTerpakai.php', 156)
 2 SYSTEMPATH\CodeIgniter.php(932): App\Controllers\AdminControllers\RuanganTerpakai->ruanganTerpakai()
 3 SYSTEMPATH\CodeIgniter.php(497): CodeIgniter\CodeIgniter->runController(Object(App\Controllers\AdminControllers\RuanganTerpakai))
 4 SYSTEMPATH\CodeIgniter.php(366): CodeIgniter\CodeIgniter->handleRequest(null, Object(Config\Cache), false)
 5 FCPATH\index.php(67): CodeIgniter\CodeIgniter->run()
 6 SYSTEMPATH\Commands\Server\rewrite.php(47): require_once('D:\\TubesWebPro-main\\public\\index.php')
CRITICAL - 2025-05-26 21:15:09 --> Undefined variable $detail_Ruangan
in APPPATH\Controllers\AdminControllers\RuanganTerpakai.php on line 156.
 1 APPPATH\Controllers\AdminControllers\RuanganTerpakai.php(156): CodeIgniter\Debug\Exceptions->errorHandler(2, 'Undefined variable $detail_Ruangan', 'D:\\TubesWebPro-main\\app\\Controllers\\AdminControllers\\RuanganTerpakai.php', 156)
 2 SYSTEMPATH\CodeIgniter.php(932): App\Controllers\AdminControllers\RuanganTerpakai->ruanganTerpakai()
 3 SYSTEMPATH\CodeIgniter.php(497): CodeIgniter\CodeIgniter->runController(Object(App\Controllers\AdminControllers\RuanganTerpakai))
 4 SYSTEMPATH\CodeIgniter.php(366): CodeIgniter\CodeIgniter->handleRequest(null, Object(Config\Cache), false)
 5 FCPATH\index.php(67): CodeIgniter\CodeIgniter->run()
 6 SYSTEMPATH\Commands\Server\rewrite.php(47): require_once('D:\\TubesWebPro-main\\public\\index.php')
CRITICAL - 2025-05-26 21:15:13 --> Undefined variable $detail_Ruangan
in APPPATH\Controllers\AdminControllers\RuanganTerpakai.php on line 156.
 1 APPPATH\Controllers\AdminControllers\RuanganTerpakai.php(156): CodeIgniter\Debug\Exceptions->errorHandler(2, 'Undefined variable $detail_Ruangan', 'D:\\TubesWebPro-main\\app\\Controllers\\AdminControllers\\RuanganTerpakai.php', 156)
 2 SYSTEMPATH\CodeIgniter.php(932): App\Controllers\AdminControllers\RuanganTerpakai->ruanganTerpakai()
 3 SYSTEMPATH\CodeIgniter.php(497): CodeIgniter\CodeIgniter->runController(Object(App\Controllers\AdminControllers\RuanganTerpakai))
 4 SYSTEMPATH\CodeIgniter.php(366): CodeIgniter\CodeIgniter->handleRequest(null, Object(Config\Cache), false)
 5 FCPATH\index.php(67): CodeIgniter\CodeIgniter->run()
 6 SYSTEMPATH\Commands\Server\rewrite.php(47): require_once('D:\\TubesWebPro-main\\public\\index.php')
CRITICAL - 2025-05-26 21:15:13 --> Undefined variable $detail_Ruangan
in APPPATH\Controllers\AdminControllers\RuanganTerpakai.php on line 156.
 1 APPPATH\Controllers\AdminControllers\RuanganTerpakai.php(156): CodeIgniter\Debug\Exceptions->errorHandler(2, 'Undefined variable $detail_Ruangan', 'D:\\TubesWebPro-main\\app\\Controllers\\AdminControllers\\RuanganTerpakai.php', 156)
 2 SYSTEMPATH\CodeIgniter.php(932): App\Controllers\AdminControllers\RuanganTerpakai->ruanganTerpakai()
 3 SYSTEMPATH\CodeIgniter.php(497): CodeIgniter\CodeIgniter->runController(Object(App\Controllers\AdminControllers\RuanganTerpakai))
 4 SYSTEMPATH\CodeIgniter.php(366): CodeIgniter\CodeIgniter->handleRequest(null, Object(Config\Cache), false)
 5 FCPATH\index.php(67): CodeIgniter\CodeIgniter->run()
 6 SYSTEMPATH\Commands\Server\rewrite.php(47): require_once('D:\\TubesWebPro-main\\public\\index.php')
CRITICAL - 2025-05-26 21:15:13 --> Undefined variable $detail_Ruangan
in APPPATH\Controllers\AdminControllers\RuanganTerpakai.php on line 156.
 1 APPPATH\Controllers\AdminControllers\RuanganTerpakai.php(156): CodeIgniter\Debug\Exceptions->errorHandler(2, 'Undefined variable $detail_Ruangan', 'D:\\TubesWebPro-main\\app\\Controllers\\AdminControllers\\RuanganTerpakai.php', 156)
 2 SYSTEMPATH\CodeIgniter.php(932): App\Controllers\AdminControllers\RuanganTerpakai->ruanganTerpakai()
 3 SYSTEMPATH\CodeIgniter.php(497): CodeIgniter\CodeIgniter->runController(Object(App\Controllers\AdminControllers\RuanganTerpakai))
 4 SYSTEMPATH\CodeIgniter.php(366): CodeIgniter\CodeIgniter->handleRequest(null, Object(Config\Cache), false)
 5 FCPATH\index.php(67): CodeIgniter\CodeIgniter->run()
 6 SYSTEMPATH\Commands\Server\rewrite.php(47): require_once('D:\\TubesWebPro-main\\public\\index.php')
CRITICAL - 2025-05-26 21:15:14 --> Undefined variable $detail_Ruangan
in APPPATH\Controllers\AdminControllers\RuanganTerpakai.php on line 156.
 1 APPPATH\Controllers\AdminControllers\RuanganTerpakai.php(156): CodeIgniter\Debug\Exceptions->errorHandler(2, 'Undefined variable $detail_Ruangan', 'D:\\TubesWebPro-main\\app\\Controllers\\AdminControllers\\RuanganTerpakai.php', 156)
 2 SYSTEMPATH\CodeIgniter.php(932): App\Controllers\AdminControllers\RuanganTerpakai->ruanganTerpakai()
 3 SYSTEMPATH\CodeIgniter.php(497): CodeIgniter\CodeIgniter->runController(Object(App\Controllers\AdminControllers\RuanganTerpakai))
 4 SYSTEMPATH\CodeIgniter.php(366): CodeIgniter\CodeIgniter->handleRequest(null, Object(Config\Cache), false)
 5 FCPATH\index.php(67): CodeIgniter\CodeIgniter->run()
 6 SYSTEMPATH\Commands\Server\rewrite.php(47): require_once('D:\\TubesWebPro-main\\public\\index.php')
CRITICAL - 2025-05-26 21:15:14 --> Undefined variable $detail_Ruangan
in APPPATH\Controllers\AdminControllers\RuanganTerpakai.php on line 156.
 1 APPPATH\Controllers\AdminControllers\RuanganTerpakai.php(156): CodeIgniter\Debug\Exceptions->errorHandler(2, 'Undefined variable $detail_Ruangan', 'D:\\TubesWebPro-main\\app\\Controllers\\AdminControllers\\RuanganTerpakai.php', 156)
 2 SYSTEMPATH\CodeIgniter.php(932): App\Controllers\AdminControllers\RuanganTerpakai->ruanganTerpakai()
 3 SYSTEMPATH\CodeIgniter.php(497): CodeIgniter\CodeIgniter->runController(Object(App\Controllers\AdminControllers\RuanganTerpakai))
 4 SYSTEMPATH\CodeIgniter.php(366): CodeIgniter\CodeIgniter->handleRequest(null, Object(Config\Cache), false)
 5 FCPATH\index.php(67): CodeIgniter\CodeIgniter->run()
 6 SYSTEMPATH\Commands\Server\rewrite.php(47): require_once('D:\\TubesWebPro-main\\public\\index.php')
CRITICAL - 2025-05-26 21:15:14 --> Undefined variable $detail_Ruangan
in APPPATH\Controllers\AdminControllers\RuanganTerpakai.php on line 156.
 1 APPPATH\Controllers\AdminControllers\RuanganTerpakai.php(156): CodeIgniter\Debug\Exceptions->errorHandler(2, 'Undefined variable $detail_Ruangan', 'D:\\TubesWebPro-main\\app\\Controllers\\AdminControllers\\RuanganTerpakai.php', 156)
 2 SYSTEMPATH\CodeIgniter.php(932): App\Controllers\AdminControllers\RuanganTerpakai->ruanganTerpakai()
 3 SYSTEMPATH\CodeIgniter.php(497): CodeIgniter\CodeIgniter->runController(Object(App\Controllers\AdminControllers\RuanganTerpakai))
 4 SYSTEMPATH\CodeIgniter.php(366): CodeIgniter\CodeIgniter->handleRequest(null, Object(Config\Cache), false)
 5 FCPATH\index.php(67): CodeIgniter\CodeIgniter->run()
 6 SYSTEMPATH\Commands\Server\rewrite.php(47): require_once('D:\\TubesWebPro-main\\public\\index.php')
CRITICAL - 2025-05-26 21:18:33 --> Undefined variable $detail_Ruangan
in APPPATH\Controllers\AdminControllers\RuanganTerpakai.php on line 156.
 1 APPPATH\Controllers\AdminControllers\RuanganTerpakai.php(156): CodeIgniter\Debug\Exceptions->errorHandler(2, 'Undefined variable $detail_Ruangan', 'D:\\TubesWebPro-main\\app\\Controllers\\AdminControllers\\RuanganTerpakai.php', 156)
 2 SYSTEMPATH\CodeIgniter.php(932): App\Controllers\AdminControllers\RuanganTerpakai->ruanganTerpakai()
 3 SYSTEMPATH\CodeIgniter.php(497): CodeIgniter\CodeIgniter->runController(Object(App\Controllers\AdminControllers\RuanganTerpakai))
 4 SYSTEMPATH\CodeIgniter.php(366): CodeIgniter\CodeIgniter->handleRequest(null, Object(Config\Cache), false)
 5 FCPATH\index.php(67): CodeIgniter\CodeIgniter->run()
 6 SYSTEMPATH\Commands\Server\rewrite.php(47): require_once('D:\\TubesWebPro-main\\public\\index.php')
CRITICAL - 2025-05-26 21:18:34 --> Undefined variable $detail_Ruangan
in APPPATH\Controllers\AdminControllers\RuanganTerpakai.php on line 156.
 1 APPPATH\Controllers\AdminControllers\RuanganTerpakai.php(156): CodeIgniter\Debug\Exceptions->errorHandler(2, 'Undefined variable $detail_Ruangan', 'D:\\TubesWebPro-main\\app\\Controllers\\AdminControllers\\RuanganTerpakai.php', 156)
 2 SYSTEMPATH\CodeIgniter.php(932): App\Controllers\AdminControllers\RuanganTerpakai->ruanganTerpakai()
 3 SYSTEMPATH\CodeIgniter.php(497): CodeIgniter\CodeIgniter->runController(Object(App\Controllers\AdminControllers\RuanganTerpakai))
 4 SYSTEMPATH\CodeIgniter.php(366): CodeIgniter\CodeIgniter->handleRequest(null, Object(Config\Cache), false)
 5 FCPATH\index.php(67): CodeIgniter\CodeIgniter->run()
 6 SYSTEMPATH\Commands\Server\rewrite.php(47): require_once('D:\\TubesWebPro-main\\public\\index.php')
CRITICAL - 2025-05-26 21:18:34 --> Undefined variable $detail_Ruangan
in APPPATH\Controllers\AdminControllers\RuanganTerpakai.php on line 156.
 1 APPPATH\Controllers\AdminControllers\RuanganTerpakai.php(156): CodeIgniter\Debug\Exceptions->errorHandler(2, 'Undefined variable $detail_Ruangan', 'D:\\TubesWebPro-main\\app\\Controllers\\AdminControllers\\RuanganTerpakai.php', 156)
 2 SYSTEMPATH\CodeIgniter.php(932): App\Controllers\AdminControllers\RuanganTerpakai->ruanganTerpakai()
 3 SYSTEMPATH\CodeIgniter.php(497): CodeIgniter\CodeIgniter->runController(Object(App\Controllers\AdminControllers\RuanganTerpakai))
 4 SYSTEMPATH\CodeIgniter.php(366): CodeIgniter\CodeIgniter->handleRequest(null, Object(Config\Cache), false)
 5 FCPATH\index.php(67): CodeIgniter\CodeIgniter->run()
 6 SYSTEMPATH\Commands\Server\rewrite.php(47): require_once('D:\\TubesWebPro-main\\public\\index.php')
CRITICAL - 2025-05-26 21:18:34 --> Undefined variable $detail_Ruangan
in APPPATH\Controllers\AdminControllers\RuanganTerpakai.php on line 156.
 1 APPPATH\Controllers\AdminControllers\RuanganTerpakai.php(156): CodeIgniter\Debug\Exceptions->errorHandler(2, 'Undefined variable $detail_Ruangan', 'D:\\TubesWebPro-main\\app\\Controllers\\AdminControllers\\RuanganTerpakai.php', 156)
 2 SYSTEMPATH\CodeIgniter.php(932): App\Controllers\AdminControllers\RuanganTerpakai->ruanganTerpakai()
 3 SYSTEMPATH\CodeIgniter.php(497): CodeIgniter\CodeIgniter->runController(Object(App\Controllers\AdminControllers\RuanganTerpakai))
 4 SYSTEMPATH\CodeIgniter.php(366): CodeIgniter\CodeIgniter->handleRequest(null, Object(Config\Cache), false)
 5 FCPATH\index.php(67): CodeIgniter\CodeIgniter->run()
 6 SYSTEMPATH\Commands\Server\rewrite.php(47): require_once('D:\\TubesWebPro-main\\public\\index.php')
CRITICAL - 2025-05-26 21:18:34 --> Undefined variable $detail_Ruangan
in APPPATH\Controllers\AdminControllers\RuanganTerpakai.php on line 156.
 1 APPPATH\Controllers\AdminControllers\RuanganTerpakai.php(156): CodeIgniter\Debug\Exceptions->errorHandler(2, 'Undefined variable $detail_Ruangan', 'D:\\TubesWebPro-main\\app\\Controllers\\AdminControllers\\RuanganTerpakai.php', 156)
 2 SYSTEMPATH\CodeIgniter.php(932): App\Controllers\AdminControllers\RuanganTerpakai->ruanganTerpakai()
 3 SYSTEMPATH\CodeIgniter.php(497): CodeIgniter\CodeIgniter->runController(Object(App\Controllers\AdminControllers\RuanganTerpakai))
 4 SYSTEMPATH\CodeIgniter.php(366): CodeIgniter\CodeIgniter->handleRequest(null, Object(Config\Cache), false)
 5 FCPATH\index.php(67): CodeIgniter\CodeIgniter->run()
 6 SYSTEMPATH\Commands\Server\rewrite.php(47): require_once('D:\\TubesWebPro-main\\public\\index.php')
CRITICAL - 2025-05-26 21:18:34 --> Undefined variable $detail_Ruangan
in APPPATH\Controllers\AdminControllers\RuanganTerpakai.php on line 156.
 1 APPPATH\Controllers\AdminControllers\RuanganTerpakai.php(156): CodeIgniter\Debug\Exceptions->errorHandler(2, 'Undefined variable $detail_Ruangan', 'D:\\TubesWebPro-main\\app\\Controllers\\AdminControllers\\RuanganTerpakai.php', 156)
 2 SYSTEMPATH\CodeIgniter.php(932): App\Controllers\AdminControllers\RuanganTerpakai->ruanganTerpakai()
 3 SYSTEMPATH\CodeIgniter.php(497): CodeIgniter\CodeIgniter->runController(Object(App\Controllers\AdminControllers\RuanganTerpakai))
 4 SYSTEMPATH\CodeIgniter.php(366): CodeIgniter\CodeIgniter->handleRequest(null, Object(Config\Cache), false)
 5 FCPATH\index.php(67): CodeIgniter\CodeIgniter->run()
 6 SYSTEMPATH\Commands\Server\rewrite.php(47): require_once('D:\\TubesWebPro-main\\public\\index.php')
CRITICAL - 2025-05-26 21:18:35 --> Undefined variable $detail_Ruangan
in APPPATH\Controllers\AdminControllers\RuanganTerpakai.php on line 156.
 1 APPPATH\Controllers\AdminControllers\RuanganTerpakai.php(156): CodeIgniter\Debug\Exceptions->errorHandler(2, 'Undefined variable $detail_Ruangan', 'D:\\TubesWebPro-main\\app\\Controllers\\AdminControllers\\RuanganTerpakai.php', 156)
 2 SYSTEMPATH\CodeIgniter.php(932): App\Controllers\AdminControllers\RuanganTerpakai->ruanganTerpakai()
 3 SYSTEMPATH\CodeIgniter.php(497): CodeIgniter\CodeIgniter->runController(Object(App\Controllers\AdminControllers\RuanganTerpakai))
 4 SYSTEMPATH\CodeIgniter.php(366): CodeIgniter\CodeIgniter->handleRequest(null, Object(Config\Cache), false)
 5 FCPATH\index.php(67): CodeIgniter\CodeIgniter->run()
 6 SYSTEMPATH\Commands\Server\rewrite.php(47): require_once('D:\\TubesWebPro-main\\public\\index.php')
CRITICAL - 2025-05-26 21:18:35 --> Undefined variable $detail_Ruangan
in APPPATH\Controllers\AdminControllers\RuanganTerpakai.php on line 156.
 1 APPPATH\Controllers\AdminControllers\RuanganTerpakai.php(156): CodeIgniter\Debug\Exceptions->errorHandler(2, 'Undefined variable $detail_Ruangan', 'D:\\TubesWebPro-main\\app\\Controllers\\AdminControllers\\RuanganTerpakai.php', 156)
 2 SYSTEMPATH\CodeIgniter.php(932): App\Controllers\AdminControllers\RuanganTerpakai->ruanganTerpakai()
 3 SYSTEMPATH\CodeIgniter.php(497): CodeIgniter\CodeIgniter->runController(Object(App\Controllers\AdminControllers\RuanganTerpakai))
 4 SYSTEMPATH\CodeIgniter.php(366): CodeIgniter\CodeIgniter->handleRequest(null, Object(Config\Cache), false)
 5 FCPATH\index.php(67): CodeIgniter\CodeIgniter->run()
 6 SYSTEMPATH\Commands\Server\rewrite.php(47): require_once('D:\\TubesWebPro-main\\public\\index.php')
CRITICAL - 2025-05-26 21:18:35 --> Undefined variable $detail_Ruangan
in APPPATH\Controllers\AdminControllers\RuanganTerpakai.php on line 156.
 1 APPPATH\Controllers\AdminControllers\RuanganTerpakai.php(156): CodeIgniter\Debug\Exceptions->errorHandler(2, 'Undefined variable $detail_Ruangan', 'D:\\TubesWebPro-main\\app\\Controllers\\AdminControllers\\RuanganTerpakai.php', 156)
 2 SYSTEMPATH\CodeIgniter.php(932): App\Controllers\AdminControllers\RuanganTerpakai->ruanganTerpakai()
 3 SYSTEMPATH\CodeIgniter.php(497): CodeIgniter\CodeIgniter->runController(Object(App\Controllers\AdminControllers\RuanganTerpakai))
 4 SYSTEMPATH\CodeIgniter.php(366): CodeIgniter\CodeIgniter->handleRequest(null, Object(Config\Cache), false)
 5 FCPATH\index.php(67): CodeIgniter\CodeIgniter->run()
 6 SYSTEMPATH\Commands\Server\rewrite.php(47): require_once('D:\\TubesWebPro-main\\public\\index.php')
CRITICAL - 2025-05-26 21:18:35 --> Undefined variable $detail_Ruangan
in APPPATH\Controllers\AdminControllers\RuanganTerpakai.php on line 156.
 1 APPPATH\Controllers\AdminControllers\RuanganTerpakai.php(156): CodeIgniter\Debug\Exceptions->errorHandler(2, 'Undefined variable $detail_Ruangan', 'D:\\TubesWebPro-main\\app\\Controllers\\AdminControllers\\RuanganTerpakai.php', 156)
 2 SYSTEMPATH\CodeIgniter.php(932): App\Controllers\AdminControllers\RuanganTerpakai->ruanganTerpakai()
 3 SYSTEMPATH\CodeIgniter.php(497): CodeIgniter\CodeIgniter->runController(Object(App\Controllers\AdminControllers\RuanganTerpakai))
 4 SYSTEMPATH\CodeIgniter.php(366): CodeIgniter\CodeIgniter->handleRequest(null, Object(Config\Cache), false)
 5 FCPATH\index.php(67): CodeIgniter\CodeIgniter->run()
 6 SYSTEMPATH\Commands\Server\rewrite.php(47): require_once('D:\\TubesWebPro-main\\public\\index.php')
INFO - 2025-05-26 14:18:40 --> Session: Class initialized using 'CodeIgniter\Session\Handlers\FileHandler' driver.
CRITICAL - 2025-05-26 21:18:44 --> Undefined variable $detail_Ruangan
in APPPATH\Controllers\AdminControllers\RuanganTerpakai.php on line 156.
 1 APPPATH\Controllers\AdminControllers\RuanganTerpakai.php(156): CodeIgniter\Debug\Exceptions->errorHandler(2, 'Undefined variable $detail_Ruangan', 'D:\\TubesWebPro-main\\app\\Controllers\\AdminControllers\\RuanganTerpakai.php', 156)
 2 SYSTEMPATH\CodeIgniter.php(932): App\Controllers\AdminControllers\RuanganTerpakai->ruanganTerpakai()
 3 SYSTEMPATH\CodeIgniter.php(497): CodeIgniter\CodeIgniter->runController(Object(App\Controllers\AdminControllers\RuanganTerpakai))
 4 SYSTEMPATH\CodeIgniter.php(366): CodeIgniter\CodeIgniter->handleRequest(null, Object(Config\Cache), false)
 5 FCPATH\index.php(67): CodeIgniter\CodeIgniter->run()
 6 SYSTEMPATH\Commands\Server\rewrite.php(47): require_once('D:\\TubesWebPro-main\\public\\index.php')
CRITICAL - 2025-05-26 21:18:55 --> Undefined variable $detail_Ruangan
in APPPATH\Controllers\AdminControllers\RuanganTerpakai.php on line 156.
 1 APPPATH\Controllers\AdminControllers\RuanganTerpakai.php(156): CodeIgniter\Debug\Exceptions->errorHandler(2, 'Undefined variable $detail_Ruangan', 'D:\\TubesWebPro-main\\app\\Controllers\\AdminControllers\\RuanganTerpakai.php', 156)
 2 SYSTEMPATH\CodeIgniter.php(932): App\Controllers\AdminControllers\RuanganTerpakai->ruanganTerpakai()
 3 SYSTEMPATH\CodeIgniter.php(497): CodeIgniter\CodeIgniter->runController(Object(App\Controllers\AdminControllers\RuanganTerpakai))
 4 SYSTEMPATH\CodeIgniter.php(366): CodeIgniter\CodeIgniter->handleRequest(null, Object(Config\Cache), false)
 5 FCPATH\index.php(67): CodeIgniter\CodeIgniter->run()
 6 SYSTEMPATH\Commands\Server\rewrite.php(47): require_once('D:\\TubesWebPro-main\\public\\index.php')
CRITICAL - 2025-05-26 21:19:33 --> Undefined variable $detail_Ruangan
in APPPATH\Controllers\AdminControllers\RuanganTerpakai.php on line 156.
 1 APPPATH\Controllers\AdminControllers\RuanganTerpakai.php(156): CodeIgniter\Debug\Exceptions->errorHandler(2, 'Undefined variable $detail_Ruangan', 'D:\\TubesWebPro-main\\app\\Controllers\\AdminControllers\\RuanganTerpakai.php', 156)
 2 SYSTEMPATH\CodeIgniter.php(932): App\Controllers\AdminControllers\RuanganTerpakai->ruanganTerpakai()
 3 SYSTEMPATH\CodeIgniter.php(497): CodeIgniter\CodeIgniter->runController(Object(App\Controllers\AdminControllers\RuanganTerpakai))
 4 SYSTEMPATH\CodeIgniter.php(366): CodeIgniter\CodeIgniter->handleRequest(null, Object(Config\Cache), false)
 5 FCPATH\index.php(67): CodeIgniter\CodeIgniter->run()
 6 SYSTEMPATH\Commands\Server\rewrite.php(47): require_once('D:\\TubesWebPro-main\\public\\index.php')
CRITICAL - 2025-05-26 21:19:40 --> Undefined variable $detail_Ruangan
in APPPATH\Controllers\AdminControllers\RuanganTerpakai.php on line 156.
 1 APPPATH\Controllers\AdminControllers\RuanganTerpakai.php(156): CodeIgniter\Debug\Exceptions->errorHandler(2, 'Undefined variable $detail_Ruangan', 'D:\\TubesWebPro-main\\app\\Controllers\\AdminControllers\\RuanganTerpakai.php', 156)
 2 SYSTEMPATH\CodeIgniter.php(932): App\Controllers\AdminControllers\RuanganTerpakai->ruanganTerpakai()
 3 SYSTEMPATH\CodeIgniter.php(497): CodeIgniter\CodeIgniter->runController(Object(App\Controllers\AdminControllers\RuanganTerpakai))
 4 SYSTEMPATH\CodeIgniter.php(366): CodeIgniter\CodeIgniter->handleRequest(null, Object(Config\Cache), false)
 5 FCPATH\index.php(67): CodeIgniter\CodeIgniter->run()
 6 SYSTEMPATH\Commands\Server\rewrite.php(47): require_once('D:\\TubesWebPro-main\\public\\index.php')
CRITICAL - 2025-05-26 21:19:43 --> Undefined variable $detail_Ruangan
in APPPATH\Controllers\AdminControllers\RuanganTerpakai.php on line 156.
 1 APPPATH\Controllers\AdminControllers\RuanganTerpakai.php(156): CodeIgniter\Debug\Exceptions->errorHandler(2, 'Undefined variable $detail_Ruangan', 'D:\\TubesWebPro-main\\app\\Controllers\\AdminControllers\\RuanganTerpakai.php', 156)
 2 SYSTEMPATH\CodeIgniter.php(932): App\Controllers\AdminControllers\RuanganTerpakai->ruanganTerpakai()
 3 SYSTEMPATH\CodeIgniter.php(497): CodeIgniter\CodeIgniter->runController(Object(App\Controllers\AdminControllers\RuanganTerpakai))
 4 SYSTEMPATH\CodeIgniter.php(366): CodeIgniter\CodeIgniter->handleRequest(null, Object(Config\Cache), false)
 5 FCPATH\index.php(67): CodeIgniter\CodeIgniter->run()
 6 SYSTEMPATH\Commands\Server\rewrite.php(47): require_once('D:\\TubesWebPro-main\\public\\index.php')
INFO - 2025-05-26 14:23:09 --> Session: Class initialized using 'CodeIgniter\Session\Handlers\FileHandler' driver.
INFO - 2025-05-26 14:26:26 --> Session: Class initialized using 'CodeIgniter\Session\Handlers\FileHandler' driver.
INFO - 2025-05-26 21:26:26 --> Session: Class initialized using 'CodeIgniter\Session\Handlers\FileHandler' driver.
INFO - 2025-05-26 14:26:31 --> Session: Class initialized using 'CodeIgniter\Session\Handlers\FileHandler' driver.
INFO - 2025-05-26 14:26:39 --> Session: Class initialized using 'CodeIgniter\Session\Handlers\FileHandler' driver.
INFO - 2025-05-26 21:26:40 --> Session: Class initialized using 'CodeIgniter\Session\Handlers\FileHandler' driver.
INFO - 2025-05-26 14:26:43 --> Session: Class initialized using 'CodeIgniter\Session\Handlers\FileHandler' driver.
INFO - 2025-05-26 21:26:46 --> Session: Class initialized using 'CodeIgniter\Session\Handlers\FileHandler' driver.
INFO - 2025-05-26 21:26:49 --> Session: Class initialized using 'CodeIgniter\Session\Handlers\FileHandler' driver.
INFO - 2025-05-26 21:27:10 --> Session: Class initialized using 'CodeIgniter\Session\Handlers\FileHandler' driver.
INFO - 2025-05-26 21:27:13 --> Session: Class initialized using 'CodeIgniter\Session\Handlers\FileHandler' driver.
INFO - 2025-05-26 14:28:05 --> Session: Class initialized using 'CodeIgniter\Session\Handlers\FileHandler' driver.
INFO - 2025-05-26 21:28:08 --> Session: Class initialized using 'CodeIgniter\Session\Handlers\FileHandler' driver.
INFO - 2025-05-26 14:28:11 --> Session: Class initialized using 'CodeIgniter\Session\Handlers\FileHandler' driver.
INFO - 2025-05-26 14:28:17 --> Session: Class initialized using 'CodeIgniter\Session\Handlers\FileHandler' driver.
INFO - 2025-05-26 21:28:17 --> Session: Class initialized using 'CodeIgniter\Session\Handlers\FileHandler' driver.
INFO - 2025-05-26 14:28:20 --> Session: Class initialized using 'CodeIgniter\Session\Handlers\FileHandler' driver.
INFO - 2025-05-26 14:28:28 --> Session: Class initialized using 'CodeIgniter\Session\Handlers\FileHandler' driver.
INFO - 2025-05-26 14:28:52 --> Session: Class initialized using 'CodeIgniter\Session\Handlers\FileHandler' driver.
INFO - 2025-05-26 14:30:07 --> Session: Class initialized using 'CodeIgniter\Session\Handlers\FileHandler' driver.
INFO - 2025-05-26 14:30:34 --> Session: Class initialized using 'CodeIgniter\Session\Handlers\FileHandler' driver.
INFO - 2025-05-26 14:31:03 --> Session: Class initialized using 'CodeIgniter\Session\Handlers\FileHandler' driver.
INFO - 2025-05-26 21:31:03 --> Session: Class initialized using 'CodeIgniter\Session\Handlers\FileHandler' driver.
INFO - 2025-05-26 14:31:06 --> Session: Class initialized using 'CodeIgniter\Session\Handlers\FileHandler' driver.
INFO - 2025-05-26 14:31:14 --> Session: Class initialized using 'CodeIgniter\Session\Handlers\FileHandler' driver.
INFO - 2025-05-26 21:31:14 --> Session: Class initialized using 'CodeIgniter\Session\Handlers\FileHandler' driver.
INFO - 2025-05-26 21:31:21 --> Session: Class initialized using 'CodeIgniter\Session\Handlers\FileHandler' driver.
INFO - 2025-05-26 21:31:24 --> Session: Class initialized using 'CodeIgniter\Session\Handlers\FileHandler' driver.
INFO - 2025-05-26 21:31:26 --> Session: Class initialized using 'CodeIgniter\Session\Handlers\FileHandler' driver.
INFO - 2025-05-26 14:31:38 --> Session: Class initialized using 'CodeIgniter\Session\Handlers\FileHandler' driver.
INFO - 2025-05-26 14:31:51 --> Session: Class initialized using 'CodeIgniter\Session\Handlers\FileHandler' driver.
INFO - 2025-05-26 21:31:51 --> Session: Class initialized using 'CodeIgniter\Session\Handlers\FileHandler' driver.
INFO - 2025-05-26 14:31:57 --> Session: Class initialized using 'CodeIgniter\Session\Handlers\FileHandler' driver.
INFO - 2025-05-26 14:32:05 --> Session: Class initialized using 'CodeIgniter\Session\Handlers\FileHandler' driver.
INFO - 2025-05-26 15:07:46 --> Session: Class initialized using 'CodeIgniter\Session\Handlers\FileHandler' driver.
INFO - 2025-05-26 22:07:46 --> Session: Class initialized using 'CodeIgniter\Session\Handlers\FileHandler' driver.
INFO - 2025-05-26 15:07:59 --> Session: Class initialized using 'CodeIgniter\Session\Handlers\FileHandler' driver.
INFO - 2025-05-26 15:08:45 --> Session: Class initialized using 'CodeIgniter\Session\Handlers\FileHandler' driver.
INFO - 2025-05-26 22:08:45 --> Session: Class initialized using 'CodeIgniter\Session\Handlers\FileHandler' driver.
INFO - 2025-05-26 22:08:48 --> Session: Class initialized using 'CodeIgniter\Session\Handlers\FileHandler' driver.
INFO - 2025-05-26 15:08:53 --> Session: Class initialized using 'CodeIgniter\Session\Handlers\FileHandler' driver.
INFO - 2025-05-26 15:08:54 --> Session: Class initialized using 'CodeIgniter\Session\Handlers\FileHandler' driver.
INFO - 2025-05-26 22:08:58 --> Session: Class initialized using 'CodeIgniter\Session\Handlers\FileHandler' driver.
INFO - 2025-05-26 22:09:00 --> Session: Class initialized using 'CodeIgniter\Session\Handlers\FileHandler' driver.
INFO - 2025-05-26 22:09:03 --> Session: Class initialized using 'CodeIgniter\Session\Handlers\FileHandler' driver.
INFO - 2025-05-26 22:09:08 --> Session: Class initialized using 'CodeIgniter\Session\Handlers\FileHandler' driver.
INFO - 2025-05-26 22:09:21 --> Session: Class initialized using 'CodeIgniter\Session\Handlers\FileHandler' driver.
INFO - 2025-05-26 15:09:26 --> Session: Class initialized using 'CodeIgniter\Session\Handlers\FileHandler' driver.
INFO - 2025-05-26 22:09:27 --> Session: Class initialized using 'CodeIgniter\Session\Handlers\FileHandler' driver.
INFO - 2025-05-26 22:09:58 --> Session: Class initialized using 'CodeIgniter\Session\Handlers\FileHandler' driver.
INFO - 2025-05-26 22:10:01 --> Session: Class initialized using 'CodeIgniter\Session\Handlers\FileHandler' driver.
INFO - 2025-05-26 22:10:17 --> Session: Class initialized using 'CodeIgniter\Session\Handlers\FileHandler' driver.
INFO - 2025-05-26 15:10:45 --> Session: Class initialized using 'CodeIgniter\Session\Handlers\FileHandler' driver.
INFO - 2025-05-26 15:10:49 --> Session: Class initialized using 'CodeIgniter\Session\Handlers\FileHandler' driver.
INFO - 2025-05-26 15:11:04 --> Session: Class initialized using 'CodeIgniter\Session\Handlers\FileHandler' driver.
INFO - 2025-05-26 22:11:34 --> Session: Class initialized using 'CodeIgniter\Session\Handlers\FileHandler' driver.
INFO - 2025-05-26 22:11:38 --> Session: Class initialized using 'CodeIgniter\Session\Handlers\FileHandler' driver.
INFO - 2025-05-26 22:11:41 --> Session: Class initialized using 'CodeIgniter\Session\Handlers\FileHandler' driver.
INFO - 2025-05-26 22:11:52 --> Session: Class initialized using 'CodeIgniter\Session\Handlers\FileHandler' driver.
INFO - 2025-05-26 15:11:59 --> Session: Class initialized using 'CodeIgniter\Session\Handlers\FileHandler' driver.
INFO - 2025-05-26 15:12:01 --> Session: Class initialized using 'CodeIgniter\Session\Handlers\FileHandler' driver.
INFO - 2025-05-26 22:12:19 --> Session: Class initialized using 'CodeIgniter\Session\Handlers\FileHandler' driver.
INFO - 2025-05-26 15:12:30 --> Session: Class initialized using 'CodeIgniter\Session\Handlers\FileHandler' driver.
INFO - 2025-05-26 22:12:30 --> Session: Class initialized using 'CodeIgniter\Session\Handlers\FileHandler' driver.
INFO - 2025-05-26 15:12:37 --> Session: Class initialized using 'CodeIgniter\Session\Handlers\FileHandler' driver.
INFO - 2025-05-26 15:12:47 --> Session: Class initialized using 'CodeIgniter\Session\Handlers\FileHandler' driver.
INFO - 2025-05-26 15:13:19 --> Session: Class initialized using 'CodeIgniter\Session\Handlers\FileHandler' driver.
INFO - 2025-05-26 15:13:27 --> Session: Class initialized using 'CodeIgniter\Session\Handlers\FileHandler' driver.
INFO - 2025-05-26 15:13:42 --> Session: Class initialized using 'CodeIgniter\Session\Handlers\FileHandler' driver.
INFO - 2025-05-26 15:15:54 --> Session: Class initialized using 'CodeIgniter\Session\Handlers\FileHandler' driver.
INFO - 2025-05-26 15:16:21 --> Session: Class initialized using 'CodeIgniter\Session\Handlers\FileHandler' driver.
INFO - 2025-05-26 15:16:26 --> Session: Class initialized using 'CodeIgniter\Session\Handlers\FileHandler' driver.
INFO - 2025-05-26 15:16:30 --> Session: Class initialized using 'CodeIgniter\Session\Handlers\FileHandler' driver.
INFO - 2025-05-26 15:22:39 --> Session: Class initialized using 'CodeIgniter\Session\Handlers\FileHandler' driver.
INFO - 2025-05-26 22:22:40 --> Session: Class initialized using 'CodeIgniter\Session\Handlers\FileHandler' driver.
INFO - 2025-05-26 15:22:46 --> Session: Class initialized using 'CodeIgniter\Session\Handlers\FileHandler' driver.
INFO - 2025-05-26 15:23:22 --> Session: Class initialized using 'CodeIgniter\Session\Handlers\FileHandler' driver.
INFO - 2025-05-26 15:23:48 --> Session: Class initialized using 'CodeIgniter\Session\Handlers\FileHandler' driver.
INFO - 2025-05-26 15:26:54 --> Session: Class initialized using 'CodeIgniter\Session\Handlers\FileHandler' driver.
INFO - 2025-05-26 15:27:03 --> Session: Class initialized using 'CodeIgniter\Session\Handlers\FileHandler' driver.
INFO - 2025-05-26 15:27:05 --> Session: Class initialized using 'CodeIgniter\Session\Handlers\FileHandler' driver.
INFO - 2025-05-26 15:27:28 --> Session: Class initialized using 'CodeIgniter\Session\Handlers\FileHandler' driver.
INFO - 2025-05-26 15:27:42 --> Session: Class initialized using 'CodeIgniter\Session\Handlers\FileHandler' driver.
INFO - 2025-05-26 15:27:48 --> Session: Class initialized using 'CodeIgniter\Session\Handlers\FileHandler' driver.
INFO - 2025-05-26 15:27:51 --> Session: Class initialized using 'CodeIgniter\Session\Handlers\FileHandler' driver.
INFO - 2025-05-26 15:28:43 --> Session: Class initialized using 'CodeIgniter\Session\Handlers\FileHandler' driver.
INFO - 2025-05-26 15:28:57 --> Session: Class initialized using 'CodeIgniter\Session\Handlers\FileHandler' driver.
INFO - 2025-05-26 15:30:52 --> Session: Class initialized using 'CodeIgniter\Session\Handlers\FileHandler' driver.
INFO - 2025-05-26 15:30:54 --> Session: Class initialized using 'CodeIgniter\Session\Handlers\FileHandler' driver.
INFO - 2025-05-26 15:30:55 --> Session: Class initialized using 'CodeIgniter\Session\Handlers\FileHandler' driver.
INFO - 2025-05-26 15:30:56 --> Session: Class initialized using 'CodeIgniter\Session\Handlers\FileHandler' driver.
INFO - 2025-05-26 15:31:32 --> Session: Class initialized using 'CodeIgniter\Session\Handlers\FileHandler' driver.
INFO - 2025-05-26 15:31:34 --> Session: Class initialized using 'CodeIgniter\Session\Handlers\FileHandler' driver.
INFO - 2025-05-26 15:31:43 --> Session: Class initialized using 'CodeIgniter\Session\Handlers\FileHandler' driver.
INFO - 2025-05-26 15:31:45 --> Session: Class initialized using 'CodeIgniter\Session\Handlers\FileHandler' driver.
INFO - 2025-05-26 15:35:01 --> Session: Class initialized using 'CodeIgniter\Session\Handlers\FileHandler' driver.
INFO - 2025-05-26 15:36:45 --> Session: Class initialized using 'CodeIgniter\Session\Handlers\FileHandler' driver.
INFO - 2025-05-26 15:37:03 --> Session: Class initialized using 'CodeIgniter\Session\Handlers\FileHandler' driver.
INFO - 2025-05-26 15:37:03 --> Session: Class initialized using 'CodeIgniter\Session\Handlers\FileHandler' driver.
INFO - 2025-05-26 15:37:22 --> Session: Class initialized using 'CodeIgniter\Session\Handlers\FileHandler' driver.
INFO - 2025-05-26 22:37:23 --> Session: Class initialized using 'CodeIgniter\Session\Handlers\FileHandler' driver.
INFO - 2025-05-26 22:38:07 --> Session: Class initialized using 'CodeIgniter\Session\Handlers\FileHandler' driver.
INFO - 2025-05-26 22:38:27 --> Session: Class initialized using 'CodeIgniter\Session\Handlers\FileHandler' driver.
INFO - 2025-05-26 22:38:30 --> Session: Class initialized using 'CodeIgniter\Session\Handlers\FileHandler' driver.
INFO - 2025-05-26 22:38:50 --> Session: Class initialized using 'CodeIgniter\Session\Handlers\FileHandler' driver.
INFO - 2025-05-26 15:40:22 --> Session: Class initialized using 'CodeIgniter\Session\Handlers\FileHandler' driver.
INFO - 2025-05-26 22:40:22 --> Session: Class initialized using 'CodeIgniter\Session\Handlers\FileHandler' driver.
INFO - 2025-05-26 15:53:01 --> Session: Class initialized using 'CodeIgniter\Session\Handlers\FileHandler' driver.
INFO - 2025-05-26 15:55:47 --> Session: Class initialized using 'CodeIgniter\Session\Handlers\FileHandler' driver.
INFO - 2025-05-26 15:56:30 --> Session: Class initialized using 'CodeIgniter\Session\Handlers\FileHandler' driver.
INFO - 2025-05-26 15:56:50 --> Session: Class initialized using 'CodeIgniter\Session\Handlers\FileHandler' driver.
INFO - 2025-05-26 22:56:51 --> Session: Class initialized using 'CodeIgniter\Session\Handlers\FileHandler' driver.
INFO - 2025-05-26 15:58:09 --> Session: Class initialized using 'CodeIgniter\Session\Handlers\FileHandler' driver.
INFO - 2025-05-26 15:58:21 --> Session: Class initialized using 'CodeIgniter\Session\Handlers\FileHandler' driver.
INFO - 2025-05-26 22:58:22 --> Session: Class initialized using 'CodeIgniter\Session\Handlers\FileHandler' driver.
INFO - 2025-05-26 22:58:44 --> Session: Class initialized using 'CodeIgniter\Session\Handlers\FileHandler' driver.
INFO - 2025-05-26 15:58:53 --> Session: Class initialized using 'CodeIgniter\Session\Handlers\FileHandler' driver.
INFO - 2025-05-26 15:59:10 --> Session: Class initialized using 'CodeIgniter\Session\Handlers\FileHandler' driver.
INFO - 2025-05-26 15:59:26 --> Session: Class initialized using 'CodeIgniter\Session\Handlers\FileHandler' driver.
INFO - 2025-05-26 22:59:26 --> Session: Class initialized using 'CodeIgniter\Session\Handlers\FileHandler' driver.
INFO - 2025-05-26 16:01:12 --> Session: Class initialized using 'CodeIgniter\Session\Handlers\FileHandler' driver.
INFO - 2025-05-26 16:01:53 --> Session: Class initialized using 'CodeIgniter\Session\Handlers\FileHandler' driver.
INFO - 2025-05-26 16:02:32 --> Session: Class initialized using 'CodeIgniter\Session\Handlers\FileHandler' driver.
INFO - 2025-05-26 16:02:34 --> Session: Class initialized using 'CodeIgniter\Session\Handlers\FileHandler' driver.
INFO - 2025-05-26 23:02:34 --> Session: Class initialized using 'CodeIgniter\Session\Handlers\FileHandler' driver.
INFO - 2025-05-26 16:12:09 --> Session: Class initialized using 'CodeIgniter\Session\Handlers\FileHandler' driver.
INFO - 2025-05-26 16:12:28 --> Session: Class initialized using 'CodeIgniter\Session\Handlers\FileHandler' driver.
INFO - 2025-05-26 23:12:28 --> Session: Class initialized using 'CodeIgniter\Session\Handlers\FileHandler' driver.
INFO - 2025-05-26 16:12:30 --> Session: Class initialized using 'CodeIgniter\Session\Handlers\FileHandler' driver.
INFO - 2025-05-26 16:12:43 --> Session: Class initialized using 'CodeIgniter\Session\Handlers\FileHandler' driver.
INFO - 2025-05-26 16:12:53 --> Session: Class initialized using 'CodeIgniter\Session\Handlers\FileHandler' driver.
INFO - 2025-05-26 23:12:54 --> Session: Class initialized using 'CodeIgniter\Session\Handlers\FileHandler' driver.
INFO - 2025-05-26 23:12:56 --> Session: Class initialized using 'CodeIgniter\Session\Handlers\FileHandler' driver.
INFO - 2025-05-26 16:13:19 --> Session: Class initialized using 'CodeIgniter\Session\Handlers\FileHandler' driver.
INFO - 2025-05-26 16:13:42 --> Session: Class initialized using 'CodeIgniter\Session\Handlers\FileHandler' driver.
INFO - 2025-05-26 16:13:54 --> Session: Class initialized using 'CodeIgniter\Session\Handlers\FileHandler' driver.
INFO - 2025-05-26 16:14:03 --> Session: Class initialized using 'CodeIgniter\Session\Handlers\FileHandler' driver.
INFO - 2025-05-26 16:14:24 --> Session: Class initialized using 'CodeIgniter\Session\Handlers\FileHandler' driver.
INFO - 2025-05-26 16:15:20 --> Session: Class initialized using 'CodeIgniter\Session\Handlers\FileHandler' driver.
INFO - 2025-05-26 16:15:24 --> Session: Class initialized using 'CodeIgniter\Session\Handlers\FileHandler' driver.
INFO - 2025-05-26 23:15:38 --> Session: Class initialized using 'CodeIgniter\Session\Handlers\FileHandler' driver.
INFO - 2025-05-26 16:15:40 --> Session: Class initialized using 'CodeIgniter\Session\Handlers\FileHandler' driver.
INFO - 2025-05-26 16:15:43 --> Session: Class initialized using 'CodeIgniter\Session\Handlers\FileHandler' driver.
INFO - 2025-05-26 16:15:50 --> Session: Class initialized using 'CodeIgniter\Session\Handlers\FileHandler' driver.
INFO - 2025-05-26 16:16:07 --> Session: Class initialized using 'CodeIgniter\Session\Handlers\FileHandler' driver.
INFO - 2025-05-26 16:21:30 --> Session: Class initialized using 'CodeIgniter\Session\Handlers\FileHandler' driver.
INFO - 2025-05-26 16:21:49 --> Session: Class initialized using 'CodeIgniter\Session\Handlers\FileHandler' driver.
INFO - 2025-05-26 16:21:49 --> Session: Class initialized using 'CodeIgniter\Session\Handlers\FileHandler' driver.
INFO - 2025-05-26 16:22:01 --> Session: Class initialized using 'CodeIgniter\Session\Handlers\FileHandler' driver.
INFO - 2025-05-26 23:22:01 --> Session: Class initialized using 'CodeIgniter\Session\Handlers\FileHandler' driver.
INFO - 2025-05-26 16:22:07 --> Session: Class initialized using 'CodeIgniter\Session\Handlers\FileHandler' driver.
INFO - 2025-05-26 16:22:59 --> Session: Class initialized using 'CodeIgniter\Session\Handlers\FileHandler' driver.
INFO - 2025-05-26 16:24:08 --> Session: Class initialized using 'CodeIgniter\Session\Handlers\FileHandler' driver.
INFO - 2025-05-26 16:24:18 --> Session: Class initialized using 'CodeIgniter\Session\Handlers\FileHandler' driver.
INFO - 2025-05-26 16:24:18 --> Session: Class initialized using 'CodeIgniter\Session\Handlers\FileHandler' driver.
INFO - 2025-05-26 16:24:28 --> Session: Class initialized using 'CodeIgniter\Session\Handlers\FileHandler' driver.
INFO - 2025-05-26 23:24:29 --> Session: Class initialized using 'CodeIgniter\Session\Handlers\FileHandler' driver.
INFO - 2025-05-26 16:24:36 --> Session: Class initialized using 'CodeIgniter\Session\Handlers\FileHandler' driver.
INFO - 2025-05-26 16:28:16 --> Session: Class initialized using 'CodeIgniter\Session\Handlers\FileHandler' driver.
INFO - 2025-05-26 16:28:30 --> Session: Class initialized using 'CodeIgniter\Session\Handlers\FileHandler' driver.
INFO - 2025-05-26 23:28:31 --> Session: Class initialized using 'CodeIgniter\Session\Handlers\FileHandler' driver.
INFO - 2025-05-26 16:28:34 --> Session: Class initialized using 'CodeIgniter\Session\Handlers\FileHandler' driver.
INFO - 2025-05-26 16:28:43 --> Session: Class initialized using 'CodeIgniter\Session\Handlers\FileHandler' driver.
INFO - 2025-05-26 16:29:06 --> Session: Class initialized using 'CodeIgniter\Session\Handlers\FileHandler' driver.
INFO - 2025-05-26 16:30:31 --> Session: Class initialized using 'CodeIgniter\Session\Handlers\FileHandler' driver.
INFO - 2025-05-26 16:30:33 --> Session: Class initialized using 'CodeIgniter\Session\Handlers\FileHandler' driver.
INFO - 2025-05-26 23:30:33 --> Session: Class initialized using 'CodeIgniter\Session\Handlers\FileHandler' driver.
INFO - 2025-05-26 16:30:36 --> Session: Class initialized using 'CodeIgniter\Session\Handlers\FileHandler' driver.
INFO - 2025-05-26 16:30:38 --> Session: Class initialized using 'CodeIgniter\Session\Handlers\FileHandler' driver.
INFO - 2025-05-26 16:30:38 --> Session: Class initialized using 'CodeIgniter\Session\Handlers\FileHandler' driver.
INFO - 2025-05-26 16:30:40 --> Session: Class initialized using 'CodeIgniter\Session\Handlers\FileHandler' driver.
INFO - 2025-05-26 16:30:40 --> Session: Class initialized using 'CodeIgniter\Session\Handlers\FileHandler' driver.
INFO - 2025-05-26 16:31:14 --> Session: Class initialized using 'CodeIgniter\Session\Handlers\FileHandler' driver.
INFO - 2025-05-26 16:31:16 --> Session: Class initialized using 'CodeIgniter\Session\Handlers\FileHandler' driver.
INFO - 2025-05-26 16:31:16 --> Session: Class initialized using 'CodeIgniter\Session\Handlers\FileHandler' driver.
INFO - 2025-05-26 16:31:18 --> Session: Class initialized using 'CodeIgniter\Session\Handlers\FileHandler' driver.
INFO - 2025-05-26 23:31:18 --> Session: Class initialized using 'CodeIgniter\Session\Handlers\FileHandler' driver.
